<?xml version="1.0" encoding="UTF-8"?>
<coverage generated="1743975029444" clover="3.2.0">
  <project timestamp="1743975029444" name="All files">
    <metrics statements="1100" coveredstatements="1082" conditionals="531" coveredconditionals="455" methods="244" coveredmethods="240" elements="1875" coveredelements="1777" complexity="0" loc="1100" ncloc="1100" packages="12" files="24" classes="24"/>
    <package name="api">
      <metrics statements="60" coveredstatements="60" conditionals="25" coveredconditionals="22" methods="11" coveredmethods="11"/>
      <file name="apiClient.ts" path="C:\repos\tune-trail-client\src\api\apiClient.ts">
        <metrics statements="60" coveredstatements="60" conditionals="25" coveredconditionals="22" methods="11" coveredmethods="11"/>
        <line num="13" count="18" type="stmt"/>
        <line num="26" count="18" type="stmt"/>
        <line num="31" count="30" type="stmt"/>
        <line num="32" count="30" type="stmt"/>
        <line num="33" count="30" type="stmt"/>
        <line num="36" count="18" type="stmt"/>
        <line num="43" count="18" type="stmt"/>
        <line num="44" count="18" type="stmt"/>
        <line num="46" count="18" type="cond" truecount="0" falsecount="1"/>
        <line num="47" count="5" type="stmt"/>
        <line num="48" count="3" type="cond" truecount="2" falsecount="0"/>
        <line num="49" count="1" type="stmt"/>
        <line num="51" count="2" type="stmt"/>
        <line num="55" count="5" type="stmt"/>
        <line num="58" count="18" type="stmt"/>
        <line num="60" count="1" type="stmt"/>
        <line num="61" count="1" type="cond" truecount="1" falsecount="1"/>
        <line num="62" count="1" type="stmt"/>
        <line num="64" count="1" type="cond" truecount="1" falsecount="1"/>
        <line num="65" count="1" type="stmt"/>
        <line num="67" count="1" type="stmt"/>
        <line num="70" count="1" type="stmt"/>
        <line num="74" count="18" type="stmt"/>
        <line num="76" count="2" type="cond" truecount="4" falsecount="0"/>
        <line num="77" count="1" type="stmt"/>
        <line num="83" count="2" type="stmt"/>
        <line num="86" count="14" type="stmt"/>
        <line num="88" count="14" type="cond" truecount="4" falsecount="0"/>
        <line num="89" count="9" type="stmt"/>
        <line num="91" count="9" type="cond" truecount="2" falsecount="0"/>
        <line num="92" count="1" type="stmt"/>
        <line num="95" count="8" type="cond" truecount="2" falsecount="0"/>
        <line num="96" count="3" type="stmt"/>
        <line num="97" count="3" type="stmt"/>
        <line num="99" count="2" type="stmt"/>
        <line num="100" count="2" type="stmt"/>
        <line num="102" count="1" type="stmt"/>
        <line num="106" count="5" type="stmt"/>
        <line num="107" count="5" type="stmt"/>
        <line num="109" count="5" type="stmt"/>
        <line num="110" count="5" type="stmt"/>
        <line num="116" count="3" type="stmt"/>
        <line num="117" count="3" type="stmt"/>
        <line num="118" count="3" type="stmt"/>
        <line num="120" count="3" type="stmt"/>
        <line num="121" count="3" type="stmt"/>
        <line num="123" count="3" type="stmt"/>
        <line num="124" count="3" type="stmt"/>
        <line num="126" count="2" type="stmt"/>
        <line num="127" count="2" type="stmt"/>
        <line num="129" count="2" type="stmt"/>
        <line num="130" count="2" type="stmt"/>
        <line num="132" count="5" type="stmt"/>
        <line num="136" count="5" type="cond" truecount="4" falsecount="0"/>
        <line num="137" count="2" type="stmt"/>
        <line num="140" count="2" type="cond" truecount="2" falsecount="0"/>
        <line num="141" count="1" type="stmt"/>
        <line num="143" count="2" type="stmt"/>
        <line num="146" count="2" type="stmt"/>
        <line num="153" count="5" type="stmt"/>
      </file>
    </package>
    <package name="app">
      <metrics statements="88" coveredstatements="88" conditionals="67" coveredconditionals="61" methods="19" coveredmethods="19"/>
      <file name="auth.tsx" path="C:\repos\tune-trail-client\src\app\auth.tsx">
        <metrics statements="79" coveredstatements="79" conditionals="62" coveredconditionals="56" methods="17" coveredmethods="17"/>
        <line num="11" count="1" type="stmt"/>
        <line num="12" count="7" type="cond" truecount="2" falsecount="0"/>
        <line num="13" count="3" type="cond" truecount="2" falsecount="0"/>
        <line num="14" count="2" type="cond" truecount="1" falsecount="1"/>
        <line num="15" count="2" type="cond" truecount="2" falsecount="0"/>
        <line num="16" count="1" type="stmt"/>
        <line num="19" count="1" type="stmt"/>
        <line num="20" count="7" type="cond" truecount="2" falsecount="0"/>
        <line num="21" count="3" type="cond" truecount="1" falsecount="1"/>
        <line num="22" count="3" type="cond" truecount="1" falsecount="1"/>
        <line num="23" count="3" type="cond" truecount="2" falsecount="0"/>
        <line num="24" count="2" type="cond" truecount="1" falsecount="1"/>
        <line num="25" count="2" type="cond" truecount="1" falsecount="1"/>
        <line num="26" count="2" type="cond" truecount="2" falsecount="0"/>
        <line num="27" count="1" type="stmt"/>
        <line num="31" count="61" type="stmt"/>
        <line num="32" count="61" type="stmt"/>
        <line num="34" count="61" type="stmt"/>
        <line num="35" count="61" type="stmt"/>
        <line num="36" count="61" type="stmt"/>
        <line num="37" count="61" type="stmt"/>
        <line num="38" count="61" type="stmt"/>
        <line num="39" count="61" type="stmt"/>
        <line num="40" count="61" type="stmt"/>
        <line num="41" count="61" type="stmt"/>
        <line num="43" count="61" type="cond" truecount="2" falsecount="0"/>
        <line num="44" count="61" type="cond" truecount="2" falsecount="0"/>
        <line num="45" count="61" type="stmt"/>
        <line num="46" count="61" type="stmt"/>
        <line num="47" count="61" type="cond" truecount="4" falsecount="0"/>
        <line num="49" count="61" type="stmt"/>
        <line num="50" count="36" type="cond" truecount="2" falsecount="0"/>
        <line num="53" count="61" type="stmt"/>
        <line num="54" count="4" type="cond" truecount="2" falsecount="0"/>
        <line num="55" count="1" type="stmt"/>
        <line num="56" count="1" type="stmt"/>
        <line num="57" count="1" type="stmt"/>
        <line num="59" count="3" type="stmt"/>
        <line num="62" count="61" type="stmt"/>
        <line num="63" count="4" type="stmt"/>
        <line num="64" count="4" type="stmt"/>
        <line num="66" count="4" type="stmt"/>
        <line num="67" count="4" type="stmt"/>
        <line num="68" count="1" type="stmt"/>
        <line num="69" count="1" type="stmt"/>
        <line num="71" count="3" type="stmt"/>
        <line num="73" count="4" type="stmt"/>
        <line num="76" count="61" type="stmt"/>
        <line num="77" count="2" type="stmt"/>
        <line num="78" count="2" type="stmt"/>
        <line num="80" count="2" type="stmt"/>
        <line num="81" count="2" type="stmt"/>
        <line num="82" count="1" type="stmt"/>
        <line num="83" count="1" type="stmt"/>
        <line num="85" count="1" type="stmt"/>
        <line num="87" count="2" type="stmt"/>
        <line num="90" count="61" type="stmt"/>
        <line num="91" count="1" type="stmt"/>
        <line num="94" count="61" type="stmt"/>
        <line num="95" count="2" type="stmt"/>
        <line num="98" count="61" type="stmt"/>
        <line num="99" count="2" type="stmt"/>
        <line num="100" count="2" type="stmt"/>
        <line num="101" count="2" type="stmt"/>
        <line num="102" count="1" type="stmt"/>
        <line num="103" count="1" type="stmt"/>
        <line num="105" count="2" type="stmt"/>
        <line num="108" count="61" type="stmt"/>
        <line num="109" count="21" type="cond" truecount="2" falsecount="0"/>
        <line num="110" count="2" type="cond" truecount="2" falsecount="0"/>
        <line num="111" count="1" type="stmt"/>
        <line num="113" count="1" type="stmt"/>
        <line num="118" count="61" type="stmt"/>
        <line num="124" count="3" type="stmt"/>
        <line num="140" count="4" type="stmt"/>
        <line num="152" count="4" type="stmt"/>
        <line num="167" count="4" type="stmt"/>
        <line num="198" count="1" type="stmt"/>
        <line num="205" count="1" type="stmt"/>
      </file>
      <file name="player.tsx" path="C:\repos\tune-trail-client\src\app\player.tsx">
        <metrics statements="9" coveredstatements="9" conditionals="5" coveredconditionals="5" methods="2" coveredmethods="2"/>
        <line num="9" count="1" type="stmt"/>
        <line num="10" count="8" type="stmt"/>
        <line num="12" count="8" type="stmt"/>
        <line num="14" count="8" type="cond" truecount="5" falsecount="0"/>
        <line num="16" count="5" type="stmt"/>
        <line num="68" count="1" type="stmt"/>
        <line num="69" count="5" type="stmt"/>
        <line num="71" count="5" type="stmt"/>
        <line num="89" count="1" type="stmt"/>
      </file>
    </package>
    <package name="app.(screens)">
      <metrics statements="12" coveredstatements="12" conditionals="4" coveredconditionals="4" methods="3" coveredmethods="3"/>
      <file name="index.tsx" path="C:\repos\tune-trail-client\src\app\(screens)\index.tsx">
        <metrics statements="12" coveredstatements="12" conditionals="4" coveredconditionals="4" methods="3" coveredmethods="3"/>
        <line num="11" count="1" type="stmt"/>
        <line num="12" count="10" type="stmt"/>
        <line num="13" count="10" type="stmt"/>
        <line num="14" count="10" type="stmt"/>
        <line num="16" count="10" type="stmt"/>
        <line num="17" count="10" type="stmt"/>
        <line num="18" count="10" type="stmt"/>
        <line num="20" count="10" type="stmt"/>
        <line num="21" count="1" type="stmt"/>
        <line num="24" count="10" type="stmt"/>
        <line num="43" count="1" type="stmt"/>
        <line num="89" count="1" type="stmt"/>
      </file>
    </package>
    <package name="app.(screens).localities">
      <metrics statements="46" coveredstatements="46" conditionals="37" coveredconditionals="29" methods="18" coveredmethods="18"/>
      <file name="[id].tsx" path="C:\repos\tune-trail-client\src\app\(screens)\localities\[id].tsx">
        <metrics statements="46" coveredstatements="46" conditionals="37" coveredconditionals="29" methods="18" coveredmethods="18"/>
        <line num="15" count="1" type="stmt"/>
        <line num="16" count="39" type="stmt"/>
        <line num="17" count="39" type="stmt"/>
        <line num="18" count="39" type="stmt"/>
        <line num="19" count="39" type="stmt"/>
        <line num="20" count="39" type="stmt"/>
        <line num="22" count="39" type="stmt"/>
        <line num="23" count="39" type="stmt"/>
        <line num="24" count="39" type="stmt"/>
        <line num="25" count="39" type="stmt"/>
        <line num="30" count="39" type="stmt"/>
        <line num="32" count="39" type="stmt"/>
        <line num="34" count="39" type="stmt"/>
        <line num="35" count="12" type="stmt"/>
        <line num="36" count="12" type="stmt"/>
        <line num="38" count="12" type="stmt"/>
        <line num="39" count="12" type="stmt"/>
        <line num="40" count="12" type="stmt"/>
        <line num="43" count="12" type="stmt"/>
        <line num="46" count="39" type="stmt"/>
        <line num="47" count="2" type="stmt"/>
        <line num="48" count="2" type="cond" truecount="1" falsecount="1"/>
        <line num="50" count="2" type="stmt"/>
        <line num="52" count="2" type="stmt"/>
        <line num="53" count="2" type="cond" truecount="1" falsecount="1"/>
        <line num="55" count="2" type="stmt"/>
        <line num="56" count="2" type="stmt"/>
        <line num="58" count="2" type="stmt"/>
        <line num="60" count="2" type="stmt"/>
        <line num="66" count="2" type="stmt"/>
        <line num="67" count="2" type="stmt"/>
        <line num="69" count="4" type="cond" truecount="2" falsecount="0"/>
        <line num="71" count="2" type="stmt"/>
        <line num="75" count="2" type="stmt"/>
        <line num="78" count="39" type="stmt"/>
        <line num="79" count="29" type="cond" truecount="2" falsecount="0"/>
        <line num="82" count="39" type="stmt"/>
        <line num="90" count="1" type="stmt"/>
        <line num="108" count="2" type="stmt"/>
        <line num="130" count="29" type="stmt"/>
        <line num="132" count="29" type="cond" truecount="2" falsecount="0"/>
        <line num="134" count="29" type="stmt"/>
        <line num="161" count="1" type="stmt"/>
        <line num="177" count="1" type="stmt"/>
        <line num="198" count="1" type="stmt"/>
        <line num="210" count="1" type="stmt"/>
      </file>
    </package>
    <package name="components.auth">
      <metrics statements="122" coveredstatements="121" conditionals="57" coveredconditionals="50" methods="29" coveredmethods="28"/>
      <file name="CompleteSpotifyModal.tsx" path="C:\repos\tune-trail-client\src\components\auth\CompleteSpotifyModal.tsx">
        <metrics statements="52" coveredstatements="52" conditionals="39" coveredconditionals="34" methods="11" coveredmethods="11"/>
        <line num="17" count="2" type="stmt"/>
        <line num="18" count="7" type="cond" truecount="1" falsecount="1"/>
        <line num="19" count="7" type="cond" truecount="2" falsecount="0"/>
        <line num="20" count="6" type="cond" truecount="1" falsecount="1"/>
        <line num="21" count="6" type="cond" truecount="2" falsecount="0"/>
        <line num="22" count="5" type="stmt"/>
        <line num="31" count="2" type="stmt"/>
        <line num="32" count="21" type="stmt"/>
        <line num="33" count="21" type="stmt"/>
        <line num="34" count="21" type="stmt"/>
        <line num="35" count="21" type="stmt"/>
        <line num="37" count="21" type="stmt"/>
        <line num="38" count="21" type="stmt"/>
        <line num="39" count="21" type="stmt"/>
        <line num="41" count="21" type="stmt"/>
        <line num="42" count="8" type="cond" truecount="2" falsecount="0"/>
        <line num="43" count="7" type="stmt"/>
        <line num="47" count="21" type="stmt"/>
        <line num="48" count="7" type="stmt"/>
        <line num="62" count="21" type="stmt"/>
        <line num="63" count="1" type="stmt"/>
        <line num="75" count="1" type="stmt"/>
        <line num="76" count="1" type="stmt"/>
        <line num="77" count="1" type="stmt"/>
        <line num="78" count="1" type="stmt"/>
        <line num="80" count="1" type="stmt"/>
        <line num="84" count="21" type="cond" truecount="2" falsecount="0"/>
        <line num="85" count="21" type="cond" truecount="2" falsecount="0"/>
        <line num="87" count="21" type="stmt"/>
        <line num="88" count="4" type="cond" truecount="1" falsecount="1"/>
        <line num="91" count="21" type="stmt"/>
        <line num="92" count="2" type="cond" truecount="2" falsecount="0"/>
        <line num="93" count="1" type="stmt"/>
        <line num="94" count="1" type="stmt"/>
        <line num="95" count="1" type="stmt"/>
        <line num="97" count="1" type="stmt"/>
        <line num="100" count="21" type="stmt"/>
        <line num="101" count="3" type="stmt"/>
        <line num="102" count="3" type="cond" truecount="1" falsecount="1"/>
        <line num="104" count="3" type="stmt"/>
        <line num="105" count="3" type="stmt"/>
        <line num="107" count="3" type="stmt"/>
        <line num="108" count="3" type="stmt"/>
        <line num="109" count="1" type="stmt"/>
        <line num="110" count="1" type="stmt"/>
        <line num="112" count="2" type="stmt"/>
        <line num="114" count="3" type="stmt"/>
        <line num="118" count="21" type="cond" truecount="2" falsecount="0"/>
        <line num="120" count="20" type="stmt"/>
        <line num="136" count="5" type="stmt"/>
        <line num="151" count="2" type="stmt"/>
        <line num="171" count="2" type="stmt"/>
      </file>
      <file name="SessionUnavailableModal.tsx" path="C:\repos\tune-trail-client\src\components\auth\SessionUnavailableModal.tsx">
        <metrics statements="19" coveredstatements="19" conditionals="4" coveredconditionals="4" methods="6" coveredmethods="6"/>
        <line num="19" count="2" type="stmt"/>
        <line num="20" count="6" type="stmt"/>
        <line num="22" count="6" type="stmt"/>
        <line num="23" count="6" type="stmt"/>
        <line num="24" count="6" type="stmt"/>
        <line num="26" count="6" type="stmt"/>
        <line num="27" count="6" type="cond" truecount="2" falsecount="0"/>
        <line num="28" count="5" type="stmt"/>
        <line num="32" count="6" type="stmt"/>
        <line num="33" count="5" type="stmt"/>
        <line num="47" count="6" type="stmt"/>
        <line num="48" count="3" type="stmt"/>
        <line num="59" count="3" type="stmt"/>
        <line num="62" count="6" type="stmt"/>
        <line num="63" count="1" type="stmt"/>
        <line num="64" count="1" type="stmt"/>
        <line num="67" count="6" type="cond" truecount="2" falsecount="0"/>
        <line num="69" count="5" type="stmt"/>
        <line num="97" count="2" type="stmt"/>
      </file>
      <file name="SpotifyAuthModal.tsx" path="C:\repos\tune-trail-client\src\components\auth\SpotifyAuthModal.tsx">
        <metrics statements="51" coveredstatements="50" conditionals="14" coveredconditionals="12" methods="12" coveredmethods="11"/>
        <line num="8" count="1" type="stmt"/>
        <line num="9" count="1" type="stmt"/>
        <line num="10" count="1" type="stmt"/>
        <line num="11" count="1" type="stmt"/>
        <line num="19" count="1" type="stmt"/>
        <line num="20" count="7" type="stmt"/>
        <line num="21" count="7" type="stmt"/>
        <line num="22" count="7" type="stmt"/>
        <line num="24" count="7" type="stmt"/>
        <line num="25" count="7" type="cond" truecount="2" falsecount="0"/>
        <line num="26" count="6" type="stmt"/>
        <line num="30" count="7" type="stmt"/>
        <line num="31" count="6" type="stmt"/>
        <line num="38" count="7" type="stmt"/>
        <line num="39" count="5" type="stmt"/>
        <line num="44" count="5" type="stmt"/>
        <line num="48" count="7" type="stmt"/>
        <line num="49" count="4" type="stmt"/>
        <line num="52" count="7" type="stmt"/>
        <line num="53" count="4" type="stmt"/>
        <line num="54" count="4" type="cond" truecount="1" falsecount="1"/>
        <line num="55" count="4" type="stmt"/>
        <line num="56" count="4" type="stmt"/>
        <line num="57" count="3" type="stmt"/>
        <line num="58" count="3" type="stmt"/>
        <line num="60" count="3" type="cond" truecount="2" falsecount="0"/>
        <line num="61" count="1" type="stmt"/>
        <line num="62" count="1" type="stmt"/>
        <line num="65" count="2" type="cond" truecount="2" falsecount="0"/>
        <line num="66" count="1" type="stmt"/>
        <line num="68" count="1" type="stmt"/>
        <line num="71" count="1" type="stmt"/>
        <line num="72" count="1" type="stmt"/>
        <line num="77" count="7" type="stmt"/>
        <line num="78" count="1" type="stmt"/>
        <line num="79" count="1" type="stmt"/>
        <line num="82" count="7" type="stmt"/>
        <line num="83" count="1" type="stmt"/>
        <line num="90" count="1" type="stmt"/>
        <line num="93" count="7" type="stmt"/>
        <line num="94" count="2" type="stmt"/>
        <line num="99" count="2" type="stmt"/>
        <line num="102" count="7" type="stmt"/>
        <line num="103" count="10" type="cond" truecount="2" falsecount="0"/>
        <line num="104" count="4" type="stmt"/>
        <line num="105" count="4" type="stmt"/>
        <line num="107" count="6" type="stmt"/>
        <line num="110" count="7" type="cond" truecount="2" falsecount="0"/>
        <line num="112" count="6" type="stmt"/>
        <line num="137" count="0" type="stmt"/>
        <line num="150" count="1" type="stmt"/>
      </file>
    </package>
    <package name="components.location">
      <metrics statements="19" coveredstatements="19" conditionals="8" coveredconditionals="8" methods="5" coveredmethods="5"/>
      <file name="LocationPermissionRequiredModal.tsx" path="C:\repos\tune-trail-client\src\components\location\LocationPermissionRequiredModal.tsx">
        <metrics statements="19" coveredstatements="19" conditionals="8" coveredconditionals="8" methods="5" coveredmethods="5"/>
        <line num="15" count="2" type="stmt"/>
        <line num="16" count="13" type="stmt"/>
        <line num="17" count="13" type="stmt"/>
        <line num="18" count="13" type="stmt"/>
        <line num="19" count="13" type="stmt"/>
        <line num="21" count="13" type="stmt"/>
        <line num="22" count="10" type="cond" truecount="2" falsecount="0"/>
        <line num="23" count="6" type="stmt"/>
        <line num="24" count="4" type="cond" truecount="4" falsecount="0"/>
        <line num="25" count="1" type="stmt"/>
        <line num="29" count="13" type="stmt"/>
        <line num="30" count="6" type="stmt"/>
        <line num="32" count="6" type="stmt"/>
        <line num="46" count="13" type="stmt"/>
        <line num="47" count="1" type="stmt"/>
        <line num="58" count="1" type="stmt"/>
        <line num="61" count="13" type="cond" truecount="2" falsecount="0"/>
        <line num="63" count="7" type="stmt"/>
        <line num="76" count="2" type="stmt"/>
      </file>
    </package>
    <package name="components.maps">
      <metrics statements="148" coveredstatements="145" conditionals="62" coveredconditionals="52" methods="36" coveredmethods="34"/>
      <file name="LocalityCluster.tsx" path="C:\repos\tune-trail-client\src\components\maps\LocalityCluster.tsx">
        <metrics statements="8" coveredstatements="8" conditionals="2" coveredconditionals="2" methods="3" coveredmethods="3"/>
        <line num="11" count="2" type="stmt"/>
        <line num="12" count="5" type="stmt"/>
        <line num="13" count="2" type="stmt"/>
        <line num="15" count="2" type="cond" truecount="2" falsecount="0"/>
        <line num="16" count="1" type="stmt"/>
        <line num="20" count="5" type="stmt"/>
        <line num="37" count="1" type="stmt"/>
        <line num="40" count="2" type="stmt"/>
      </file>
      <file name="LocalityMapView.tsx" path="C:\repos\tune-trail-client\src\components\maps\LocalityMapView.tsx">
        <metrics statements="113" coveredstatements="110" conditionals="46" coveredconditionals="36" methods="25" coveredmethods="23"/>
        <line num="38" count="1" type="stmt"/>
        <line num="39" count="1" type="stmt"/>
        <line num="40" count="1" type="stmt"/>
        <line num="42" count="1" type="stmt"/>
        <line num="44" count="1" type="stmt"/>
        <line num="46" count="1" type="stmt"/>
        <line num="47" count="1" type="stmt"/>
        <line num="49" count="1" type="stmt"/>
        <line num="51" count="1" type="stmt"/>
        <line num="52" count="11" type="stmt"/>
        <line num="53" count="11" type="stmt"/>
        <line num="54" count="11" type="stmt"/>
        <line num="57" count="1" type="stmt"/>
        <line num="58" count="11" type="stmt"/>
        <line num="59" count="11" type="cond" truecount="4" falsecount="0"/>
        <line num="60" count="9" type="stmt"/>
        <line num="62" count="2" type="stmt"/>
        <line num="65" count="1" type="stmt"/>
        <line num="66" count="1" type="stmt"/>
        <line num="72" count="1" type="stmt"/>
        <line num="76" count="10" type="stmt"/>
        <line num="78" count="10" type="stmt"/>
        <line num="79" count="0" type="stmt"/>
        <line num="80" count="0" type="stmt"/>
        <line num="83" count="10" type="stmt"/>
        <line num="84" count="10" type="stmt"/>
        <line num="85" count="10" type="stmt"/>
        <line num="88" count="10" type="stmt"/>
        <line num="91" count="1" type="stmt"/>
        <line num="92" count="12" type="stmt"/>
        <line num="95" count="1" type="stmt"/>
        <line num="96" count="27" type="stmt"/>
        <line num="97" count="27" type="stmt"/>
        <line num="98" count="27" type="stmt"/>
        <line num="100" count="27" type="stmt"/>
        <line num="101" count="27" type="stmt"/>
        <line num="102" count="27" type="stmt"/>
        <line num="108" count="27" type="stmt"/>
        <line num="110" count="27" type="stmt"/>
        <line num="111" count="27" type="stmt"/>
        <line num="113" count="27" type="stmt"/>
        <line num="114" count="14" type="stmt"/>
        <line num="117" count="27" type="stmt"/>
        <line num="118" count="23" type="stmt"/>
        <line num="121" count="27" type="stmt"/>
        <line num="122" count="23" type="cond" truecount="4" falsecount="0"/>
        <line num="123" count="13" type="stmt"/>
        <line num="130" count="13" type="stmt"/>
        <line num="131" count="8" type="cond" truecount="2" falsecount="0"/>
        <line num="132" count="1" type="stmt"/>
        <line num="133" count="1" type="stmt"/>
        <line num="134" count="1" type="stmt"/>
        <line num="135" count="1" type="stmt"/>
        <line num="139" count="13" type="stmt"/>
        <line num="143" count="27" type="stmt"/>
        <line num="145" count="1" type="cond" truecount="1" falsecount="1"/>
        <line num="146" count="1" type="stmt"/>
        <line num="152" count="1" type="stmt"/>
        <line num="153" count="1" type="stmt"/>
        <line num="158" count="27" type="stmt"/>
        <line num="159" count="12" type="stmt"/>
        <line num="160" count="12" type="stmt"/>
        <line num="162" count="12" type="cond" truecount="2" falsecount="0"/>
        <line num="163" count="11" type="stmt"/>
        <line num="170" count="11" type="stmt"/>
        <line num="171" count="11" type="stmt"/>
        <line num="172" count="11" type="stmt"/>
        <line num="174" count="11" type="stmt"/>
        <line num="175" count="15" type="stmt"/>
        <line num="176" count="25" type="stmt"/>
        <line num="177" count="25" type="stmt"/>
        <line num="178" count="25" type="stmt"/>
        <line num="179" count="25" type="stmt"/>
        <line num="181" count="25" type="cond" truecount="1" falsecount="1"/>
        <line num="187" count="25" type="stmt"/>
        <line num="197" count="11" type="stmt"/>
        <line num="198" count="11" type="stmt"/>
        <line num="199" count="11" type="stmt"/>
        <line num="200" count="11" type="stmt"/>
        <line num="202" count="11" type="cond" truecount="2" falsecount="0"/>
        <line num="203" count="9" type="stmt"/>
        <line num="204" count="2" type="cond" truecount="1" falsecount="1"/>
        <line num="205" count="1" type="stmt"/>
        <line num="206" count="1" type="stmt"/>
        <line num="208" count="1" type="stmt"/>
        <line num="211" count="1" type="stmt"/>
        <line num="212" count="1" type="stmt"/>
        <line num="215" count="0" type="stmt"/>
        <line num="218" count="1" type="stmt"/>
        <line num="219" count="1" type="stmt"/>
        <line num="224" count="1" type="stmt"/>
        <line num="227" count="1" type="stmt"/>
        <line num="231" count="27" type="stmt"/>
        <line num="233" count="27" type="stmt"/>
        <line num="244" count="11" type="stmt"/>
        <line num="245" count="11" type="stmt"/>
        <line num="247" count="11" type="cond" truecount="1" falsecount="1"/>
        <line num="249" count="11" type="cond" truecount="3" falsecount="1"/>
        <line num="254" count="11" type="cond" truecount="1" falsecount="1"/>
        <line num="255" count="11" type="stmt"/>
        <line num="259" count="11" type="stmt"/>
        <line num="260" count="11" type="stmt"/>
        <line num="265" count="10" type="cond" truecount="2" falsecount="0"/>
        <line num="266" count="9" type="cond" truecount="1" falsecount="4"/>
        <line num="267" count="9" type="stmt"/>
        <line num="269" count="1" type="stmt"/>
        <line num="272" count="1" type="stmt"/>
        <line num="273" count="1" type="stmt"/>
        <line num="304" count="2" type="stmt"/>
        <line num="305" count="2" type="stmt"/>
        <line num="311" count="2" type="stmt"/>
        <line num="332" count="4" type="cond" truecount="2" falsecount="0"/>
        <line num="344" count="1" type="stmt"/>
      </file>
      <file name="LocalityMarker.tsx" path="C:\repos\tune-trail-client\src\components\maps\LocalityMarker.tsx">
        <metrics statements="10" coveredstatements="10" conditionals="8" coveredconditionals="8" methods="3" coveredmethods="3"/>
        <line num="11" count="2" type="stmt"/>
        <line num="12" count="5" type="stmt"/>
        <line num="13" count="5" type="stmt"/>
        <line num="14" count="5" type="cond" truecount="2" falsecount="0"/>
        <line num="16" count="5" type="cond" truecount="2" falsecount="0"/>
        <line num="20" count="5" type="cond" truecount="2" falsecount="0"/>
        <line num="24" count="5" type="stmt"/>
        <line num="28" count="1" type="stmt"/>
        <line num="55" count="1" type="stmt"/>
        <line num="58" count="2" type="stmt"/>
      </file>
      <file name="RadiusSlider.tsx" path="C:\repos\tune-trail-client\src\components\maps\RadiusSlider.tsx">
        <metrics statements="17" coveredstatements="17" conditionals="6" coveredconditionals="6" methods="5" coveredmethods="5"/>
        <line num="8" count="1" type="stmt"/>
        <line num="9" count="8" type="stmt"/>
        <line num="11" count="8" type="stmt"/>
        <line num="13" count="8" type="stmt"/>
        <line num="14" count="8" type="stmt"/>
        <line num="15" count="8" type="stmt"/>
        <line num="17" count="8" type="stmt"/>
        <line num="18" count="8" type="stmt"/>
        <line num="20" count="8" type="stmt"/>
        <line num="21" count="4" type="stmt"/>
        <line num="34" count="4" type="stmt"/>
        <line num="37" count="8" type="stmt"/>
        <line num="50" count="1" type="stmt"/>
        <line num="51" count="1" type="stmt"/>
        <line num="58" count="8" type="stmt"/>
        <line num="60" count="8" type="stmt"/>
        <line num="71" count="1" type="stmt"/>
      </file>
    </package>
    <package name="components.player">
      <metrics statements="83" coveredstatements="83" conditionals="52" coveredconditionals="45" methods="27" coveredmethods="27"/>
      <file name="FloatingPlayer.tsx" path="C:\repos\tune-trail-client\src\components\player\FloatingPlayer.tsx">
        <metrics statements="23" coveredstatements="23" conditionals="22" coveredconditionals="16" methods="6" coveredmethods="6"/>
        <line num="19" count="1" type="stmt"/>
        <line num="20" count="12" type="stmt"/>
        <line num="21" count="12" type="stmt"/>
        <line num="22" count="12" type="stmt"/>
        <line num="23" count="12" type="stmt"/>
        <line num="25" count="12" type="cond" truecount="2" falsecount="0"/>
        <line num="27" count="12" type="stmt"/>
        <line num="28" count="9" type="cond" truecount="2" falsecount="0"/>
        <line num="29" count="6" type="stmt"/>
        <line num="30" count="6" type="stmt"/>
        <line num="36" count="3" type="stmt"/>
        <line num="41" count="3" type="stmt"/>
        <line num="46" count="12" type="stmt"/>
        <line num="51" count="12" type="stmt"/>
        <line num="56" count="12" type="stmt"/>
        <line num="57" count="1" type="cond" truecount="1" falsecount="1"/>
        <line num="58" count="1" type="stmt"/>
        <line num="67" count="12" type="stmt"/>
        <line num="76" count="2" type="stmt"/>
        <line num="77" count="2" type="stmt"/>
        <line num="78" count="2" type="stmt"/>
        <line num="119" count="1" type="stmt"/>
        <line num="164" count="1" type="stmt"/>
      </file>
      <file name="PlayerControls.tsx" path="C:\repos\tune-trail-client\src\components\player\PlayerControls.tsx">
        <metrics statements="26" coveredstatements="26" conditionals="19" coveredconditionals="19" methods="9" coveredmethods="9"/>
        <line num="16" count="3" type="stmt"/>
        <line num="17" count="2" type="stmt"/>
        <line num="30" count="3" type="stmt"/>
        <line num="31" count="2" type="stmt"/>
        <line num="44" count="3" type="cond" truecount="1" falsecount="0"/>
        <line num="45" count="12" type="stmt"/>
        <line num="47" count="12" type="stmt"/>
        <line num="54" count="3" type="cond" truecount="1" falsecount="0"/>
        <line num="55" count="5" type="stmt"/>
        <line num="57" count="5" type="stmt"/>
        <line num="64" count="3" type="cond" truecount="1" falsecount="0"/>
        <line num="65" count="5" type="stmt"/>
        <line num="67" count="5" type="stmt"/>
        <line num="74" count="3" type="stmt"/>
        <line num="75" count="4" type="stmt"/>
        <line num="76" count="4" type="stmt"/>
        <line num="78" count="4" type="cond" truecount="2" falsecount="0"/>
        <line num="80" count="3" type="stmt"/>
        <line num="82" count="1" type="stmt"/>
        <line num="101" count="3" type="cond" truecount="1" falsecount="0"/>
        <line num="102" count="5" type="stmt"/>
        <line num="104" count="5" type="stmt"/>
        <line num="111" count="3" type="cond" truecount="1" falsecount="0"/>
        <line num="112" count="5" type="stmt"/>
        <line num="114" count="5" type="stmt"/>
        <line num="121" count="3" type="stmt"/>
      </file>
      <file name="PlayerProgressBar.tsx" path="C:\repos\tune-trail-client\src\components\player\PlayerProgressBar.tsx">
        <metrics statements="26" coveredstatements="26" conditionals="9" coveredconditionals="8" methods="8" coveredmethods="8"/>
        <line num="12" count="3" type="cond" truecount="1" falsecount="0"/>
        <line num="13" count="13" type="stmt"/>
        <line num="15" count="13" type="stmt"/>
        <line num="16" count="13" type="stmt"/>
        <line num="17" count="13" type="stmt"/>
        <line num="19" count="13" type="stmt"/>
        <line num="20" count="19" type="cond" truecount="4" falsecount="0"/>
        <line num="21" count="1" type="stmt"/>
        <line num="23" count="18" type="stmt"/>
        <line num="26" count="13" type="stmt"/>
        <line num="27" count="26" type="stmt"/>
        <line num="28" count="26" type="stmt"/>
        <line num="30" count="26" type="stmt"/>
        <line num="31" count="26" type="stmt"/>
        <line num="33" count="26" type="stmt"/>
        <line num="36" count="13" type="stmt"/>
        <line num="37" count="13" type="stmt"/>
        <line num="39" count="13" type="stmt"/>
        <line num="43" count="19" type="stmt"/>
        <line num="53" count="6" type="stmt"/>
        <line num="59" count="1" type="stmt"/>
        <line num="61" count="1" type="stmt"/>
        <line num="63" count="1" type="cond" truecount="1" falsecount="1"/>
        <line num="65" count="1" type="stmt"/>
        <line num="66" count="1" type="stmt"/>
        <line num="81" count="3" type="stmt"/>
      </file>
      <file name="PlayerVolumeBar.tsx" path="C:\repos\tune-trail-client\src\components\player\PlayerVolumeBar.tsx">
        <metrics statements="8" coveredstatements="8" conditionals="2" coveredconditionals="2" methods="4" coveredmethods="4"/>
        <line num="9" count="2" type="stmt"/>
        <line num="10" count="4" type="stmt"/>
        <line num="12" count="4" type="cond" truecount="2" falsecount="0"/>
        <line num="13" count="4" type="stmt"/>
        <line num="14" count="4" type="stmt"/>
        <line num="16" count="4" type="stmt"/>
        <line num="27" count="1" type="stmt"/>
        <line num="29" count="4" type="stmt"/>
      </file>
    </package>
    <package name="components.tracks">
      <metrics statements="69" coveredstatements="69" conditionals="39" coveredconditionals="32" methods="16" coveredmethods="16"/>
      <file name="SearchTracksModal.tsx" path="C:\repos\tune-trail-client\src\components\tracks\SearchTracksModal.tsx">
        <metrics statements="69" coveredstatements="69" conditionals="39" coveredconditionals="32" methods="16" coveredmethods="16"/>
        <line num="35" count="1" type="stmt"/>
        <line num="36" count="34" type="stmt"/>
        <line num="38" count="34" type="stmt"/>
        <line num="39" count="34" type="stmt"/>
        <line num="40" count="34" type="stmt"/>
        <line num="41" count="34" type="stmt"/>
        <line num="42" count="34" type="stmt"/>
        <line num="43" count="34" type="stmt"/>
        <line num="45" count="34" type="stmt"/>
        <line num="46" count="34" type="stmt"/>
        <line num="48" count="34" type="stmt"/>
        <line num="49" count="8" type="cond" truecount="1" falsecount="1"/>
        <line num="51" count="8" type="stmt"/>
        <line num="52" count="8" type="cond" truecount="1" falsecount="1"/>
        <line num="54" count="8" type="stmt"/>
        <line num="55" count="8" type="stmt"/>
        <line num="60" count="7" type="stmt"/>
        <line num="62" count="6" type="stmt"/>
        <line num="63" count="6" type="stmt"/>
        <line num="64" count="6" type="stmt"/>
        <line num="66" count="2" type="stmt"/>
        <line num="68" count="6" type="stmt"/>
        <line num="71" count="34" type="stmt"/>
        <line num="72" count="3" type="stmt"/>
        <line num="74" count="3" type="stmt"/>
        <line num="76" count="3" type="stmt"/>
        <line num="77" count="3" type="stmt"/>
        <line num="78" count="2" type="stmt"/>
        <line num="79" count="2" type="stmt"/>
        <line num="81" count="1" type="stmt"/>
        <line num="85" count="34" type="stmt"/>
        <line num="86" count="10" type="cond" truecount="2" falsecount="0"/>
        <line num="87" count="10" type="stmt"/>
        <line num="88" count="10" type="stmt"/>
        <line num="89" count="10" type="stmt"/>
        <line num="92" count="34" type="stmt"/>
        <line num="93" count="2" type="stmt"/>
        <line num="94" count="2" type="stmt"/>
        <line num="97" count="34" type="stmt"/>
        <line num="98" count="8" type="stmt"/>
        <line num="99" count="8" type="stmt"/>
        <line num="101" count="8" type="cond" truecount="2" falsecount="0"/>
        <line num="102" count="1" type="stmt"/>
        <line num="106" count="34" type="stmt"/>
        <line num="107" count="19" type="cond" truecount="2" falsecount="0"/>
        <line num="108" count="7" type="stmt"/>
        <line num="112" count="34" type="stmt"/>
        <line num="113" count="34" type="stmt"/>
        <line num="115" count="34" type="stmt"/>
        <line num="116" count="34" type="stmt"/>
        <line num="118" count="34" type="stmt"/>
        <line num="119" count="10" type="cond" truecount="4" falsecount="0"/>
        <line num="120" count="8" type="stmt"/>
        <line num="122" count="2" type="stmt"/>
        <line num="126" count="34" type="stmt"/>
        <line num="127" count="8" type="stmt"/>
        <line num="141" count="34" type="stmt"/>
        <line num="142" count="2" type="stmt"/>
        <line num="154" count="2" type="stmt"/>
        <line num="155" count="2" type="stmt"/>
        <line num="156" count="2" type="stmt"/>
        <line num="160" count="34" type="cond" truecount="4" falsecount="0"/>
        <line num="162" count="32" type="stmt"/>
        <line num="211" count="8" type="stmt"/>
        <line num="213" count="8" type="stmt"/>
        <line num="236" count="3" type="stmt"/>
        <line num="253" count="1" type="cond" truecount="3" falsecount="1"/>
        <line num="254" count="1" type="stmt"/>
        <line num="265" count="1" type="stmt"/>
      </file>
    </package>
    <package name="components.user">
      <metrics statements="50" coveredstatements="50" conditionals="26" coveredconditionals="19" methods="11" coveredmethods="11"/>
      <file name="UserSidebar.tsx" path="C:\repos\tune-trail-client\src\components\user\UserSidebar.tsx">
        <metrics statements="50" coveredstatements="50" conditionals="26" coveredconditionals="19" methods="11" coveredmethods="11"/>
        <line num="15" count="1" type="stmt"/>
        <line num="16" count="23" type="stmt"/>
        <line num="17" count="23" type="stmt"/>
        <line num="18" count="23" type="stmt"/>
        <line num="19" count="23" type="stmt"/>
        <line num="20" count="23" type="stmt"/>
        <line num="22" count="23" type="stmt"/>
        <line num="23" count="23" type="stmt"/>
        <line num="24" count="23" type="stmt"/>
        <line num="26" count="23" type="stmt"/>
        <line num="27" count="15" type="cond" truecount="2" falsecount="0"/>
        <line num="28" count="14" type="stmt"/>
        <line num="32" count="23" type="stmt"/>
        <line num="33" count="14" type="stmt"/>
        <line num="47" count="23" type="stmt"/>
        <line num="48" count="1" type="cond" truecount="1" falsecount="1"/>
        <line num="50" count="1" type="stmt"/>
        <line num="62" count="1" type="stmt"/>
        <line num="66" count="23" type="stmt"/>
        <line num="67" count="1" type="stmt"/>
        <line num="70" count="23" type="stmt"/>
        <line num="71" count="2" type="stmt"/>
        <line num="72" count="2" type="stmt"/>
        <line num="74" count="2" type="stmt"/>
        <line num="75" count="2" type="stmt"/>
        <line num="78" count="2" type="stmt"/>
        <line num="79" count="2" type="stmt"/>
        <line num="80" count="2" type="stmt"/>
        <line num="81" count="2" type="stmt"/>
        <line num="84" count="23" type="stmt"/>
        <line num="85" count="2" type="stmt"/>
        <line num="86" count="2" type="stmt"/>
        <line num="87" count="2" type="stmt"/>
        <line num="88" count="2" type="stmt"/>
        <line num="89" count="1" type="stmt"/>
        <line num="91" count="2" type="stmt"/>
        <line num="92" count="2" type="stmt"/>
        <line num="95" count="23" type="stmt"/>
        <line num="96" count="2" type="stmt"/>
        <line num="97" count="2" type="stmt"/>
        <line num="99" count="2" type="stmt"/>
        <line num="100" count="2" type="stmt"/>
        <line num="101" count="1" type="stmt"/>
        <line num="103" count="2" type="stmt"/>
        <line num="104" count="2" type="stmt"/>
        <line num="107" count="23" type="cond" truecount="2" falsecount="0"/>
        <line num="109" count="22" type="stmt"/>
        <line num="159" count="2" type="stmt"/>
        <line num="203" count="2" type="stmt"/>
        <line num="209" count="1" type="stmt"/>
      </file>
    </package>
    <package name="context">
      <metrics statements="392" coveredstatements="378" conditionals="150" coveredconditionals="129" methods="66" coveredmethods="65"/>
      <file name="AuthContext.tsx" path="C:\repos\tune-trail-client\src\context\AuthContext.tsx">
        <metrics statements="45" coveredstatements="45" conditionals="34" coveredconditionals="32" methods="12" coveredmethods="12"/>
        <line num="20" count="2" type="stmt"/>
        <line num="22" count="2" type="stmt"/>
        <line num="23" count="42" type="stmt"/>
        <line num="24" count="42" type="stmt"/>
        <line num="25" count="42" type="stmt"/>
        <line num="26" count="42" type="stmt"/>
        <line num="27" count="42" type="stmt"/>
        <line num="29" count="42" type="stmt"/>
        <line num="30" count="42" type="cond" truecount="2" falsecount="0"/>
        <line num="32" count="42" type="stmt"/>
        <line num="33" count="11" type="stmt"/>
        <line num="34" count="11" type="stmt"/>
        <line num="35" count="11" type="stmt"/>
        <line num="36" count="11" type="cond" truecount="4" falsecount="0"/>
        <line num="37" count="2" type="stmt"/>
        <line num="38" count="2" type="stmt"/>
        <line num="40" count="11" type="stmt"/>
        <line num="42" count="11" type="stmt"/>
        <line num="45" count="42" type="stmt"/>
        <line num="46" count="24" type="cond" truecount="4" falsecount="0"/>
        <line num="47" count="1" type="stmt"/>
        <line num="49" count="23" type="stmt"/>
        <line num="53" count="42" type="stmt"/>
        <line num="54" count="10" type="cond" truecount="2" falsecount="0"/>
        <line num="55" count="1" type="stmt"/>
        <line num="56" count="1" type="stmt"/>
        <line num="59" count="10" type="stmt"/>
        <line num="60" count="10" type="stmt"/>
        <line num="68" count="10" type="stmt"/>
        <line num="70" count="10" type="stmt"/>
        <line num="74" count="42" type="stmt"/>
        <line num="75" count="1" type="stmt"/>
        <line num="76" count="1" type="stmt"/>
        <line num="77" count="1" type="stmt"/>
        <line num="78" count="1" type="stmt"/>
        <line num="81" count="42" type="stmt"/>
        <line num="82" count="1" type="stmt"/>
        <line num="85" count="42" type="stmt"/>
        <line num="100" count="1" type="stmt"/>
        <line num="101" count="1" type="stmt"/>
        <line num="106" count="2" type="stmt"/>
        <line num="107" count="32" type="stmt"/>
        <line num="108" count="32" type="cond" truecount="2" falsecount="0"/>
        <line num="109" count="2" type="stmt"/>
        <line num="111" count="30" type="stmt"/>
      </file>
      <file name="LocationContext.tsx" path="C:\repos\tune-trail-client\src\context\LocationContext.tsx">
        <metrics statements="24" coveredstatements="24" conditionals="6" coveredconditionals="5" methods="7" coveredmethods="7"/>
        <line num="13" count="2" type="stmt"/>
        <line num="15" count="2" type="stmt"/>
        <line num="16" count="16" type="stmt"/>
        <line num="17" count="16" type="stmt"/>
        <line num="19" count="16" type="stmt"/>
        <line num="20" count="8" type="stmt"/>
        <line num="21" count="8" type="stmt"/>
        <line num="23" count="8" type="stmt"/>
        <line num="25" count="8" type="cond" truecount="2" falsecount="0"/>
        <line num="26" count="6" type="stmt"/>
        <line num="28" count="6" type="stmt"/>
        <line num="30" count="1" type="stmt"/>
        <line num="35" count="16" type="stmt"/>
        <line num="36" count="7" type="stmt"/>
        <line num="38" count="7" type="stmt"/>
        <line num="39" count="1" type="cond" truecount="1" falsecount="1"/>
        <line num="40" count="1" type="stmt"/>
        <line num="44" count="7" type="stmt"/>
        <line num="47" count="16" type="stmt"/>
        <line num="57" count="2" type="stmt"/>
        <line num="58" count="15" type="stmt"/>
        <line num="59" count="15" type="cond" truecount="2" falsecount="0"/>
        <line num="60" count="2" type="stmt"/>
        <line num="62" count="13" type="stmt"/>
      </file>
      <file name="PlayerContext.tsx" path="C:\repos\tune-trail-client\src\context\PlayerContext.tsx">
        <metrics statements="309" coveredstatements="295" conditionals="108" coveredconditionals="90" methods="41" coveredmethods="40"/>
        <line num="49" count="2" type="stmt"/>
        <line num="51" count="2" type="stmt"/>
        <line num="52" count="2" type="stmt"/>
        <line num="53" count="2" type="stmt"/>
        <line num="54" count="2" type="stmt"/>
        <line num="57" count="2" type="stmt"/>
        <line num="58" count="35" type="stmt"/>
        <line num="59" count="97" type="stmt"/>
        <line num="68" count="2" type="stmt"/>
        <line num="69" count="23" type="stmt"/>
        <line num="70" count="23" type="stmt"/>
        <line num="71" count="11" type="stmt"/>
        <line num="73" count="23" type="stmt"/>
        <line num="76" count="2" type="stmt"/>
        <line num="77" count="34" type="cond" truecount="2" falsecount="0"/>
        <line num="79" count="3" type="stmt"/>
        <line num="80" count="3" type="stmt"/>
        <line num="81" count="2" type="stmt"/>
        <line num="83" count="3" type="cond" truecount="2" falsecount="0"/>
        <line num="86" count="1" type="stmt"/>
        <line num="89" count="2" type="stmt"/>
        <line num="90" count="110" type="stmt"/>
        <line num="91" count="110" type="stmt"/>
        <line num="92" count="110" type="stmt"/>
        <line num="93" count="110" type="stmt"/>
        <line num="95" count="110" type="stmt"/>
        <line num="96" count="110" type="stmt"/>
        <line num="97" count="110" type="stmt"/>
        <line num="98" count="110" type="stmt"/>
        <line num="99" count="110" type="stmt"/>
        <line num="100" count="110" type="stmt"/>
        <line num="102" count="110" type="stmt"/>
        <line num="103" count="110" type="stmt"/>
        <line num="104" count="110" type="stmt"/>
        <line num="105" count="110" type="stmt"/>
        <line num="107" count="110" type="cond" truecount="2" falsecount="0"/>
        <line num="108" count="110" type="cond" truecount="2" falsecount="0"/>
        <line num="110" count="126" type="stmt"/>
        <line num="111" count="110" type="stmt"/>
        <line num="112" count="110" type="stmt"/>
        <line num="114" count="110" type="stmt"/>
        <line num="115" count="40" type="cond" truecount="2" falsecount="0"/>
        <line num="116" count="40" type="cond" truecount="2" falsecount="0"/>
        <line num="119" count="110" type="stmt"/>
        <line num="120" count="40" type="stmt"/>
        <line num="121" count="40" type="stmt"/>
        <line num="122" count="40" type="stmt"/>
        <line num="123" count="40" type="stmt"/>
        <line num="124" count="40" type="stmt"/>
        <line num="125" count="40" type="stmt"/>
        <line num="126" count="40" type="stmt"/>
        <line num="129" count="110" type="stmt"/>
        <line num="130" count="37" type="stmt"/>
        <line num="131" count="37" type="stmt"/>
        <line num="132" count="37" type="stmt"/>
        <line num="134" count="37" type="stmt"/>
        <line num="135" count="36" type="stmt"/>
        <line num="137" count="36" type="cond" truecount="1" falsecount="1"/>
        <line num="138" count="0" type="stmt"/>
        <line num="139" count="0" type="stmt"/>
        <line num="142" count="36" type="cond" truecount="5" falsecount="0"/>
        <line num="143" count="2" type="stmt"/>
        <line num="145" count="2" type="stmt"/>
        <line num="151" count="2" type="stmt"/>
        <line num="153" count="2" type="stmt"/>
        <line num="154" count="2" type="stmt"/>
        <line num="156" count="2" type="cond" truecount="2" falsecount="0"/>
        <line num="157" count="1" type="stmt"/>
        <line num="158" count="1" type="stmt"/>
        <line num="161" count="1" type="stmt"/>
        <line num="162" count="1" type="cond" truecount="1" falsecount="1"/>
        <line num="163" count="0" type="stmt"/>
        <line num="167" count="1" type="stmt"/>
        <line num="168" count="1" type="stmt"/>
        <line num="169" count="1" type="stmt"/>
        <line num="171" count="1" type="stmt"/>
        <line num="174" count="34" type="stmt"/>
        <line num="179" count="34" type="cond" truecount="4" falsecount="0"/>
        <line num="180" count="2" type="stmt"/>
        <line num="182" count="2" type="stmt"/>
        <line num="183" count="2" type="stmt"/>
        <line num="185" count="2" type="stmt"/>
        <line num="186" count="2" type="stmt"/>
        <line num="188" count="2" type="stmt"/>
        <line num="190" count="2" type="stmt"/>
        <line num="191" count="2" type="stmt"/>
        <line num="193" count="2" type="cond" truecount="2" falsecount="0"/>
        <line num="194" count="1" type="stmt"/>
        <line num="195" count="1" type="stmt"/>
        <line num="197" count="1" type="stmt"/>
        <line num="198" count="0" type="stmt"/>
        <line num="201" count="1" type="cond" truecount="1" falsecount="1"/>
        <line num="202" count="0" type="stmt"/>
        <line num="204" count="1" type="cond" truecount="1" falsecount="1"/>
        <line num="205" count="0" type="stmt"/>
        <line num="208" count="1" type="stmt"/>
        <line num="209" count="1" type="stmt"/>
        <line num="210" count="1" type="stmt"/>
        <line num="211" count="1" type="stmt"/>
        <line num="215" count="33" type="cond" truecount="4" falsecount="0"/>
        <line num="216" count="2" type="stmt"/>
        <line num="218" count="2" type="stmt"/>
        <line num="224" count="2" type="stmt"/>
        <line num="226" count="2" type="stmt"/>
        <line num="227" count="2" type="stmt"/>
        <line num="229" count="2" type="stmt"/>
        <line num="230" count="1" type="cond" truecount="1" falsecount="1"/>
        <line num="231" count="0" type="stmt"/>
        <line num="235" count="2" type="stmt"/>
        <line num="236" count="2" type="stmt"/>
        <line num="238" count="2" type="stmt"/>
        <line num="239" count="2" type="stmt"/>
        <line num="240" count="2" type="stmt"/>
        <line num="241" count="2" type="stmt"/>
        <line num="244" count="31" type="cond" truecount="1" falsecount="1"/>
        <line num="245" count="31" type="stmt"/>
        <line num="247" count="31" type="stmt"/>
        <line num="248" count="31" type="stmt"/>
        <line num="249" count="31" type="stmt"/>
        <line num="250" count="31" type="stmt"/>
        <line num="251" count="31" type="stmt"/>
        <line num="252" count="31" type="stmt"/>
        <line num="254" count="31" type="stmt"/>
        <line num="255" count="31" type="stmt"/>
        <line num="256" count="31" type="stmt"/>
        <line num="257" count="31" type="stmt"/>
        <line num="260" count="0" type="stmt"/>
        <line num="262" count="1" type="stmt"/>
        <line num="263" count="1" type="stmt"/>
        <line num="264" count="1" type="stmt"/>
        <line num="268" count="110" type="stmt"/>
        <line num="269" count="32" type="cond" truecount="3" falsecount="1"/>
        <line num="270" count="32" type="stmt"/>
        <line num="272" count="32" type="stmt"/>
        <line num="273" count="32" type="stmt"/>
        <line num="274" count="32" type="cond" truecount="2" falsecount="0"/>
        <line num="275" count="1" type="stmt"/>
        <line num="276" count="1" type="stmt"/>
        <line num="281" count="1" type="stmt"/>
        <line num="284" count="31" type="stmt"/>
        <line num="286" count="31" type="stmt"/>
        <line num="287" count="2" type="cond" truecount="1" falsecount="1"/>
        <line num="292" count="0" type="stmt"/>
        <line num="293" count="0" type="stmt"/>
        <line num="298" count="0" type="stmt"/>
        <line num="299" count="0" type="stmt"/>
        <line num="300" count="0" type="cond" truecount="0" falsecount="2"/>
        <line num="301" count="0" type="stmt"/>
        <line num="313" count="110" type="stmt"/>
        <line num="314" count="34" type="cond" truecount="2" falsecount="0"/>
        <line num="315" count="2" type="stmt"/>
        <line num="317" count="32" type="stmt"/>
        <line num="321" count="110" type="stmt"/>
        <line num="322" count="3" type="stmt"/>
        <line num="323" count="3" type="stmt"/>
        <line num="324" count="3" type="cond" truecount="2" falsecount="0"/>
        <line num="325" count="3" type="stmt"/>
        <line num="326" count="1" type="stmt"/>
        <line num="327" count="1" type="stmt"/>
        <line num="332" count="1" type="stmt"/>
        <line num="336" count="110" type="stmt"/>
        <line num="337" count="2" type="stmt"/>
        <line num="338" count="2" type="stmt"/>
        <line num="339" count="2" type="cond" truecount="1" falsecount="1"/>
        <line num="342" count="110" type="stmt"/>
        <line num="343" count="1" type="stmt"/>
        <line num="344" count="1" type="stmt"/>
        <line num="347" count="110" type="stmt"/>
        <line num="348" count="1" type="stmt"/>
        <line num="349" count="1" type="stmt"/>
        <line num="350" count="1" type="stmt"/>
        <line num="353" count="110" type="stmt"/>
        <line num="354" count="11" type="stmt"/>
        <line num="355" count="11" type="stmt"/>
        <line num="356" count="11" type="stmt"/>
        <line num="357" count="11" type="cond" truecount="1" falsecount="1"/>
        <line num="359" count="11" type="cond" truecount="2" falsecount="0"/>
        <line num="360" count="7" type="stmt"/>
        <line num="361" count="7" type="stmt"/>
        <line num="362" count="7" type="stmt"/>
        <line num="363" count="6" type="stmt"/>
        <line num="364" count="4" type="cond" truecount="2" falsecount="0"/>
        <line num="365" count="3" type="stmt"/>
        <line num="367" count="1" type="stmt"/>
        <line num="368" count="1" type="stmt"/>
        <line num="369" count="1" type="stmt"/>
        <line num="372" count="1" type="stmt"/>
        <line num="373" count="1" type="stmt"/>
        <line num="378" count="1" type="stmt"/>
        <line num="382" count="110" type="stmt"/>
        <line num="383" count="4" type="stmt"/>
        <line num="384" count="4" type="stmt"/>
        <line num="385" count="4" type="cond" truecount="2" falsecount="0"/>
        <line num="386" count="1" type="stmt"/>
        <line num="387" count="1" type="stmt"/>
        <line num="388" count="1" type="stmt"/>
        <line num="389" count="1" type="stmt"/>
        <line num="390" count="3" type="cond" truecount="2" falsecount="0"/>
        <line num="391" count="1" type="stmt"/>
        <line num="392" count="1" type="stmt"/>
        <line num="393" count="1" type="stmt"/>
        <line num="394" count="1" type="stmt"/>
        <line num="395" count="1" type="stmt"/>
        <line num="396" count="1" type="stmt"/>
        <line num="398" count="2" type="stmt"/>
        <line num="399" count="2" type="stmt"/>
        <line num="400" count="2" type="stmt"/>
        <line num="401" count="2" type="stmt"/>
        <line num="402" count="1" type="stmt"/>
        <line num="403" count="1" type="stmt"/>
        <line num="406" count="1" type="stmt"/>
        <line num="407" count="1" type="stmt"/>
        <line num="412" count="1" type="stmt"/>
        <line num="416" count="110" type="stmt"/>
        <line num="417" count="8" type="stmt"/>
        <line num="418" count="8" type="stmt"/>
        <line num="419" count="8" type="cond" truecount="2" falsecount="0"/>
        <line num="420" count="7" type="stmt"/>
        <line num="421" count="7" type="stmt"/>
        <line num="422" count="7" type="stmt"/>
        <line num="423" count="6" type="stmt"/>
        <line num="424" count="6" type="stmt"/>
        <line num="426" count="1" type="stmt"/>
        <line num="427" count="1" type="stmt"/>
        <line num="428" count="1" type="stmt"/>
        <line num="429" count="1" type="stmt"/>
        <line num="432" count="1" type="stmt"/>
        <line num="433" count="1" type="stmt"/>
        <line num="438" count="1" type="stmt"/>
        <line num="442" count="110" type="stmt"/>
        <line num="443" count="3" type="stmt"/>
        <line num="444" count="3" type="stmt"/>
        <line num="445" count="3" type="cond" truecount="2" falsecount="0"/>
        <line num="446" count="1" type="stmt"/>
        <line num="447" count="1" type="stmt"/>
        <line num="448" count="1" type="stmt"/>
        <line num="449" count="1" type="stmt"/>
        <line num="450" count="1" type="stmt"/>
        <line num="452" count="2" type="stmt"/>
        <line num="453" count="2" type="stmt"/>
        <line num="454" count="2" type="stmt"/>
        <line num="455" count="2" type="stmt"/>
        <line num="456" count="2" type="stmt"/>
        <line num="457" count="1" type="stmt"/>
        <line num="458" count="1" type="stmt"/>
        <line num="461" count="1" type="stmt"/>
        <line num="462" count="1" type="stmt"/>
        <line num="467" count="1" type="stmt"/>
        <line num="471" count="110" type="stmt"/>
        <line num="472" count="3" type="cond" truecount="3" falsecount="1"/>
        <line num="474" count="3" type="stmt"/>
        <line num="475" count="3" type="cond" truecount="1" falsecount="1"/>
        <line num="477" count="3" type="stmt"/>
        <line num="478" count="3" type="stmt"/>
        <line num="479" count="3" type="stmt"/>
        <line num="481" count="3" type="stmt"/>
        <line num="483" count="3" type="cond" truecount="2" falsecount="0"/>
        <line num="486" count="3" type="stmt"/>
        <line num="488" count="3" type="cond" truecount="2" falsecount="0"/>
        <line num="489" count="1" type="stmt"/>
        <line num="490" count="1" type="stmt"/>
        <line num="493" count="3" type="stmt"/>
        <line num="494" count="4" type="cond" truecount="2" falsecount="0"/>
        <line num="495" count="2" type="stmt"/>
        <line num="496" count="3" type="stmt"/>
        <line num="498" count="2" type="cond" truecount="1" falsecount="1"/>
        <line num="499" count="2" type="stmt"/>
        <line num="500" count="2" type="stmt"/>
        <line num="501" count="2" type="stmt"/>
        <line num="506" count="1" type="stmt"/>
        <line num="510" count="110" type="stmt"/>
        <line num="511" count="1" type="cond" truecount="1" falsecount="1"/>
        <line num="513" count="1" type="cond" truecount="2" falsecount="0"/>
        <line num="515" count="1" type="cond" truecount="1" falsecount="1"/>
        <line num="516" count="1" type="stmt"/>
        <line num="517" count="1" type="stmt"/>
        <line num="522" count="1" type="stmt"/>
        <line num="526" count="110" type="stmt"/>
        <line num="527" count="39" type="cond" truecount="4" falsecount="0"/>
        <line num="529" count="5" type="stmt"/>
        <line num="530" count="5" type="stmt"/>
        <line num="531" count="5" type="stmt"/>
        <line num="536" count="5" type="stmt"/>
        <line num="537" count="5" type="stmt"/>
        <line num="538" count="5" type="cond" truecount="2" falsecount="0"/>
        <line num="539" count="1" type="stmt"/>
        <line num="548" count="5" type="stmt"/>
        <line num="549" count="5" type="stmt"/>
        <line num="553" count="110" type="stmt"/>
        <line num="554" count="75" type="cond" truecount="4" falsecount="0"/>
        <line num="555" count="1" type="stmt"/>
        <line num="556" count="1" type="stmt"/>
        <line num="560" count="110" type="stmt"/>
        <line num="561" count="34" type="stmt"/>
        <line num="562" count="34" type="stmt"/>
        <line num="563" count="34" type="stmt"/>
        <line num="564" count="33" type="stmt"/>
        <line num="566" count="1" type="stmt"/>
        <line num="567" count="1" type="stmt"/>
        <line num="574" count="1" type="stmt"/>
        <line num="577" count="34" type="stmt"/>
        <line num="579" count="34" type="stmt"/>
        <line num="580" count="34" type="cond" truecount="2" falsecount="0"/>
        <line num="581" count="30" type="stmt"/>
        <line num="586" count="110" type="stmt"/>
        <line num="615" count="2" type="stmt"/>
        <line num="616" count="107" type="stmt"/>
        <line num="617" count="107" type="cond" truecount="1" falsecount="1"/>
        <line num="618" count="107" type="stmt"/>
      </file>
      <file name="UserSidebarContext.tsx" path="C:\repos\tune-trail-client\src\context\UserSidebarContext.tsx">
        <metrics statements="14" coveredstatements="14" conditionals="2" coveredconditionals="2" methods="6" coveredmethods="6"/>
        <line num="9" count="1" type="stmt"/>
        <line num="11" count="1" type="stmt"/>
        <line num="12" count="9" type="stmt"/>
        <line num="14" count="9" type="stmt"/>
        <line num="16" count="9" type="stmt"/>
        <line num="18" count="9" type="stmt"/>
        <line num="19" count="1" type="stmt"/>
        <line num="24" count="9" type="stmt"/>
        <line num="29" count="1" type="stmt"/>
        <line num="34" count="1" type="stmt"/>
        <line num="35" count="9" type="stmt"/>
        <line num="36" count="9" type="cond" truecount="2" falsecount="0"/>
        <line num="37" count="2" type="stmt"/>
        <line num="39" count="7" type="stmt"/>
      </file>
    </package>
    <package name="utils">
      <metrics statements="11" coveredstatements="11" conditionals="4" coveredconditionals="4" methods="3" coveredmethods="3"/>
      <file name="errorUtils.ts" path="C:\repos\tune-trail-client\src\utils\errorUtils.ts">
        <metrics statements="11" coveredstatements="11" conditionals="4" coveredconditionals="4" methods="3" coveredmethods="3"/>
        <line num="1" count="6" type="stmt"/>
        <line num="2" count="9" type="cond" truecount="2" falsecount="0"/>
        <line num="3" count="3" type="stmt"/>
        <line num="4" count="3" type="stmt"/>
        <line num="5" count="3" type="stmt"/>
        <line num="7" count="3" type="stmt"/>
        <line num="8" count="3" type="stmt"/>
        <line num="9" count="3" type="stmt"/>
        <line num="11" count="6" type="cond" truecount="2" falsecount="0"/>
        <line num="12" count="2" type="stmt"/>
        <line num="14" count="4" type="stmt"/>
      </file>
    </package>
  </project>
</coverage>
