{"C:\\repos\\tune-trail-client\\src\\api\\apiClient.ts": {"path":"C:\\repos\\tune-trail-client\\src\\api\\apiClient.ts","statementMap":{"0":{"start":{"line":13,"column":17},"end":{"line":13,"column":39}},"1":{"start":{"line":26,"column":34},"end":{"line":34,"column":1}},"2":{"start":{"line":31,"column":4},"end":{"line":31,"column":53}},"3":{"start":{"line":32,"column":4},"end":{"line":32,"column":57}},"4":{"start":{"line":33,"column":4},"end":{"line":33,"column":74}},"5":{"start":{"line":36,"column":18},"end":{"line":41,"column":2}},"6":{"start":{"line":43,"column":19},"end":{"line":43,"column":24}},"7":{"start":{"line":44,"column":25},"end":{"line":44,"column":27}},"8":{"start":{"line":46,"column":21},"end":{"line":56,"column":1}},"9":{"start":{"line":47,"column":4},"end":{"line":53,"column":7}},"10":{"start":{"line":48,"column":8},"end":{"line":52,"column":9}},"11":{"start":{"line":49,"column":12},"end":{"line":49,"column":31}},"12":{"start":{"line":51,"column":12},"end":{"line":51,"column":38}},"13":{"start":{"line":55,"column":4},"end":{"line":55,"column":21}},"14":{"start":{"line":58,"column":0},"end":{"line":72,"column":2}},"15":{"start":{"line":60,"column":28},"end":{"line":60,"column":74}},"16":{"start":{"line":61,"column":8},"end":{"line":63,"column":9}},"17":{"start":{"line":62,"column":12},"end":{"line":62,"column":67}},"18":{"start":{"line":64,"column":8},"end":{"line":66,"column":9}},"19":{"start":{"line":65,"column":12},"end":{"line":65,"column":36}},"20":{"start":{"line":67,"column":8},"end":{"line":67,"column":22}},"21":{"start":{"line":70,"column":8},"end":{"line":70,"column":37}},"22":{"start":{"line":74,"column":0},"end":{"line":155,"column":2}},"23":{"start":{"line":76,"column":8},"end":{"line":82,"column":9}},"24":{"start":{"line":77,"column":12},"end":{"line":81,"column":15}},"25":{"start":{"line":83,"column":8},"end":{"line":83,"column":24}},"26":{"start":{"line":86,"column":32},"end":{"line":86,"column":44}},"27":{"start":{"line":88,"column":8},"end":{"line":134,"column":9}},"28":{"start":{"line":89,"column":32},"end":{"line":89,"column":78}},"29":{"start":{"line":91,"column":12},"end":{"line":93,"column":13}},"30":{"start":{"line":92,"column":16},"end":{"line":92,"column":45}},"31":{"start":{"line":95,"column":12},"end":{"line":104,"column":13}},"32":{"start":{"line":96,"column":16},"end":{"line":103,"column":19}},"33":{"start":{"line":97,"column":20},"end":{"line":97,"column":58}},"34":{"start":{"line":99,"column":20},"end":{"line":99,"column":92}},"35":{"start":{"line":100,"column":20},"end":{"line":100,"column":54}},"36":{"start":{"line":102,"column":20},"end":{"line":102,"column":47}},"37":{"start":{"line":106,"column":12},"end":{"line":106,"column":42}},"38":{"start":{"line":107,"column":12},"end":{"line":107,"column":32}},"39":{"start":{"line":109,"column":12},"end":{"line":133,"column":13}},"40":{"start":{"line":110,"column":33},"end":{"line":114,"column":18}},"41":{"start":{"line":116,"column":39},"end":{"line":116,"column":65}},"42":{"start":{"line":117,"column":39},"end":{"line":117,"column":65}},"43":{"start":{"line":118,"column":16},"end":{"line":118,"column":77}},"44":{"start":{"line":120,"column":16},"end":{"line":120,"column":96}},"45":{"start":{"line":121,"column":16},"end":{"line":121,"column":86}},"46":{"start":{"line":123,"column":16},"end":{"line":123,"column":51}},"47":{"start":{"line":124,"column":16},"end":{"line":124,"column":50}},"48":{"start":{"line":126,"column":16},"end":{"line":126,"column":40}},"49":{"start":{"line":127,"column":16},"end":{"line":127,"column":49}},"50":{"start":{"line":129,"column":16},"end":{"line":129,"column":46}},"51":{"start":{"line":130,"column":16},"end":{"line":130,"column":43}},"52":{"start":{"line":132,"column":16},"end":{"line":132,"column":37}},"53":{"start":{"line":136,"column":8},"end":{"line":151,"column":9}},"54":{"start":{"line":137,"column":40},"end":{"line":137,"column":85}},"55":{"start":{"line":140,"column":12},"end":{"line":144,"column":13}},"56":{"start":{"line":141,"column":16},"end":{"line":141,"column":54}},"57":{"start":{"line":143,"column":16},"end":{"line":143,"column":87}},"58":{"start":{"line":143,"column":64},"end":{"line":143,"column":74}},"59":{"start":{"line":146,"column":12},"end":{"line":150,"column":15}},"60":{"start":{"line":153,"column":8},"end":{"line":153,"column":37}}},"fnMap":{"0":{"name":"(anonymous_0)","decl":{"start":{"line":26,"column":34},"end":{"line":26,"column":35}},"loc":{"start":{"line":30,"column":6},"end":{"line":34,"column":1}},"line":30},"1":{"name":"(anonymous_1)","decl":{"start":{"line":46,"column":21},"end":{"line":46,"column":22}},"loc":{"start":{"line":46,"column":72},"end":{"line":56,"column":1}},"line":46},"2":{"name":"(anonymous_2)","decl":{"start":{"line":47,"column":24},"end":{"line":47,"column":25}},"loc":{"start":{"line":47,"column":32},"end":{"line":53,"column":5}},"line":47},"3":{"name":"(anonymous_3)","decl":{"start":{"line":59,"column":4},"end":{"line":59,"column":5}},"loc":{"start":{"line":59,"column":22},"end":{"line":68,"column":5}},"line":59},"4":{"name":"(anonymous_4)","decl":{"start":{"line":69,"column":4},"end":{"line":69,"column":5}},"loc":{"start":{"line":69,"column":15},"end":{"line":71,"column":5}},"line":69},"5":{"name":"(anonymous_5)","decl":{"start":{"line":75,"column":4},"end":{"line":75,"column":5}},"loc":{"start":{"line":75,"column":18},"end":{"line":84,"column":5}},"line":75},"6":{"name":"(anonymous_6)","decl":{"start":{"line":85,"column":4},"end":{"line":85,"column":5}},"loc":{"start":{"line":85,"column":21},"end":{"line":154,"column":5}},"line":85},"7":{"name":"(anonymous_7)","decl":{"start":{"line":96,"column":35},"end":{"line":96,"column":36}},"loc":{"start":{"line":96,"column":56},"end":{"line":98,"column":17}},"line":96},"8":{"name":"(anonymous_8)","decl":{"start":{"line":98,"column":24},"end":{"line":98,"column":25}},"loc":{"start":{"line":98,"column":46},"end":{"line":101,"column":17}},"line":98},"9":{"name":"(anonymous_9)","decl":{"start":{"line":101,"column":25},"end":{"line":101,"column":26}},"loc":{"start":{"line":101,"column":34},"end":{"line":103,"column":17}},"line":101},"10":{"name":"(anonymous_10)","decl":{"start":{"line":143,"column":55},"end":{"line":143,"column":56}},"loc":{"start":{"line":143,"column":64},"end":{"line":143,"column":74}},"line":143}},"branchMap":{"0":{"loc":{"start":{"line":46,"column":34},"end":{"line":46,"column":67}},"type":"default-arg","locations":[{"start":{"line":46,"column":63},"end":{"line":46,"column":67}}],"line":46},"1":{"loc":{"start":{"line":48,"column":8},"end":{"line":52,"column":9}},"type":"if","locations":[{"start":{"line":48,"column":8},"end":{"line":52,"column":9}},{"start":{"line":50,"column":15},"end":{"line":52,"column":9}}],"line":48},"2":{"loc":{"start":{"line":61,"column":8},"end":{"line":63,"column":9}},"type":"if","locations":[{"start":{"line":61,"column":8},"end":{"line":63,"column":9}},{"start":{},"end":{}}],"line":61},"3":{"loc":{"start":{"line":64,"column":8},"end":{"line":66,"column":9}},"type":"if","locations":[{"start":{"line":64,"column":8},"end":{"line":66,"column":9}},{"start":{},"end":{}}],"line":64},"4":{"loc":{"start":{"line":76,"column":8},"end":{"line":82,"column":9}},"type":"if","locations":[{"start":{"line":76,"column":8},"end":{"line":82,"column":9}},{"start":{},"end":{}}],"line":76},"5":{"loc":{"start":{"line":76,"column":12},"end":{"line":76,"column":63}},"type":"binary-expr","locations":[{"start":{"line":76,"column":12},"end":{"line":76,"column":37}},{"start":{"line":76,"column":41},"end":{"line":76,"column":63}}],"line":76},"6":{"loc":{"start":{"line":88,"column":8},"end":{"line":134,"column":9}},"type":"if","locations":[{"start":{"line":88,"column":8},"end":{"line":134,"column":9}},{"start":{},"end":{}}],"line":88},"7":{"loc":{"start":{"line":88,"column":12},"end":{"line":88,"column":69}},"type":"binary-expr","locations":[{"start":{"line":88,"column":12},"end":{"line":88,"column":42}},{"start":{"line":88,"column":46},"end":{"line":88,"column":69}}],"line":88},"8":{"loc":{"start":{"line":91,"column":12},"end":{"line":93,"column":13}},"type":"if","locations":[{"start":{"line":91,"column":12},"end":{"line":93,"column":13}},{"start":{},"end":{}}],"line":91},"9":{"loc":{"start":{"line":95,"column":12},"end":{"line":104,"column":13}},"type":"if","locations":[{"start":{"line":95,"column":12},"end":{"line":104,"column":13}},{"start":{},"end":{}}],"line":95},"10":{"loc":{"start":{"line":136,"column":8},"end":{"line":151,"column":9}},"type":"if","locations":[{"start":{"line":136,"column":8},"end":{"line":151,"column":9}},{"start":{},"end":{}}],"line":136},"11":{"loc":{"start":{"line":136,"column":12},"end":{"line":136,"column":61}},"type":"binary-expr","locations":[{"start":{"line":136,"column":12},"end":{"line":136,"column":37}},{"start":{"line":136,"column":41},"end":{"line":136,"column":61}}],"line":136},"12":{"loc":{"start":{"line":140,"column":12},"end":{"line":144,"column":13}},"type":"if","locations":[{"start":{"line":140,"column":12},"end":{"line":144,"column":13}},{"start":{"line":142,"column":19},"end":{"line":144,"column":13}}],"line":140}},"s":{"0":18,"1":18,"2":30,"3":30,"4":30,"5":18,"6":18,"7":18,"8":18,"9":5,"10":3,"11":1,"12":2,"13":5,"14":18,"15":1,"16":1,"17":1,"18":1,"19":1,"20":1,"21":1,"22":18,"23":2,"24":1,"25":2,"26":14,"27":14,"28":9,"29":9,"30":1,"31":8,"32":3,"33":3,"34":2,"35":2,"36":1,"37":5,"38":5,"39":5,"40":5,"41":3,"42":3,"43":3,"44":3,"45":3,"46":3,"47":3,"48":2,"49":2,"50":2,"51":2,"52":5,"53":5,"54":2,"55":2,"56":1,"57":1,"58":2,"59":2,"60":5},"f":{"0":30,"1":5,"2":3,"3":1,"4":1,"5":2,"6":14,"7":3,"8":2,"9":1,"10":2},"b":{"0":[0],"1":[1,2],"2":[1,0],"3":[1,0],"4":[1,1],"5":[2,1],"6":[9,5],"7":[14,10],"8":[1,8],"9":[3,5],"10":[2,3],"11":[5,2],"12":[1,1]},"_coverageSchema":"1a1c01bbd47fc00a2c39e90264f33305004495a9","hash":"97fd5e9be2ba0bf355bef22a57b491bb017d54b9"}
,"C:\\repos\\tune-trail-client\\src\\app\\auth.tsx": {"path":"C:\\repos\\tune-trail-client\\src\\app\\auth.tsx","statementMap":{"0":{"start":{"line":11,"column":25},"end":{"line":17,"column":1}},"1":{"start":{"line":12,"column":4},"end":{"line":12,"column":50}},"2":{"start":{"line":12,"column":19},"end":{"line":12,"column":50}},"3":{"start":{"line":13,"column":4},"end":{"line":13,"column":83}},"4":{"start":{"line":13,"column":29},"end":{"line":13,"column":83}},"5":{"start":{"line":14,"column":4},"end":{"line":14,"column":84}},"6":{"start":{"line":14,"column":30},"end":{"line":14,"column":84}},"7":{"start":{"line":15,"column":4},"end":{"line":15,"column":119}},"8":{"start":{"line":15,"column":43},"end":{"line":15,"column":119}},"9":{"start":{"line":16,"column":4},"end":{"line":16,"column":14}},"10":{"start":{"line":19,"column":25},"end":{"line":28,"column":1}},"11":{"start":{"line":20,"column":4},"end":{"line":20,"column":50}},"12":{"start":{"line":20,"column":19},"end":{"line":20,"column":50}},"13":{"start":{"line":21,"column":4},"end":{"line":21,"column":83}},"14":{"start":{"line":21,"column":29},"end":{"line":21,"column":83}},"15":{"start":{"line":22,"column":4},"end":{"line":22,"column":84}},"16":{"start":{"line":22,"column":30},"end":{"line":22,"column":84}},"17":{"start":{"line":23,"column":4},"end":{"line":23,"column":95}},"18":{"start":{"line":23,"column":33},"end":{"line":23,"column":95}},"19":{"start":{"line":24,"column":4},"end":{"line":24,"column":95}},"20":{"start":{"line":24,"column":33},"end":{"line":24,"column":95}},"21":{"start":{"line":25,"column":4},"end":{"line":25,"column":81}},"22":{"start":{"line":25,"column":30},"end":{"line":25,"column":81}},"23":{"start":{"line":26,"column":4},"end":{"line":26,"column":123}},"24":{"start":{"line":26,"column":60},"end":{"line":26,"column":123}},"25":{"start":{"line":27,"column":4},"end":{"line":27,"column":14}},"26":{"start":{"line":31,"column":45},"end":{"line":31,"column":54}},"27":{"start":{"line":32,"column":19},"end":{"line":32,"column":30}},"28":{"start":{"line":34,"column":36},"end":{"line":34,"column":48}},"29":{"start":{"line":35,"column":36},"end":{"line":35,"column":48}},"30":{"start":{"line":36,"column":54},"end":{"line":36,"column":69}},"31":{"start":{"line":37,"column":50},"end":{"line":37,"column":65}},"32":{"start":{"line":38,"column":50},"end":{"line":38,"column":65}},"33":{"start":{"line":39,"column":46},"end":{"line":39,"column":68}},"34":{"start":{"line":40,"column":38},"end":{"line":40,"column":53}},"35":{"start":{"line":41,"column":58},"end":{"line":41,"column":73}},"36":{"start":{"line":43,"column":26},"end":{"line":43,"column":75}},"37":{"start":{"line":44,"column":26},"end":{"line":44,"column":75}},"38":{"start":{"line":45,"column":28},"end":{"line":45,"column":48}},"39":{"start":{"line":46,"column":28},"end":{"line":46,"column":48}},"40":{"start":{"line":47,"column":24},"end":{"line":47,"column":82}},"41":{"start":{"line":49,"column":24},"end":{"line":51,"column":5}},"42":{"start":{"line":50,"column":8},"end":{"line":50,"column":95}},"43":{"start":{"line":53,"column":31},"end":{"line":60,"column":5}},"44":{"start":{"line":54,"column":8},"end":{"line":58,"column":9}},"45":{"start":{"line":55,"column":33},"end":{"line":55,"column":61}},"46":{"start":{"line":56,"column":12},"end":{"line":56,"column":62}},"47":{"start":{"line":57,"column":12},"end":{"line":57,"column":19}},"48":{"start":{"line":59,"column":8},"end":{"line":59,"column":78}},"49":{"start":{"line":62,"column":24},"end":{"line":74,"column":5}},"50":{"start":{"line":63,"column":8},"end":{"line":63,"column":29}},"51":{"start":{"line":64,"column":8},"end":{"line":64,"column":27}},"52":{"start":{"line":66,"column":8},"end":{"line":72,"column":9}},"53":{"start":{"line":67,"column":29},"end":{"line":67,"column":72}},"54":{"start":{"line":68,"column":12},"end":{"line":68,"column":86}},"55":{"start":{"line":69,"column":12},"end":{"line":69,"column":41}},"56":{"start":{"line":71,"column":12},"end":{"line":71,"column":38}},"57":{"start":{"line":73,"column":8},"end":{"line":73,"column":28}},"58":{"start":{"line":76,"column":27},"end":{"line":88,"column":5}},"59":{"start":{"line":77,"column":8},"end":{"line":77,"column":29}},"60":{"start":{"line":78,"column":8},"end":{"line":78,"column":27}},"61":{"start":{"line":80,"column":8},"end":{"line":86,"column":9}},"62":{"start":{"line":81,"column":29},"end":{"line":81,"column":75}},"63":{"start":{"line":82,"column":12},"end":{"line":82,"column":86}},"64":{"start":{"line":83,"column":12},"end":{"line":83,"column":41}},"65":{"start":{"line":85,"column":12},"end":{"line":85,"column":38}},"66":{"start":{"line":87,"column":8},"end":{"line":87,"column":28}},"67":{"start":{"line":90,"column":34},"end":{"line":92,"column":5}},"68":{"start":{"line":91,"column":8},"end":{"line":91,"column":37}},"69":{"start":{"line":94,"column":37},"end":{"line":96,"column":5}},"70":{"start":{"line":95,"column":8},"end":{"line":95,"column":56}},"71":{"start":{"line":95,"column":44},"end":{"line":95,"column":54}},"72":{"start":{"line":98,"column":34},"end":{"line":106,"column":5}},"73":{"start":{"line":99,"column":8},"end":{"line":99,"column":27}},"74":{"start":{"line":100,"column":8},"end":{"line":104,"column":27}},"75":{"start":{"line":101,"column":29},"end":{"line":101,"column":71}},"76":{"start":{"line":102,"column":12},"end":{"line":102,"column":86}},"77":{"start":{"line":103,"column":12},"end":{"line":103,"column":41}},"78":{"start":{"line":105,"column":8},"end":{"line":105,"column":28}},"79":{"start":{"line":108,"column":4},"end":{"line":116,"column":26}},"80":{"start":{"line":109,"column":8},"end":{"line":115,"column":9}},"81":{"start":{"line":110,"column":12},"end":{"line":114,"column":13}},"82":{"start":{"line":111,"column":16},"end":{"line":111,"column":30}},"83":{"start":{"line":113,"column":16},"end":{"line":113,"column":45}},"84":{"start":{"line":118,"column":4},"end":{"line":202,"column":6}},"85":{"start":{"line":124,"column":82},"end":{"line":124,"column":110}},"86":{"start":{"line":140,"column":43},"end":{"line":140,"column":67}},"87":{"start":{"line":152,"column":43},"end":{"line":152,"column":67}},"88":{"start":{"line":167,"column":63},"end":{"line":167,"column":86}},"89":{"start":{"line":198,"column":31},"end":{"line":198,"column":60}},"90":{"start":{"line":205,"column":15},"end":{"line":323,"column":2}}},"fnMap":{"0":{"name":"(anonymous_0)","decl":{"start":{"line":11,"column":25},"end":{"line":11,"column":26}},"loc":{"start":{"line":11,"column":47},"end":{"line":17,"column":1}},"line":11},"1":{"name":"(anonymous_1)","decl":{"start":{"line":19,"column":25},"end":{"line":19,"column":26}},"loc":{"start":{"line":19,"column":47},"end":{"line":28,"column":1}},"line":19},"2":{"name":"AuthScreen","decl":{"start":{"line":30,"column":24},"end":{"line":30,"column":34}},"loc":{"start":{"line":30,"column":37},"end":{"line":203,"column":1}},"line":30},"3":{"name":"(anonymous_3)","decl":{"start":{"line":49,"column":24},"end":{"line":49,"column":25}},"loc":{"start":{"line":49,"column":59},"end":{"line":51,"column":5}},"line":49},"4":{"name":"(anonymous_4)","decl":{"start":{"line":53,"column":31},"end":{"line":53,"column":32}},"loc":{"start":{"line":53,"column":51},"end":{"line":60,"column":5}},"line":53},"5":{"name":"(anonymous_5)","decl":{"start":{"line":62,"column":24},"end":{"line":62,"column":25}},"loc":{"start":{"line":62,"column":36},"end":{"line":74,"column":5}},"line":62},"6":{"name":"(anonymous_6)","decl":{"start":{"line":76,"column":27},"end":{"line":76,"column":28}},"loc":{"start":{"line":76,"column":39},"end":{"line":88,"column":5}},"line":76},"7":{"name":"(anonymous_7)","decl":{"start":{"line":90,"column":34},"end":{"line":90,"column":35}},"loc":{"start":{"line":90,"column":40},"end":{"line":92,"column":5}},"line":90},"8":{"name":"(anonymous_8)","decl":{"start":{"line":94,"column":37},"end":{"line":94,"column":38}},"loc":{"start":{"line":94,"column":43},"end":{"line":96,"column":5}},"line":94},"9":{"name":"(anonymous_9)","decl":{"start":{"line":95,"column":29},"end":{"line":95,"column":30}},"loc":{"start":{"line":95,"column":44},"end":{"line":95,"column":54}},"line":95},"10":{"name":"(anonymous_10)","decl":{"start":{"line":98,"column":34},"end":{"line":98,"column":35}},"loc":{"start":{"line":98,"column":62},"end":{"line":106,"column":5}},"line":98},"11":{"name":"(anonymous_11)","decl":{"start":{"line":108,"column":14},"end":{"line":108,"column":15}},"loc":{"start":{"line":108,"column":20},"end":{"line":116,"column":5}},"line":108},"12":{"name":"(anonymous_12)","decl":{"start":{"line":124,"column":76},"end":{"line":124,"column":77}},"loc":{"start":{"line":124,"column":82},"end":{"line":124,"column":110}},"line":124},"13":{"name":"(anonymous_13)","decl":{"start":{"line":140,"column":37},"end":{"line":140,"column":38}},"loc":{"start":{"line":140,"column":43},"end":{"line":140,"column":67}},"line":140},"14":{"name":"(anonymous_14)","decl":{"start":{"line":152,"column":37},"end":{"line":152,"column":38}},"loc":{"start":{"line":152,"column":43},"end":{"line":152,"column":67}},"line":152},"15":{"name":"(anonymous_15)","decl":{"start":{"line":167,"column":47},"end":{"line":167,"column":48}},"loc":{"start":{"line":167,"column":63},"end":{"line":167,"column":86}},"line":167},"16":{"name":"(anonymous_16)","decl":{"start":{"line":198,"column":25},"end":{"line":198,"column":26}},"loc":{"start":{"line":198,"column":31},"end":{"line":198,"column":60}},"line":198}},"branchMap":{"0":{"loc":{"start":{"line":12,"column":4},"end":{"line":12,"column":50}},"type":"if","locations":[{"start":{"line":12,"column":4},"end":{"line":12,"column":50}},{"start":{},"end":{}}],"line":12},"1":{"loc":{"start":{"line":13,"column":4},"end":{"line":13,"column":83}},"type":"if","locations":[{"start":{"line":13,"column":4},"end":{"line":13,"column":83}},{"start":{},"end":{}}],"line":13},"2":{"loc":{"start":{"line":14,"column":4},"end":{"line":14,"column":84}},"type":"if","locations":[{"start":{"line":14,"column":4},"end":{"line":14,"column":84}},{"start":{},"end":{}}],"line":14},"3":{"loc":{"start":{"line":15,"column":4},"end":{"line":15,"column":119}},"type":"if","locations":[{"start":{"line":15,"column":4},"end":{"line":15,"column":119}},{"start":{},"end":{}}],"line":15},"4":{"loc":{"start":{"line":20,"column":4},"end":{"line":20,"column":50}},"type":"if","locations":[{"start":{"line":20,"column":4},"end":{"line":20,"column":50}},{"start":{},"end":{}}],"line":20},"5":{"loc":{"start":{"line":21,"column":4},"end":{"line":21,"column":83}},"type":"if","locations":[{"start":{"line":21,"column":4},"end":{"line":21,"column":83}},{"start":{},"end":{}}],"line":21},"6":{"loc":{"start":{"line":22,"column":4},"end":{"line":22,"column":84}},"type":"if","locations":[{"start":{"line":22,"column":4},"end":{"line":22,"column":84}},{"start":{},"end":{}}],"line":22},"7":{"loc":{"start":{"line":23,"column":4},"end":{"line":23,"column":95}},"type":"if","locations":[{"start":{"line":23,"column":4},"end":{"line":23,"column":95}},{"start":{},"end":{}}],"line":23},"8":{"loc":{"start":{"line":24,"column":4},"end":{"line":24,"column":95}},"type":"if","locations":[{"start":{"line":24,"column":4},"end":{"line":24,"column":95}},{"start":{},"end":{}}],"line":24},"9":{"loc":{"start":{"line":25,"column":4},"end":{"line":25,"column":81}},"type":"if","locations":[{"start":{"line":25,"column":4},"end":{"line":25,"column":81}},{"start":{},"end":{}}],"line":25},"10":{"loc":{"start":{"line":26,"column":4},"end":{"line":26,"column":123}},"type":"if","locations":[{"start":{"line":26,"column":4},"end":{"line":26,"column":123}},{"start":{},"end":{}}],"line":26},"11":{"loc":{"start":{"line":43,"column":26},"end":{"line":43,"column":75}},"type":"cond-expr","locations":[{"start":{"line":43,"column":44},"end":{"line":43,"column":70}},{"start":{"line":43,"column":73},"end":{"line":43,"column":75}}],"line":43},"12":{"loc":{"start":{"line":44,"column":26},"end":{"line":44,"column":75}},"type":"cond-expr","locations":[{"start":{"line":44,"column":44},"end":{"line":44,"column":70}},{"start":{"line":44,"column":73},"end":{"line":44,"column":75}}],"line":44},"13":{"loc":{"start":{"line":47,"column":24},"end":{"line":47,"column":82}},"type":"binary-expr","locations":[{"start":{"line":47,"column":24},"end":{"line":47,"column":39}},{"start":{"line":47,"column":43},"end":{"line":47,"column":58}},{"start":{"line":47,"column":62},"end":{"line":47,"column":70}},{"start":{"line":47,"column":74},"end":{"line":47,"column":82}}],"line":47},"14":{"loc":{"start":{"line":50,"column":15},"end":{"line":50,"column":94}},"type":"cond-expr","locations":[{"start":{"line":50,"column":23},"end":{"line":50,"column":87}},{"start":{"line":50,"column":90},"end":{"line":50,"column":94}}],"line":50},"15":{"loc":{"start":{"line":54,"column":8},"end":{"line":58,"column":9}},"type":"if","locations":[{"start":{"line":54,"column":8},"end":{"line":58,"column":9}},{"start":{},"end":{}}],"line":54},"16":{"loc":{"start":{"line":109,"column":8},"end":{"line":115,"column":9}},"type":"if","locations":[{"start":{"line":109,"column":8},"end":{"line":115,"column":9}},{"start":{},"end":{}}],"line":109},"17":{"loc":{"start":{"line":110,"column":12},"end":{"line":114,"column":13}},"type":"if","locations":[{"start":{"line":110,"column":12},"end":{"line":114,"column":13}},{"start":{"line":112,"column":19},"end":{"line":114,"column":13}}],"line":110},"18":{"loc":{"start":{"line":120,"column":13},"end":{"line":194,"column":13}},"type":"cond-expr","locations":[{"start":{"line":121,"column":16},"end":{"line":121,"column":64}},{"start":{"line":123,"column":16},"end":{"line":193,"column":19}}],"line":120},"19":{"loc":{"start":{"line":141,"column":50},"end":{"line":141,"column":126}},"type":"binary-expr","locations":[{"start":{"line":141,"column":50},"end":{"line":141,"column":65}},{"start":{"line":141,"column":70},"end":{"line":141,"column":125}}],"line":141},"20":{"loc":{"start":{"line":141,"column":70},"end":{"line":141,"column":125}},"type":"cond-expr","locations":[{"start":{"line":141,"column":88},"end":{"line":141,"column":105}},{"start":{"line":141,"column":108},"end":{"line":141,"column":125}}],"line":141},"21":{"loc":{"start":{"line":154,"column":50},"end":{"line":154,"column":126}},"type":"binary-expr","locations":[{"start":{"line":154,"column":50},"end":{"line":154,"column":65}},{"start":{"line":154,"column":70},"end":{"line":154,"column":125}}],"line":154},"22":{"loc":{"start":{"line":154,"column":70},"end":{"line":154,"column":125}},"type":"cond-expr","locations":[{"start":{"line":154,"column":88},"end":{"line":154,"column":105}},{"start":{"line":154,"column":108},"end":{"line":154,"column":125}}],"line":154},"23":{"loc":{"start":{"line":159,"column":48},"end":{"line":159,"column":87}},"type":"cond-expr","locations":[{"start":{"line":159,"column":68},"end":{"line":159,"column":79}},{"start":{"line":159,"column":82},"end":{"line":159,"column":87}}],"line":159},"24":{"loc":{"start":{"line":163,"column":21},"end":{"line":169,"column":28}},"type":"cond-expr","locations":[{"start":{"line":164,"column":24},"end":{"line":168,"column":31}},{"start":{"line":169,"column":24},"end":{"line":169,"column":28}}],"line":163},"25":{"loc":{"start":{"line":163,"column":21},"end":{"line":163,"column":149}},"type":"binary-expr","locations":[{"start":{"line":163,"column":22},"end":{"line":163,"column":37}},{"start":{"line":163,"column":41},"end":{"line":163,"column":56}},{"start":{"line":163,"column":60},"end":{"line":163,"column":84}},{"start":{"line":163,"column":90},"end":{"line":163,"column":103}},{"start":{"line":163,"column":107},"end":{"line":163,"column":120}},{"start":{"line":163,"column":124},"end":{"line":163,"column":148}}],"line":163},"26":{"loc":{"start":{"line":172,"column":63},"end":{"line":172,"column":84}},"type":"cond-expr","locations":[{"start":{"line":172,"column":77},"end":{"line":172,"column":78}},{"start":{"line":172,"column":81},"end":{"line":172,"column":84}}],"line":172},"27":{"loc":{"start":{"line":181,"column":66},"end":{"line":181,"column":87}},"type":"cond-expr","locations":[{"start":{"line":181,"column":80},"end":{"line":181,"column":81}},{"start":{"line":181,"column":84},"end":{"line":181,"column":87}}],"line":181}},"s":{"0":1,"1":7,"2":4,"3":3,"4":1,"5":2,"6":0,"7":2,"8":1,"9":1,"10":1,"11":7,"12":4,"13":3,"14":0,"15":3,"16":0,"17":3,"18":1,"19":2,"20":0,"21":2,"22":0,"23":2,"24":1,"25":1,"26":61,"27":61,"28":61,"29":61,"30":61,"31":61,"32":61,"33":61,"34":61,"35":61,"36":61,"37":61,"38":61,"39":61,"40":61,"41":61,"42":36,"43":61,"44":4,"45":1,"46":1,"47":1,"48":3,"49":61,"50":4,"51":4,"52":4,"53":4,"54":1,"55":1,"56":3,"57":4,"58":61,"59":2,"60":2,"61":2,"62":2,"63":1,"64":1,"65":1,"66":2,"67":61,"68":1,"69":61,"70":2,"71":2,"72":61,"73":2,"74":2,"75":2,"76":1,"77":1,"78":2,"79":61,"80":21,"81":2,"82":1,"83":1,"84":61,"85":3,"86":4,"87":4,"88":4,"89":1,"90":1},"f":{"0":7,"1":7,"2":61,"3":36,"4":4,"5":4,"6":2,"7":1,"8":2,"9":2,"10":2,"11":21,"12":3,"13":4,"14":4,"15":4,"16":1},"b":{"0":[4,3],"1":[1,2],"2":[0,2],"3":[1,1],"4":[4,3],"5":[0,3],"6":[0,3],"7":[1,2],"8":[0,2],"9":[0,2],"10":[1,1],"11":[7,54],"12":[7,54],"13":[61,55,49,19],"14":[16,20],"15":[1,3],"16":[2,19],"17":[1,1],"18":[0,61],"19":[61,7],"20":[1,6],"21":[61,7],"22":[1,6],"23":[1,60],"24":[16,45],"25":[61,54,47,18,12,6],"26":[12,49],"27":[12,49]},"_coverageSchema":"1a1c01bbd47fc00a2c39e90264f33305004495a9","hash":"32e3886f7c9222ad929880787a6300365e1682ba"}
,"C:\\repos\\tune-trail-client\\src\\app\\player.tsx": {"path":"C:\\repos\\tune-trail-client\\src\\app\\player.tsx","statementMap":{"0":{"start":{"line":9,"column":21},"end":{"line":66,"column":1}},"1":{"start":{"line":10,"column":63},"end":{"line":10,"column":74}},"2":{"start":{"line":12,"column":28},"end":{"line":12,"column":47}},"3":{"start":{"line":14,"column":4},"end":{"line":14,"column":75}},"4":{"start":{"line":14,"column":63},"end":{"line":14,"column":75}},"5":{"start":{"line":16,"column":4},"end":{"line":65,"column":13}},"6":{"start":{"line":68,"column":28},"end":{"line":87,"column":1}},"7":{"start":{"line":69,"column":20},"end":{"line":69,"column":39}},"8":{"start":{"line":71,"column":4},"end":{"line":86,"column":12}},"9":{"start":{"line":89,"column":15},"end":{"line":134,"column":2}}},"fnMap":{"0":{"name":"(anonymous_0)","decl":{"start":{"line":9,"column":21},"end":{"line":9,"column":22}},"loc":{"start":{"line":9,"column":27},"end":{"line":66,"column":1}},"line":9},"1":{"name":"(anonymous_1)","decl":{"start":{"line":68,"column":28},"end":{"line":68,"column":29}},"loc":{"start":{"line":68,"column":34},"end":{"line":87,"column":1}},"line":68}},"branchMap":{"0":{"loc":{"start":{"line":14,"column":4},"end":{"line":14,"column":75}},"type":"if","locations":[{"start":{"line":14,"column":4},"end":{"line":14,"column":75}},{"start":{},"end":{}}],"line":14},"1":{"loc":{"start":{"line":14,"column":8},"end":{"line":14,"column":61}},"type":"binary-expr","locations":[{"start":{"line":14,"column":8},"end":{"line":14,"column":24}},{"start":{"line":14,"column":28},"end":{"line":14,"column":41}},{"start":{"line":14,"column":45},"end":{"line":14,"column":61}}],"line":14}},"s":{"0":1,"1":8,"2":8,"3":8,"4":3,"5":5,"6":1,"7":5,"8":5,"9":1},"f":{"0":8,"1":5},"b":{"0":[3,5],"1":[8,7,6]},"_coverageSchema":"1a1c01bbd47fc00a2c39e90264f33305004495a9","hash":"c95fc6e5c3cb854a635553fda16bf0d7d4b4611b"}
,"C:\\repos\\tune-trail-client\\src\\app\\(screens)\\index.tsx": {"path":"C:\\repos\\tune-trail-client\\src\\app\\(screens)\\index.tsx","statementMap":{"0":{"start":{"line":11,"column":20},"end":{"line":87,"column":1}},"1":{"start":{"line":12,"column":31},"end":{"line":12,"column":47}},"2":{"start":{"line":13,"column":16},"end":{"line":13,"column":35}},"3":{"start":{"line":14,"column":28},"end":{"line":14,"column":63}},"4":{"start":{"line":16,"column":39},"end":{"line":16,"column":53}},"5":{"start":{"line":17,"column":47},"end":{"line":17,"column":62}},"6":{"start":{"line":18,"column":33},"end":{"line":18,"column":50}},"7":{"start":{"line":20,"column":24},"end":{"line":22,"column":2}},"8":{"start":{"line":21,"column":2},"end":{"line":21,"column":44}},"9":{"start":{"line":24,"column":1},"end":{"line":86,"column":3}},"10":{"start":{"line":43,"column":22},"end":{"line":43,"column":58}},"11":{"start":{"line":89,"column":15},"end":{"line":163,"column":2}}},"fnMap":{"0":{"name":"(anonymous_0)","decl":{"start":{"line":11,"column":20},"end":{"line":11,"column":21}},"loc":{"start":{"line":11,"column":26},"end":{"line":87,"column":1}},"line":11},"1":{"name":"(anonymous_1)","decl":{"start":{"line":20,"column":24},"end":{"line":20,"column":25}},"loc":{"start":{"line":20,"column":30},"end":{"line":22,"column":2}},"line":20},"2":{"name":"(anonymous_2)","decl":{"start":{"line":43,"column":16},"end":{"line":43,"column":17}},"loc":{"start":{"line":43,"column":22},"end":{"line":43,"column":58}},"line":43}},"branchMap":{"0":{"loc":{"start":{"line":68,"column":6},"end":{"line":76,"column":6}},"type":"binary-expr","locations":[{"start":{"line":68,"column":6},"end":{"line":68,"column":18}},{"start":{"line":69,"column":6},"end":{"line":75,"column":25}}],"line":68},"1":{"loc":{"start":{"line":78,"column":6},"end":{"line":82,"column":6}},"type":"binary-expr","locations":[{"start":{"line":78,"column":6},"end":{"line":78,"column":21}},{"start":{"line":79,"column":6},"end":{"line":81,"column":13}}],"line":78}},"s":{"0":1,"1":10,"2":10,"3":10,"4":10,"5":10,"6":10,"7":10,"8":1,"9":10,"10":1,"11":1},"f":{"0":10,"1":1,"2":1},"b":{"0":[10,2],"1":[10,1]},"_coverageSchema":"1a1c01bbd47fc00a2c39e90264f33305004495a9","hash":"e653cbae329bf4577b8fc8ec2b44a3f9671027aa"}
,"C:\\repos\\tune-trail-client\\src\\app\\(screens)\\localities\\[id].tsx": {"path":"C:\\repos\\tune-trail-client\\src\\app\\(screens)\\localities\\[id].tsx","statementMap":{"0":{"start":{"line":15,"column":23},"end":{"line":208,"column":1}},"1":{"start":{"line":16,"column":22},"end":{"line":16,"column":44}},"2":{"start":{"line":17,"column":16},"end":{"line":17,"column":35}},"3":{"start":{"line":18,"column":16},"end":{"line":18,"column":27}},"4":{"start":{"line":19,"column":29},"end":{"line":19,"column":38}},"5":{"start":{"line":20,"column":43},"end":{"line":20,"column":54}},"6":{"start":{"line":22,"column":69},"end":{"line":22,"column":84}},"7":{"start":{"line":23,"column":29},"end":{"line":23,"column":58}},"8":{"start":{"line":24,"column":35},"end":{"line":24,"column":50}},"9":{"start":{"line":25,"column":39},"end":{"line":28,"column":3}},"10":{"start":{"line":30,"column":33},"end":{"line":30,"column":97}},"11":{"start":{"line":30,"column":47},"end":{"line":30,"column":86}},"12":{"start":{"line":30,"column":69},"end":{"line":30,"column":85}},"13":{"start":{"line":32,"column":1},"end":{"line":32,"column":43}},"14":{"start":{"line":32,"column":19},"end":{"line":32,"column":33}},"15":{"start":{"line":34,"column":21},"end":{"line":44,"column":2}},"16":{"start":{"line":35,"column":2},"end":{"line":35,"column":21}},"17":{"start":{"line":36,"column":2},"end":{"line":36,"column":16}},"18":{"start":{"line":38,"column":2},"end":{"line":41,"column":21}},"19":{"start":{"line":39,"column":20},"end":{"line":39,"column":75}},"20":{"start":{"line":40,"column":3},"end":{"line":40,"column":28}},"21":{"start":{"line":43,"column":2},"end":{"line":43,"column":22}},"22":{"start":{"line":46,"column":20},"end":{"line":76,"column":2}},"23":{"start":{"line":47,"column":16},"end":{"line":47,"column":75}},"24":{"start":{"line":47,"column":35},"end":{"line":47,"column":74}},"25":{"start":{"line":48,"column":2},"end":{"line":48,"column":21}},"26":{"start":{"line":48,"column":14},"end":{"line":48,"column":21}},"27":{"start":{"line":50,"column":2},"end":{"line":50,"column":60}},"28":{"start":{"line":52,"column":27},"end":{"line":52,"column":42}},"29":{"start":{"line":53,"column":19},"end":{"line":53,"column":67}},"30":{"start":{"line":55,"column":2},"end":{"line":73,"column":21}},"31":{"start":{"line":56,"column":3},"end":{"line":56,"column":77}},"32":{"start":{"line":58,"column":22},"end":{"line":58,"column":49}},"33":{"start":{"line":60,"column":24},"end":{"line":64,"column":4}},"34":{"start":{"line":66,"column":3},"end":{"line":72,"column":5}},"35":{"start":{"line":67,"column":4},"end":{"line":71,"column":51}},"36":{"start":{"line":69,"column":6},"end":{"line":69,"column":64}},"37":{"start":{"line":71,"column":21},"end":{"line":71,"column":50}},"38":{"start":{"line":75,"column":2},"end":{"line":75,"column":60}},"39":{"start":{"line":78,"column":25},"end":{"line":80,"column":2}},"40":{"start":{"line":79,"column":2},"end":{"line":79,"column":59}},"41":{"start":{"line":82,"column":1},"end":{"line":207,"column":3}},"42":{"start":{"line":90,"column":39},"end":{"line":90,"column":52}},"43":{"start":{"line":108,"column":40},"end":{"line":108,"column":75}},"44":{"start":{"line":130,"column":30},"end":{"line":130,"column":43}},"45":{"start":{"line":132,"column":30},"end":{"line":132,"column":107}},"46":{"start":{"line":134,"column":7},"end":{"line":188,"column":8}},"47":{"start":{"line":161,"column":29},"end":{"line":161,"column":66}},"48":{"start":{"line":177,"column":29},"end":{"line":177,"column":67}},"49":{"start":{"line":198,"column":19},"end":{"line":198,"column":55}},"50":{"start":{"line":210,"column":15},"end":{"line":335,"column":2}}},"fnMap":{"0":{"name":"(anonymous_0)","decl":{"start":{"line":15,"column":23},"end":{"line":15,"column":24}},"loc":{"start":{"line":15,"column":29},"end":{"line":208,"column":1}},"line":15},"1":{"name":"(anonymous_1)","decl":{"start":{"line":30,"column":41},"end":{"line":30,"column":42}},"loc":{"start":{"line":30,"column":47},"end":{"line":30,"column":86}},"line":30},"2":{"name":"(anonymous_2)","decl":{"start":{"line":30,"column":58},"end":{"line":30,"column":59}},"loc":{"start":{"line":30,"column":69},"end":{"line":30,"column":85}},"line":30},"3":{"name":"(anonymous_3)","decl":{"start":{"line":32,"column":11},"end":{"line":32,"column":12}},"loc":{"start":{"line":32,"column":17},"end":{"line":32,"column":35}},"line":32},"4":{"name":"(anonymous_4)","decl":{"start":{"line":34,"column":21},"end":{"line":34,"column":22}},"loc":{"start":{"line":34,"column":33},"end":{"line":44,"column":2}},"line":34},"5":{"name":"(anonymous_5)","decl":{"start":{"line":46,"column":20},"end":{"line":46,"column":21}},"loc":{"start":{"line":46,"column":75},"end":{"line":76,"column":2}},"line":46},"6":{"name":"(anonymous_6)","decl":{"start":{"line":47,"column":28},"end":{"line":47,"column":29}},"loc":{"start":{"line":47,"column":35},"end":{"line":47,"column":74}},"line":47},"7":{"name":"(anonymous_7)","decl":{"start":{"line":66,"column":13},"end":{"line":66,"column":14}},"loc":{"start":{"line":67,"column":4},"end":{"line":71,"column":51}},"line":67},"8":{"name":"(anonymous_8)","decl":{"start":{"line":68,"column":10},"end":{"line":68,"column":11}},"loc":{"start":{"line":69,"column":6},"end":{"line":69,"column":64}},"line":69},"9":{"name":"(anonymous_9)","decl":{"start":{"line":71,"column":11},"end":{"line":71,"column":12}},"loc":{"start":{"line":71,"column":21},"end":{"line":71,"column":50}},"line":71},"10":{"name":"(anonymous_10)","decl":{"start":{"line":78,"column":25},"end":{"line":78,"column":26}},"loc":{"start":{"line":78,"column":49},"end":{"line":80,"column":2}},"line":78},"11":{"name":"(anonymous_11)","decl":{"start":{"line":90,"column":33},"end":{"line":90,"column":34}},"loc":{"start":{"line":90,"column":39},"end":{"line":90,"column":52}},"line":90},"12":{"name":"(anonymous_12)","decl":{"start":{"line":108,"column":34},"end":{"line":108,"column":35}},"loc":{"start":{"line":108,"column":40},"end":{"line":108,"column":75}},"line":108},"13":{"name":"(anonymous_13)","decl":{"start":{"line":130,"column":20},"end":{"line":130,"column":21}},"loc":{"start":{"line":130,"column":30},"end":{"line":130,"column":43}},"line":130},"14":{"name":"(anonymous_14)","decl":{"start":{"line":131,"column":18},"end":{"line":131,"column":19}},"loc":{"start":{"line":131,"column":39},"end":{"line":189,"column":7}},"line":131},"15":{"name":"(anonymous_15)","decl":{"start":{"line":161,"column":23},"end":{"line":161,"column":24}},"loc":{"start":{"line":161,"column":29},"end":{"line":161,"column":66}},"line":161},"16":{"name":"(anonymous_16)","decl":{"start":{"line":177,"column":23},"end":{"line":177,"column":24}},"loc":{"start":{"line":177,"column":29},"end":{"line":177,"column":67}},"line":177},"17":{"name":"(anonymous_17)","decl":{"start":{"line":198,"column":13},"end":{"line":198,"column":14}},"loc":{"start":{"line":198,"column":19},"end":{"line":198,"column":55}},"line":198}},"branchMap":{"0":{"loc":{"start":{"line":48,"column":2},"end":{"line":48,"column":21}},"type":"if","locations":[{"start":{"line":48,"column":2},"end":{"line":48,"column":21}},{"start":{},"end":{}}],"line":48},"1":{"loc":{"start":{"line":53,"column":19},"end":{"line":53,"column":67}},"type":"cond-expr","locations":[{"start":{"line":53,"column":53},"end":{"line":53,"column":54}},{"start":{"line":53,"column":57},"end":{"line":53,"column":67}}],"line":53},"2":{"loc":{"start":{"line":69,"column":6},"end":{"line":69,"column":64}},"type":"cond-expr","locations":[{"start":{"line":69,"column":48},"end":{"line":69,"column":60}},{"start":{"line":69,"column":63},"end":{"line":69,"column":64}}],"line":69},"3":{"loc":{"start":{"line":79,"column":9},"end":{"line":79,"column":58}},"type":"cond-expr","locations":[{"start":{"line":79,"column":28},"end":{"line":79,"column":34}},{"start":{"line":79,"column":37},"end":{"line":79,"column":58}}],"line":79},"4":{"loc":{"start":{"line":107,"column":7},"end":{"line":110,"column":26}},"type":"binary-expr","locations":[{"start":{"line":107,"column":7},"end":{"line":107,"column":22}},{"start":{"line":108,"column":7},"end":{"line":110,"column":26}}],"line":107},"5":{"loc":{"start":{"line":120,"column":9},"end":{"line":127,"column":9}},"type":"cond-expr","locations":[{"start":{"line":121,"column":9},"end":{"line":121,"column":56}},{"start":{"line":123,"column":9},"end":{"line":126,"column":16}}],"line":120},"6":{"loc":{"start":{"line":132,"column":30},"end":{"line":132,"column":107}},"type":"binary-expr","locations":[{"start":{"line":132,"column":30},"end":{"line":132,"column":64}},{"start":{"line":132,"column":68},"end":{"line":132,"column":107}}],"line":132},"7":{"loc":{"start":{"line":136,"column":42},"end":{"line":136,"column":80}},"type":"binary-expr","locations":[{"start":{"line":136,"column":42},"end":{"line":136,"column":56}},{"start":{"line":136,"column":60},"end":{"line":136,"column":80}}],"line":136},"8":{"loc":{"start":{"line":139,"column":26},"end":{"line":139,"column":83}},"type":"binary-expr","locations":[{"start":{"line":139,"column":26},"end":{"line":139,"column":42}},{"start":{"line":139,"column":46},"end":{"line":139,"column":63}},{"start":{"line":139,"column":67},"end":{"line":139,"column":83}}],"line":139},"9":{"loc":{"start":{"line":143,"column":44},"end":{"line":143,"column":82}},"type":"binary-expr","locations":[{"start":{"line":143,"column":44},"end":{"line":143,"column":58}},{"start":{"line":143,"column":62},"end":{"line":143,"column":82}}],"line":143},"10":{"loc":{"start":{"line":155,"column":11},"end":{"line":169,"column":11}},"type":"binary-expr","locations":[{"start":{"line":155,"column":11},"end":{"line":155,"column":26}},{"start":{"line":156,"column":11},"end":{"line":168,"column":14}}],"line":155},"11":{"loc":{"start":{"line":157,"column":13},"end":{"line":167,"column":13}},"type":"cond-expr","locations":[{"start":{"line":158,"column":13},"end":{"line":158,"column":61}},{"start":{"line":160,"column":13},"end":{"line":166,"column":32}}],"line":157},"12":{"loc":{"start":{"line":157,"column":13},"end":{"line":157,"column":97}},"type":"binary-expr","locations":[{"start":{"line":157,"column":13},"end":{"line":157,"column":67}},{"start":{"line":157,"column":71},"end":{"line":157,"column":97}}],"line":157},"13":{"loc":{"start":{"line":165,"column":60},"end":{"line":165,"column":102}},"type":"cond-expr","locations":[{"start":{"line":165,"column":83},"end":{"line":165,"column":92}},{"start":{"line":165,"column":95},"end":{"line":165,"column":102}}],"line":165},"14":{"loc":{"start":{"line":171,"column":11},"end":{"line":185,"column":11}},"type":"binary-expr","locations":[{"start":{"line":171,"column":11},"end":{"line":171,"column":26}},{"start":{"line":172,"column":11},"end":{"line":184,"column":14}}],"line":171},"15":{"loc":{"start":{"line":173,"column":13},"end":{"line":183,"column":13}},"type":"cond-expr","locations":[{"start":{"line":174,"column":13},"end":{"line":174,"column":61}},{"start":{"line":176,"column":13},"end":{"line":182,"column":32}}],"line":173},"16":{"loc":{"start":{"line":173,"column":13},"end":{"line":173,"column":98}},"type":"binary-expr","locations":[{"start":{"line":173,"column":13},"end":{"line":173,"column":67}},{"start":{"line":173,"column":71},"end":{"line":173,"column":98}}],"line":173},"17":{"loc":{"start":{"line":181,"column":62},"end":{"line":181,"column":105}},"type":"cond-expr","locations":[{"start":{"line":181,"column":86},"end":{"line":181,"column":95}},{"start":{"line":181,"column":98},"end":{"line":181,"column":105}}],"line":181}},"s":{"0":1,"1":39,"2":39,"3":39,"4":39,"5":39,"6":39,"7":39,"8":39,"9":39,"10":39,"11":35,"12":23,"13":39,"14":11,"15":39,"16":12,"17":12,"18":12,"19":12,"20":12,"21":12,"22":39,"23":2,"24":2,"25":2,"26":0,"27":2,"28":2,"29":2,"30":2,"31":2,"32":2,"33":2,"34":2,"35":2,"36":4,"37":2,"38":2,"39":39,"40":29,"41":39,"42":1,"43":2,"44":29,"45":29,"46":29,"47":1,"48":1,"49":1,"50":1},"f":{"0":39,"1":35,"2":23,"3":11,"4":12,"5":2,"6":2,"7":2,"8":4,"9":2,"10":29,"11":1,"12":2,"13":29,"14":29,"15":1,"16":1,"17":1},"b":{"0":[0,2],"1":[0,2],"2":[2,2],"3":[1,28],"4":[39,39],"5":[11,28],"6":[29,29],"7":[29,15],"8":[29,0,0],"9":[29,15],"10":[29,29],"11":[0,29],"12":[29,0],"13":[15,14],"14":[29,29],"15":[0,29],"16":[29,0],"17":[1,28]},"_coverageSchema":"1a1c01bbd47fc00a2c39e90264f33305004495a9","hash":"ccfd87e6b62fdf77e88d32307f842dadf5f7bfd6"}
,"C:\\repos\\tune-trail-client\\src\\components\\auth\\CompleteSpotifyModal.tsx": {"path":"C:\\repos\\tune-trail-client\\src\\components\\auth\\CompleteSpotifyModal.tsx","statementMap":{"0":{"start":{"line":17,"column":25},"end":{"line":23,"column":1}},"1":{"start":{"line":18,"column":4},"end":{"line":18,"column":50}},"2":{"start":{"line":18,"column":19},"end":{"line":18,"column":50}},"3":{"start":{"line":19,"column":4},"end":{"line":19,"column":83}},"4":{"start":{"line":19,"column":29},"end":{"line":19,"column":83}},"5":{"start":{"line":20,"column":4},"end":{"line":20,"column":84}},"6":{"start":{"line":20,"column":30},"end":{"line":20,"column":84}},"7":{"start":{"line":21,"column":4},"end":{"line":21,"column":119}},"8":{"start":{"line":21,"column":43},"end":{"line":21,"column":119}},"9":{"start":{"line":22,"column":4},"end":{"line":22,"column":14}},"10":{"start":{"line":31,"column":73},"end":{"line":169,"column":1}},"11":{"start":{"line":32,"column":36},"end":{"line":32,"column":48}},"12":{"start":{"line":33,"column":46},"end":{"line":33,"column":68}},"13":{"start":{"line":34,"column":38},"end":{"line":34,"column":53}},"14":{"start":{"line":35,"column":50},"end":{"line":35,"column":65}},"15":{"start":{"line":37,"column":25},"end":{"line":37,"column":56}},"16":{"start":{"line":38,"column":22},"end":{"line":38,"column":70}},"17":{"start":{"line":39,"column":21},"end":{"line":39,"column":58}},"18":{"start":{"line":41,"column":4},"end":{"line":45,"column":20}},"19":{"start":{"line":42,"column":8},"end":{"line":44,"column":9}},"20":{"start":{"line":43,"column":12},"end":{"line":43,"column":24}},"21":{"start":{"line":47,"column":22},"end":{"line":60,"column":5}},"22":{"start":{"line":48,"column":8},"end":{"line":59,"column":19}},"23":{"start":{"line":62,"column":23},"end":{"line":82,"column":5}},"24":{"start":{"line":63,"column":8},"end":{"line":81,"column":11}},"25":{"start":{"line":75,"column":12},"end":{"line":75,"column":28}},"26":{"start":{"line":76,"column":12},"end":{"line":76,"column":33}},"27":{"start":{"line":77,"column":12},"end":{"line":77,"column":32}},"28":{"start":{"line":78,"column":12},"end":{"line":78,"column":38}},"29":{"start":{"line":80,"column":12},"end":{"line":80,"column":22}},"30":{"start":{"line":84,"column":26},"end":{"line":84,"column":75}},"31":{"start":{"line":85,"column":24},"end":{"line":85,"column":56}},"32":{"start":{"line":87,"column":24},"end":{"line":89,"column":5}},"33":{"start":{"line":88,"column":8},"end":{"line":88,"column":95}},"34":{"start":{"line":91,"column":31},"end":{"line":98,"column":5}},"35":{"start":{"line":92,"column":8},"end":{"line":96,"column":9}},"36":{"start":{"line":93,"column":33},"end":{"line":93,"column":61}},"37":{"start":{"line":94,"column":12},"end":{"line":94,"column":62}},"38":{"start":{"line":95,"column":12},"end":{"line":95,"column":19}},"39":{"start":{"line":97,"column":8},"end":{"line":97,"column":78}},"40":{"start":{"line":100,"column":31},"end":{"line":116,"column":5}},"41":{"start":{"line":101,"column":8},"end":{"line":101,"column":33}},"42":{"start":{"line":102,"column":8},"end":{"line":102,"column":33}},"43":{"start":{"line":102,"column":26},"end":{"line":102,"column":33}},"44":{"start":{"line":104,"column":8},"end":{"line":104,"column":27}},"45":{"start":{"line":105,"column":8},"end":{"line":105,"column":29}},"46":{"start":{"line":107,"column":8},"end":{"line":115,"column":9}},"47":{"start":{"line":108,"column":29},"end":{"line":108,"column":72}},"48":{"start":{"line":109,"column":12},"end":{"line":109,"column":58}},"49":{"start":{"line":110,"column":12},"end":{"line":110,"column":25}},"50":{"start":{"line":112,"column":12},"end":{"line":112,"column":38}},"51":{"start":{"line":114,"column":12},"end":{"line":114,"column":32}},"52":{"start":{"line":118,"column":4},"end":{"line":118,"column":32}},"53":{"start":{"line":118,"column":20},"end":{"line":118,"column":32}},"54":{"start":{"line":120,"column":4},"end":{"line":168,"column":6}},"55":{"start":{"line":136,"column":39},"end":{"line":136,"column":63}},"56":{"start":{"line":151,"column":59},"end":{"line":151,"column":82}},"57":{"start":{"line":171,"column":15},"end":{"line":252,"column":2}}},"fnMap":{"0":{"name":"(anonymous_0)","decl":{"start":{"line":17,"column":25},"end":{"line":17,"column":26}},"loc":{"start":{"line":17,"column":47},"end":{"line":23,"column":1}},"line":17},"1":{"name":"(anonymous_1)","decl":{"start":{"line":31,"column":73},"end":{"line":31,"column":74}},"loc":{"start":{"line":31,"column":114},"end":{"line":169,"column":1}},"line":31},"2":{"name":"(anonymous_2)","decl":{"start":{"line":41,"column":14},"end":{"line":41,"column":15}},"loc":{"start":{"line":41,"column":20},"end":{"line":45,"column":5}},"line":41},"3":{"name":"(anonymous_3)","decl":{"start":{"line":47,"column":22},"end":{"line":47,"column":23}},"loc":{"start":{"line":47,"column":28},"end":{"line":60,"column":5}},"line":47},"4":{"name":"(anonymous_4)","decl":{"start":{"line":62,"column":23},"end":{"line":62,"column":24}},"loc":{"start":{"line":62,"column":29},"end":{"line":82,"column":5}},"line":62},"5":{"name":"(anonymous_5)","decl":{"start":{"line":74,"column":17},"end":{"line":74,"column":18}},"loc":{"start":{"line":74,"column":23},"end":{"line":81,"column":9}},"line":74},"6":{"name":"(anonymous_6)","decl":{"start":{"line":87,"column":24},"end":{"line":87,"column":25}},"loc":{"start":{"line":87,"column":59},"end":{"line":89,"column":5}},"line":87},"7":{"name":"(anonymous_7)","decl":{"start":{"line":91,"column":31},"end":{"line":91,"column":32}},"loc":{"start":{"line":91,"column":51},"end":{"line":98,"column":5}},"line":91},"8":{"name":"(anonymous_8)","decl":{"start":{"line":100,"column":31},"end":{"line":100,"column":32}},"loc":{"start":{"line":100,"column":43},"end":{"line":116,"column":5}},"line":100},"9":{"name":"(anonymous_9)","decl":{"start":{"line":136,"column":33},"end":{"line":136,"column":34}},"loc":{"start":{"line":136,"column":39},"end":{"line":136,"column":63}},"line":136},"10":{"name":"(anonymous_10)","decl":{"start":{"line":151,"column":43},"end":{"line":151,"column":44}},"loc":{"start":{"line":151,"column":59},"end":{"line":151,"column":82}},"line":151}},"branchMap":{"0":{"loc":{"start":{"line":18,"column":4},"end":{"line":18,"column":50}},"type":"if","locations":[{"start":{"line":18,"column":4},"end":{"line":18,"column":50}},{"start":{},"end":{}}],"line":18},"1":{"loc":{"start":{"line":19,"column":4},"end":{"line":19,"column":83}},"type":"if","locations":[{"start":{"line":19,"column":4},"end":{"line":19,"column":83}},{"start":{},"end":{}}],"line":19},"2":{"loc":{"start":{"line":20,"column":4},"end":{"line":20,"column":84}},"type":"if","locations":[{"start":{"line":20,"column":4},"end":{"line":20,"column":84}},{"start":{},"end":{}}],"line":20},"3":{"loc":{"start":{"line":21,"column":4},"end":{"line":21,"column":119}},"type":"if","locations":[{"start":{"line":21,"column":4},"end":{"line":21,"column":119}},{"start":{},"end":{}}],"line":21},"4":{"loc":{"start":{"line":42,"column":8},"end":{"line":44,"column":9}},"type":"if","locations":[{"start":{"line":42,"column":8},"end":{"line":44,"column":9}},{"start":{},"end":{}}],"line":42},"5":{"loc":{"start":{"line":84,"column":26},"end":{"line":84,"column":75}},"type":"cond-expr","locations":[{"start":{"line":84,"column":44},"end":{"line":84,"column":70}},{"start":{"line":84,"column":73},"end":{"line":84,"column":75}}],"line":84},"6":{"loc":{"start":{"line":85,"column":24},"end":{"line":85,"column":56}},"type":"binary-expr","locations":[{"start":{"line":85,"column":24},"end":{"line":85,"column":44}},{"start":{"line":85,"column":48},"end":{"line":85,"column":56}}],"line":85},"7":{"loc":{"start":{"line":88,"column":15},"end":{"line":88,"column":94}},"type":"cond-expr","locations":[{"start":{"line":88,"column":23},"end":{"line":88,"column":87}},{"start":{"line":88,"column":90},"end":{"line":88,"column":94}}],"line":88},"8":{"loc":{"start":{"line":92,"column":8},"end":{"line":96,"column":9}},"type":"if","locations":[{"start":{"line":92,"column":8},"end":{"line":96,"column":9}},{"start":{},"end":{}}],"line":92},"9":{"loc":{"start":{"line":102,"column":8},"end":{"line":102,"column":33}},"type":"if","locations":[{"start":{"line":102,"column":8},"end":{"line":102,"column":33}},{"start":{},"end":{}}],"line":102},"10":{"loc":{"start":{"line":118,"column":4},"end":{"line":118,"column":32}},"type":"if","locations":[{"start":{"line":118,"column":4},"end":{"line":118,"column":32}},{"start":{},"end":{}}],"line":118},"11":{"loc":{"start":{"line":139,"column":28},"end":{"line":139,"column":100}},"type":"binary-expr","locations":[{"start":{"line":139,"column":28},"end":{"line":139,"column":43}},{"start":{"line":139,"column":48},"end":{"line":139,"column":99}}],"line":139},"12":{"loc":{"start":{"line":139,"column":48},"end":{"line":139,"column":99}},"type":"cond-expr","locations":[{"start":{"line":139,"column":62},"end":{"line":139,"column":79}},{"start":{"line":139,"column":82},"end":{"line":139,"column":99}}],"line":139},"13":{"loc":{"start":{"line":148,"column":17},"end":{"line":153,"column":17}},"type":"binary-expr","locations":[{"start":{"line":148,"column":19},"end":{"line":148,"column":34}},{"start":{"line":148,"column":38},"end":{"line":148,"column":62}},{"start":{"line":148,"column":68},"end":{"line":148,"column":81}},{"start":{"line":148,"column":85},"end":{"line":148,"column":109}},{"start":{"line":149,"column":20},"end":{"line":152,"column":27}}],"line":148},"14":{"loc":{"start":{"line":150,"column":25},"end":{"line":150,"column":68}},"type":"binary-expr","locations":[{"start":{"line":150,"column":25},"end":{"line":150,"column":38}},{"start":{"line":150,"column":42},"end":{"line":150,"column":68}}],"line":150},"15":{"loc":{"start":{"line":157,"column":66},"end":{"line":157,"column":87}},"type":"cond-expr","locations":[{"start":{"line":157,"column":80},"end":{"line":157,"column":81}},{"start":{"line":157,"column":84},"end":{"line":157,"column":87}}],"line":157},"16":{"loc":{"start":{"line":159,"column":30},"end":{"line":159,"column":55}},"type":"binary-expr","locations":[{"start":{"line":159,"column":30},"end":{"line":159,"column":42}},{"start":{"line":159,"column":46},"end":{"line":159,"column":55}}],"line":159},"17":{"loc":{"start":{"line":160,"column":21},"end":{"line":164,"column":21}},"type":"cond-expr","locations":[{"start":{"line":161,"column":24},"end":{"line":161,"column":72}},{"start":{"line":163,"column":24},"end":{"line":163,"column":76}}],"line":160}},"s":{"0":2,"1":7,"2":0,"3":7,"4":1,"5":6,"6":0,"7":6,"8":1,"9":5,"10":2,"11":21,"12":21,"13":21,"14":21,"15":21,"16":21,"17":21,"18":21,"19":8,"20":7,"21":21,"22":7,"23":21,"24":1,"25":1,"26":1,"27":1,"28":1,"29":1,"30":21,"31":21,"32":21,"33":4,"34":21,"35":2,"36":1,"37":1,"38":1,"39":1,"40":21,"41":3,"42":3,"43":0,"44":3,"45":3,"46":3,"47":3,"48":1,"49":1,"50":2,"51":3,"52":21,"53":1,"54":20,"55":5,"56":2,"57":2},"f":{"0":7,"1":21,"2":8,"3":7,"4":1,"5":1,"6":4,"7":2,"8":3,"9":5,"10":2},"b":{"0":[0,7],"1":[1,6],"2":[0,6],"3":[1,5],"4":[7,1],"5":[7,14],"6":[21,19],"7":[4,0],"8":[1,1],"9":[0,3],"10":[1,20],"11":[20,7],"12":[5,2],"13":[20,13,7,5,4],"14":[4,2],"15":[10,10],"16":[20,10],"17":[0,20]},"_coverageSchema":"1a1c01bbd47fc00a2c39e90264f33305004495a9","hash":"b7c21fd844bf04bc4582d2d82b0061b8a1741e63"}
,"C:\\repos\\tune-trail-client\\src\\components\\auth\\SessionUnavailableModal.tsx": {"path":"C:\\repos\\tune-trail-client\\src\\components\\auth\\SessionUnavailableModal.tsx","statementMap":{"0":{"start":{"line":19,"column":60},"end":{"line":95,"column":1}},"1":{"start":{"line":20,"column":19},"end":{"line":20,"column":30}},"2":{"start":{"line":22,"column":25},"end":{"line":22,"column":56}},"3":{"start":{"line":23,"column":22},"end":{"line":23,"column":70}},"4":{"start":{"line":24,"column":21},"end":{"line":24,"column":58}},"5":{"start":{"line":26,"column":4},"end":{"line":30,"column":20}},"6":{"start":{"line":27,"column":8},"end":{"line":29,"column":9}},"7":{"start":{"line":28,"column":12},"end":{"line":28,"column":24}},"8":{"start":{"line":32,"column":22},"end":{"line":45,"column":5}},"9":{"start":{"line":33,"column":8},"end":{"line":44,"column":19}},"10":{"start":{"line":47,"column":23},"end":{"line":60,"column":5}},"11":{"start":{"line":48,"column":8},"end":{"line":59,"column":34}},"12":{"start":{"line":59,"column":23},"end":{"line":59,"column":32}},"13":{"start":{"line":62,"column":25},"end":{"line":65,"column":5}},"14":{"start":{"line":63,"column":8},"end":{"line":63,"column":21}},"15":{"start":{"line":64,"column":8},"end":{"line":64,"column":32}},"16":{"start":{"line":67,"column":4},"end":{"line":67,"column":32}},"17":{"start":{"line":67,"column":20},"end":{"line":67,"column":32}},"18":{"start":{"line":69,"column":4},"end":{"line":94,"column":6}},"19":{"start":{"line":97,"column":15},"end":{"line":156,"column":2}}},"fnMap":{"0":{"name":"(anonymous_0)","decl":{"start":{"line":19,"column":60},"end":{"line":19,"column":61}},"loc":{"start":{"line":19,"column":88},"end":{"line":95,"column":1}},"line":19},"1":{"name":"(anonymous_1)","decl":{"start":{"line":26,"column":14},"end":{"line":26,"column":15}},"loc":{"start":{"line":26,"column":20},"end":{"line":30,"column":5}},"line":26},"2":{"name":"(anonymous_2)","decl":{"start":{"line":32,"column":22},"end":{"line":32,"column":23}},"loc":{"start":{"line":32,"column":28},"end":{"line":45,"column":5}},"line":32},"3":{"name":"(anonymous_3)","decl":{"start":{"line":47,"column":23},"end":{"line":47,"column":24}},"loc":{"start":{"line":47,"column":29},"end":{"line":60,"column":5}},"line":47},"4":{"name":"(anonymous_4)","decl":{"start":{"line":59,"column":17},"end":{"line":59,"column":18}},"loc":{"start":{"line":59,"column":23},"end":{"line":59,"column":32}},"line":59},"5":{"name":"(anonymous_5)","decl":{"start":{"line":62,"column":25},"end":{"line":62,"column":26}},"loc":{"start":{"line":62,"column":31},"end":{"line":65,"column":5}},"line":62}},"branchMap":{"0":{"loc":{"start":{"line":27,"column":8},"end":{"line":29,"column":9}},"type":"if","locations":[{"start":{"line":27,"column":8},"end":{"line":29,"column":9}},{"start":{},"end":{}}],"line":27},"1":{"loc":{"start":{"line":67,"column":4},"end":{"line":67,"column":32}},"type":"if","locations":[{"start":{"line":67,"column":4},"end":{"line":67,"column":32}},{"start":{},"end":{}}],"line":67}},"s":{"0":2,"1":6,"2":6,"3":6,"4":6,"5":6,"6":6,"7":5,"8":6,"9":5,"10":6,"11":3,"12":3,"13":6,"14":1,"15":1,"16":6,"17":1,"18":5,"19":2},"f":{"0":6,"1":6,"2":5,"3":3,"4":3,"5":1},"b":{"0":[5,1],"1":[1,5]},"_coverageSchema":"1a1c01bbd47fc00a2c39e90264f33305004495a9","hash":"fdab90b772100a014c4f9a1b7cdce5f5deb6a600"}
,"C:\\repos\\tune-trail-client\\src\\components\\auth\\SpotifyAuthModal.tsx": {"path":"C:\\repos\\tune-trail-client\\src\\components\\auth\\SpotifyAuthModal.tsx","statementMap":{"0":{"start":{"line":8,"column":26},"end":{"line":8,"column":60}},"1":{"start":{"line":9,"column":29},"end":{"line":9,"column":65}},"2":{"start":{"line":10,"column":23},"end":{"line":10,"column":58}},"3":{"start":{"line":11,"column":25},"end":{"line":11,"column":233}},"4":{"start":{"line":19,"column":65},"end":{"line":148,"column":1}},"5":{"start":{"line":20,"column":19},"end":{"line":20,"column":38}},"6":{"start":{"line":21,"column":25},"end":{"line":21,"column":56}},"7":{"start":{"line":22,"column":22},"end":{"line":22,"column":70}},"8":{"start":{"line":24,"column":4},"end":{"line":28,"column":20}},"9":{"start":{"line":25,"column":8},"end":{"line":27,"column":9}},"10":{"start":{"line":26,"column":12},"end":{"line":26,"column":24}},"11":{"start":{"line":30,"column":22},"end":{"line":36,"column":5}},"12":{"start":{"line":31,"column":8},"end":{"line":35,"column":19}},"13":{"start":{"line":38,"column":23},"end":{"line":46,"column":5}},"14":{"start":{"line":39,"column":8},"end":{"line":45,"column":11}},"15":{"start":{"line":44,"column":12},"end":{"line":44,"column":22}},"16":{"start":{"line":48,"column":25},"end":{"line":50,"column":5}},"17":{"start":{"line":49,"column":8},"end":{"line":49,"column":84}},"18":{"start":{"line":52,"column":27},"end":{"line":75,"column":5}},"19":{"start":{"line":53,"column":27},"end":{"line":53,"column":44}},"20":{"start":{"line":54,"column":8},"end":{"line":74,"column":9}},"21":{"start":{"line":55,"column":12},"end":{"line":73,"column":13}},"22":{"start":{"line":56,"column":32},"end":{"line":56,"column":51}},"23":{"start":{"line":57,"column":33},"end":{"line":57,"column":65}},"24":{"start":{"line":58,"column":30},"end":{"line":58,"column":63}},"25":{"start":{"line":60,"column":16},"end":{"line":63,"column":17}},"26":{"start":{"line":61,"column":20},"end":{"line":61,"column":43}},"27":{"start":{"line":62,"column":20},"end":{"line":62,"column":27}},"28":{"start":{"line":65,"column":16},"end":{"line":69,"column":17}},"29":{"start":{"line":66,"column":20},"end":{"line":66,"column":48}},"30":{"start":{"line":68,"column":20},"end":{"line":68,"column":40}},"31":{"start":{"line":71,"column":16},"end":{"line":71,"column":62}},"32":{"start":{"line":72,"column":16},"end":{"line":72,"column":36}},"33":{"start":{"line":77,"column":30},"end":{"line":80,"column":5}},"34":{"start":{"line":78,"column":8},"end":{"line":78,"column":21}},"35":{"start":{"line":79,"column":8},"end":{"line":79,"column":37}},"36":{"start":{"line":82,"column":28},"end":{"line":91,"column":5}},"37":{"start":{"line":83,"column":8},"end":{"line":89,"column":11}},"38":{"start":{"line":90,"column":8},"end":{"line":90,"column":21}},"39":{"start":{"line":93,"column":30},"end":{"line":100,"column":5}},"40":{"start":{"line":94,"column":8},"end":{"line":98,"column":11}},"41":{"start":{"line":99,"column":8},"end":{"line":99,"column":21}},"42":{"start":{"line":102,"column":41},"end":{"line":108,"column":5}},"43":{"start":{"line":103,"column":8},"end":{"line":106,"column":9}},"44":{"start":{"line":104,"column":12},"end":{"line":104,"column":40}},"45":{"start":{"line":105,"column":12},"end":{"line":105,"column":25}},"46":{"start":{"line":107,"column":8},"end":{"line":107,"column":20}},"47":{"start":{"line":110,"column":4},"end":{"line":110,"column":32}},"48":{"start":{"line":110,"column":20},"end":{"line":110,"column":32}},"49":{"start":{"line":112,"column":4},"end":{"line":147,"column":6}},"50":{"start":{"line":137,"column":41},"end":{"line":137,"column":81}},"51":{"start":{"line":150,"column":15},"end":{"line":181,"column":2}}},"fnMap":{"0":{"name":"(anonymous_0)","decl":{"start":{"line":19,"column":65},"end":{"line":19,"column":66}},"loc":{"start":{"line":19,"column":113},"end":{"line":148,"column":1}},"line":19},"1":{"name":"(anonymous_1)","decl":{"start":{"line":24,"column":14},"end":{"line":24,"column":15}},"loc":{"start":{"line":24,"column":20},"end":{"line":28,"column":5}},"line":24},"2":{"name":"(anonymous_2)","decl":{"start":{"line":30,"column":22},"end":{"line":30,"column":23}},"loc":{"start":{"line":30,"column":28},"end":{"line":36,"column":5}},"line":30},"3":{"name":"(anonymous_3)","decl":{"start":{"line":38,"column":23},"end":{"line":38,"column":24}},"loc":{"start":{"line":38,"column":29},"end":{"line":46,"column":5}},"line":38},"4":{"name":"(anonymous_4)","decl":{"start":{"line":43,"column":17},"end":{"line":43,"column":18}},"loc":{"start":{"line":43,"column":23},"end":{"line":45,"column":9}},"line":43},"5":{"name":"(anonymous_5)","decl":{"start":{"line":48,"column":25},"end":{"line":48,"column":26}},"loc":{"start":{"line":48,"column":50},"end":{"line":50,"column":5}},"line":48},"6":{"name":"(anonymous_6)","decl":{"start":{"line":52,"column":27},"end":{"line":52,"column":28}},"loc":{"start":{"line":52,"column":44},"end":{"line":75,"column":5}},"line":52},"7":{"name":"(anonymous_7)","decl":{"start":{"line":77,"column":30},"end":{"line":77,"column":31}},"loc":{"start":{"line":77,"column":52},"end":{"line":80,"column":5}},"line":77},"8":{"name":"(anonymous_8)","decl":{"start":{"line":82,"column":28},"end":{"line":82,"column":29}},"loc":{"start":{"line":82,"column":47},"end":{"line":91,"column":5}},"line":82},"9":{"name":"(anonymous_9)","decl":{"start":{"line":93,"column":30},"end":{"line":93,"column":31}},"loc":{"start":{"line":93,"column":36},"end":{"line":100,"column":5}},"line":93},"10":{"name":"(anonymous_10)","decl":{"start":{"line":102,"column":41},"end":{"line":102,"column":42}},"loc":{"start":{"line":102,"column":59},"end":{"line":108,"column":5}},"line":102},"11":{"name":"(anonymous_11)","decl":{"start":{"line":137,"column":35},"end":{"line":137,"column":36}},"loc":{"start":{"line":137,"column":41},"end":{"line":137,"column":81}},"line":137}},"branchMap":{"0":{"loc":{"start":{"line":25,"column":8},"end":{"line":27,"column":9}},"type":"if","locations":[{"start":{"line":25,"column":8},"end":{"line":27,"column":9}},{"start":{},"end":{}}],"line":25},"1":{"loc":{"start":{"line":54,"column":8},"end":{"line":74,"column":9}},"type":"if","locations":[{"start":{"line":54,"column":8},"end":{"line":74,"column":9}},{"start":{},"end":{}}],"line":54},"2":{"loc":{"start":{"line":60,"column":16},"end":{"line":63,"column":17}},"type":"if","locations":[{"start":{"line":60,"column":16},"end":{"line":63,"column":17}},{"start":{},"end":{}}],"line":60},"3":{"loc":{"start":{"line":65,"column":16},"end":{"line":69,"column":17}},"type":"if","locations":[{"start":{"line":65,"column":16},"end":{"line":69,"column":17}},{"start":{"line":67,"column":23},"end":{"line":69,"column":17}}],"line":65},"4":{"loc":{"start":{"line":86,"column":19},"end":{"line":88,"column":43}},"type":"cond-expr","locations":[{"start":{"line":87,"column":18},"end":{"line":87,"column":56}},{"start":{"line":88,"column":18},"end":{"line":88,"column":43}}],"line":86},"5":{"loc":{"start":{"line":103,"column":8},"end":{"line":106,"column":9}},"type":"if","locations":[{"start":{"line":103,"column":8},"end":{"line":106,"column":9}},{"start":{},"end":{}}],"line":103},"6":{"loc":{"start":{"line":110,"column":4},"end":{"line":110,"column":32}},"type":"if","locations":[{"start":{"line":110,"column":4},"end":{"line":110,"column":32}},{"start":{},"end":{}}],"line":110}},"s":{"0":1,"1":1,"2":1,"3":1,"4":1,"5":7,"6":7,"7":7,"8":7,"9":7,"10":6,"11":7,"12":6,"13":7,"14":5,"15":5,"16":7,"17":4,"18":7,"19":4,"20":4,"21":4,"22":4,"23":3,"24":3,"25":3,"26":1,"27":1,"28":2,"29":1,"30":1,"31":1,"32":1,"33":7,"34":1,"35":1,"36":7,"37":1,"38":1,"39":7,"40":2,"41":2,"42":7,"43":10,"44":4,"45":4,"46":6,"47":7,"48":1,"49":6,"50":0,"51":1},"f":{"0":7,"1":7,"2":6,"3":5,"4":5,"5":4,"6":4,"7":1,"8":1,"9":2,"10":10,"11":0},"b":{"0":[6,1],"1":[4,0],"2":[1,2],"3":[1,1],"4":[1,0],"5":[4,6],"6":[1,6]},"_coverageSchema":"1a1c01bbd47fc00a2c39e90264f33305004495a9","hash":"80a065d49add1106270839913e37674337b0ce12"}
,"C:\\repos\\tune-trail-client\\src\\components\\location\\LocationPermissionRequiredModal.tsx": {"path":"C:\\repos\\tune-trail-client\\src\\components\\location\\LocationPermissionRequiredModal.tsx","statementMap":{"0":{"start":{"line":15,"column":95},"end":{"line":74,"column":1}},"1":{"start":{"line":16,"column":25},"end":{"line":16,"column":56}},"2":{"start":{"line":17,"column":22},"end":{"line":17,"column":70}},"3":{"start":{"line":18,"column":21},"end":{"line":18,"column":58}},"4":{"start":{"line":19,"column":48},"end":{"line":19,"column":72}},"5":{"start":{"line":21,"column":4},"end":{"line":27,"column":43}},"6":{"start":{"line":22,"column":8},"end":{"line":26,"column":9}},"7":{"start":{"line":23,"column":12},"end":{"line":23,"column":24}},"8":{"start":{"line":24,"column":15},"end":{"line":26,"column":9}},"9":{"start":{"line":25,"column":12},"end":{"line":25,"column":25}},"10":{"start":{"line":29,"column":22},"end":{"line":44,"column":5}},"11":{"start":{"line":30,"column":8},"end":{"line":30,"column":31}},"12":{"start":{"line":32,"column":8},"end":{"line":43,"column":19}},"13":{"start":{"line":46,"column":23},"end":{"line":59,"column":5}},"14":{"start":{"line":47,"column":8},"end":{"line":58,"column":49}},"15":{"start":{"line":58,"column":23},"end":{"line":58,"column":47}},"16":{"start":{"line":61,"column":4},"end":{"line":61,"column":37}},"17":{"start":{"line":61,"column":25},"end":{"line":61,"column":37}},"18":{"start":{"line":63,"column":4},"end":{"line":73,"column":6}},"19":{"start":{"line":76,"column":15},"end":{"line":109,"column":2}}},"fnMap":{"0":{"name":"(anonymous_0)","decl":{"start":{"line":15,"column":95},"end":{"line":15,"column":96}},"loc":{"start":{"line":15,"column":122},"end":{"line":74,"column":1}},"line":15},"1":{"name":"(anonymous_1)","decl":{"start":{"line":21,"column":14},"end":{"line":21,"column":15}},"loc":{"start":{"line":21,"column":20},"end":{"line":27,"column":5}},"line":21},"2":{"name":"(anonymous_2)","decl":{"start":{"line":29,"column":22},"end":{"line":29,"column":23}},"loc":{"start":{"line":29,"column":28},"end":{"line":44,"column":5}},"line":29},"3":{"name":"(anonymous_3)","decl":{"start":{"line":46,"column":23},"end":{"line":46,"column":24}},"loc":{"start":{"line":46,"column":29},"end":{"line":59,"column":5}},"line":46},"4":{"name":"(anonymous_4)","decl":{"start":{"line":58,"column":17},"end":{"line":58,"column":18}},"loc":{"start":{"line":58,"column":23},"end":{"line":58,"column":47}},"line":58}},"branchMap":{"0":{"loc":{"start":{"line":22,"column":8},"end":{"line":26,"column":9}},"type":"if","locations":[{"start":{"line":22,"column":8},"end":{"line":26,"column":9}},{"start":{"line":24,"column":15},"end":{"line":26,"column":9}}],"line":22},"1":{"loc":{"start":{"line":24,"column":15},"end":{"line":26,"column":9}},"type":"if","locations":[{"start":{"line":24,"column":15},"end":{"line":26,"column":9}},{"start":{},"end":{}}],"line":24},"2":{"loc":{"start":{"line":24,"column":19},"end":{"line":24,"column":63}},"type":"binary-expr","locations":[{"start":{"line":24,"column":19},"end":{"line":24,"column":45}},{"start":{"line":24,"column":49},"end":{"line":24,"column":63}}],"line":24},"3":{"loc":{"start":{"line":61,"column":4},"end":{"line":61,"column":37}},"type":"if","locations":[{"start":{"line":61,"column":4},"end":{"line":61,"column":37}},{"start":{},"end":{}}],"line":61}},"s":{"0":2,"1":13,"2":13,"3":13,"4":13,"5":13,"6":10,"7":6,"8":4,"9":1,"10":13,"11":6,"12":6,"13":13,"14":1,"15":1,"16":13,"17":6,"18":7,"19":2},"f":{"0":13,"1":10,"2":6,"3":1,"4":1},"b":{"0":[6,4],"1":[1,3],"2":[4,3],"3":[6,7]},"_coverageSchema":"1a1c01bbd47fc00a2c39e90264f33305004495a9","hash":"cd3d5620d534c24d4d7ac04970057e21a43d567f"}
,"C:\\repos\\tune-trail-client\\src\\components\\maps\\LocalityCluster.tsx": {"path":"C:\\repos\\tune-trail-client\\src\\components\\maps\\LocalityCluster.tsx","statementMap":{"0":{"start":{"line":11,"column":31},"end":{"line":38,"column":1}},"1":{"start":{"line":12,"column":31},"end":{"line":18,"column":5}},"2":{"start":{"line":13,"column":32},"end":{"line":13,"column":78}},"3":{"start":{"line":15,"column":8},"end":{"line":17,"column":9}},"4":{"start":{"line":16,"column":12},"end":{"line":16,"column":66}},"5":{"start":{"line":20,"column":4},"end":{"line":35,"column":6}},"6":{"start":{"line":37,"column":4},"end":{"line":37,"column":57}},"7":{"start":{"line":40,"column":15},"end":{"line":57,"column":2}}},"fnMap":{"0":{"name":"(anonymous_0)","decl":{"start":{"line":11,"column":42},"end":{"line":11,"column":43}},"loc":{"start":{"line":11,"column":96},"end":{"line":36,"column":1}},"line":11},"1":{"name":"(anonymous_1)","decl":{"start":{"line":12,"column":31},"end":{"line":12,"column":32}},"loc":{"start":{"line":12,"column":37},"end":{"line":18,"column":5}},"line":12},"2":{"name":"(anonymous_2)","decl":{"start":{"line":36,"column":3},"end":{"line":36,"column":4}},"loc":{"start":{"line":37,"column":4},"end":{"line":37,"column":57}},"line":37}},"branchMap":{"0":{"loc":{"start":{"line":15,"column":8},"end":{"line":17,"column":9}},"type":"if","locations":[{"start":{"line":15,"column":8},"end":{"line":17,"column":9}},{"start":{},"end":{}}],"line":15}},"s":{"0":2,"1":5,"2":2,"3":2,"4":1,"5":5,"6":1,"7":2},"f":{"0":5,"1":2,"2":1},"b":{"0":[1,1]},"_coverageSchema":"1a1c01bbd47fc00a2c39e90264f33305004495a9","hash":"a96f6a6633944ca4cd088f0686eee4e57d19f436"}
,"C:\\repos\\tune-trail-client\\src\\components\\maps\\LocalityMapView.tsx": {"path":"C:\\repos\\tune-trail-client\\src\\components\\maps\\LocalityMapView.tsx","statementMap":{"0":{"start":{"line":38,"column":42},"end":{"line":38,"column":46}},"1":{"start":{"line":39,"column":43},"end":{"line":39,"column":47}},"2":{"start":{"line":40,"column":37},"end":{"line":40,"column":42}},"3":{"start":{"line":42,"column":42},"end":{"line":42,"column":46}},"4":{"start":{"line":44,"column":38},"end":{"line":44,"column":40}},"5":{"start":{"line":46,"column":18},"end":{"line":46,"column":23}},"6":{"start":{"line":47,"column":18},"end":{"line":47,"column":31}},"7":{"start":{"line":49,"column":29},"end":{"line":49,"column":31}},"8":{"start":{"line":51,"column":19},"end":{"line":55,"column":1}},"9":{"start":{"line":52,"column":20},"end":{"line":52,"column":52}},"10":{"start":{"line":53,"column":20},"end":{"line":53,"column":53}},"11":{"start":{"line":54,"column":4},"end":{"line":54,"column":35}},"12":{"start":{"line":57,"column":22},"end":{"line":63,"column":1}},"13":{"start":{"line":58,"column":23},"end":{"line":58,"column":41}},"14":{"start":{"line":59,"column":4},"end":{"line":61,"column":5}},"15":{"start":{"line":60,"column":8},"end":{"line":60,"column":31}},"16":{"start":{"line":62,"column":4},"end":{"line":62,"column":16}},"17":{"start":{"line":65,"column":22},"end":{"line":70,"column":1}},"18":{"start":{"line":66,"column":4},"end":{"line":69,"column":6}},"19":{"start":{"line":72,"column":27},"end":{"line":89,"column":1}},"20":{"start":{"line":76,"column":27},"end":{"line":76,"column":76}},"21":{"start":{"line":78,"column":4},"end":{"line":81,"column":7}},"22":{"start":{"line":79,"column":20},"end":{"line":79,"column":88}},"23":{"start":{"line":80,"column":8},"end":{"line":80,"column":41}},"24":{"start":{"line":83,"column":4},"end":{"line":86,"column":7}},"25":{"start":{"line":84,"column":20},"end":{"line":84,"column":88}},"26":{"start":{"line":85,"column":8},"end":{"line":85,"column":41}},"27":{"start":{"line":88,"column":4},"end":{"line":88,"column":47}},"28":{"start":{"line":91,"column":21},"end":{"line":93,"column":1}},"29":{"start":{"line":92,"column":4},"end":{"line":92,"column":65}},"30":{"start":{"line":95,"column":31},"end":{"line":342,"column":2}},"31":{"start":{"line":96,"column":29},"end":{"line":96,"column":42}},"32":{"start":{"line":97,"column":35},"end":{"line":97,"column":46}},"33":{"start":{"line":98,"column":30},"end":{"line":98,"column":54}},"34":{"start":{"line":100,"column":36},"end":{"line":100,"column":50}},"35":{"start":{"line":101,"column":46},"end":{"line":101,"column":92}},"36":{"start":{"line":102,"column":32},"end":{"line":107,"column":6}},"37":{"start":{"line":108,"column":54},"end":{"line":108,"column":65}},"38":{"start":{"line":110,"column":26},"end":{"line":110,"column":56}},"39":{"start":{"line":111,"column":19},"end":{"line":111,"column":40}},"40":{"start":{"line":113,"column":4},"end":{"line":115,"column":51}},"41":{"start":{"line":114,"column":8},"end":{"line":114,"column":55}},"42":{"start":{"line":117,"column":4},"end":{"line":119,"column":39}},"43":{"start":{"line":118,"column":8},"end":{"line":118,"column":39}},"44":{"start":{"line":121,"column":4},"end":{"line":141,"column":33}},"45":{"start":{"line":122,"column":8},"end":{"line":140,"column":9}},"46":{"start":{"line":123,"column":30},"end":{"line":128,"column":13}},"47":{"start":{"line":130,"column":29},"end":{"line":137,"column":19}},"48":{"start":{"line":131,"column":16},"end":{"line":136,"column":17}},"49":{"start":{"line":132,"column":20},"end":{"line":132,"column":68}},"50":{"start":{"line":133,"column":20},"end":{"line":133,"column":41}},"51":{"start":{"line":134,"column":20},"end":{"line":134,"column":56}},"52":{"start":{"line":135,"column":20},"end":{"line":135,"column":44}},"53":{"start":{"line":139,"column":12},"end":{"line":139,"column":49}},"54":{"start":{"line":139,"column":25},"end":{"line":139,"column":48}},"55":{"start":{"line":143,"column":4},"end":{"line":156,"column":8}},"56":{"start":{"line":143,"column":36},"end":{"line":156,"column":5}},"57":{"start":{"line":145,"column":12},"end":{"line":154,"column":13}},"58":{"start":{"line":146,"column":34},"end":{"line":151,"column":17}},"59":{"start":{"line":152,"column":16},"end":{"line":152,"column":65}},"60":{"start":{"line":153,"column":16},"end":{"line":153,"column":34}},"61":{"start":{"line":158,"column":28},"end":{"line":229,"column":5}},"62":{"start":{"line":159,"column":71},"end":{"line":159,"column":77}},"63":{"start":{"line":160,"column":26},"end":{"line":160,"column":54}},"64":{"start":{"line":162,"column":8},"end":{"line":228,"column":9}},"65":{"start":{"line":163,"column":27},"end":{"line":168,"column":13}},"66":{"start":{"line":170,"column":43},"end":{"line":170,"column":45}},"67":{"start":{"line":171,"column":29},"end":{"line":171,"column":77}},"68":{"start":{"line":172,"column":29},"end":{"line":172,"column":76}},"69":{"start":{"line":174,"column":12},"end":{"line":195,"column":13}},"70":{"start":{"line":174,"column":27},"end":{"line":174,"column":35}},"71":{"start":{"line":175,"column":16},"end":{"line":194,"column":17}},"72":{"start":{"line":175,"column":31},"end":{"line":175,"column":39}},"73":{"start":{"line":176,"column":38},"end":{"line":176,"column":53}},"74":{"start":{"line":177,"column":38},"end":{"line":177,"column":41}},"75":{"start":{"line":178,"column":37},"end":{"line":178,"column":52}},"76":{"start":{"line":179,"column":37},"end":{"line":179,"column":40}},"77":{"start":{"line":181,"column":20},"end":{"line":193,"column":21}},"78":{"start":{"line":187,"column":24},"end":{"line":192,"column":27}},"79":{"start":{"line":197,"column":12},"end":{"line":225,"column":13}},"80":{"start":{"line":198,"column":16},"end":{"line":222,"column":19}},"81":{"start":{"line":199,"column":36},"end":{"line":199,"column":69}},"82":{"start":{"line":200,"column":39},"end":{"line":200,"column":61}},"83":{"start":{"line":202,"column":20},"end":{"line":221,"column":21}},"84":{"start":{"line":203,"column":24},"end":{"line":203,"column":89}},"85":{"start":{"line":203,"column":51},"end":{"line":203,"column":87}},"86":{"start":{"line":204,"column":27},"end":{"line":221,"column":21}},"87":{"start":{"line":205,"column":24},"end":{"line":205,"column":59}},"88":{"start":{"line":206,"column":24},"end":{"line":206,"column":73}},"89":{"start":{"line":208,"column":24},"end":{"line":220,"column":31}},"90":{"start":{"line":211,"column":32},"end":{"line":211,"column":70}},"91":{"start":{"line":212,"column":32},"end":{"line":212,"column":100}},"92":{"start":{"line":212,"column":59},"end":{"line":212,"column":98}},"93":{"start":{"line":215,"column":32},"end":{"line":215,"column":82}},"94":{"start":{"line":218,"column":32},"end":{"line":218,"column":70}},"95":{"start":{"line":219,"column":32},"end":{"line":219,"column":81}},"96":{"start":{"line":224,"column":16},"end":{"line":224,"column":67}},"97":{"start":{"line":227,"column":12},"end":{"line":227,"column":33}},"98":{"start":{"line":231,"column":37},"end":{"line":231,"column":67}},"99":{"start":{"line":233,"column":4},"end":{"line":341,"column":6}},"100":{"start":{"line":244,"column":20},"end":{"line":244,"column":38}},"101":{"start":{"line":245,"column":20},"end":{"line":245,"column":53}},"102":{"start":{"line":247,"column":20},"end":{"line":257,"column":21}},"103":{"start":{"line":249,"column":28},"end":{"line":252,"column":127}},"104":{"start":{"line":254,"column":24},"end":{"line":256,"column":25}},"105":{"start":{"line":255,"column":28},"end":{"line":255,"column":47}},"106":{"start":{"line":259,"column":20},"end":{"line":274,"column":21}},"107":{"start":{"line":260,"column":40},"end":{"line":263,"column":26}},"108":{"start":{"line":265,"column":24},"end":{"line":270,"column":25}},"109":{"start":{"line":266,"column":41},"end":{"line":266,"col
[...]
start":{"line":107,"column":28},"end":{"line":107,"column":68}},"type":"binary-expr","locations":[{"start":{"line":107,"column":28},"end":{"line":107,"column":60}},{"start":{"line":107,"column":64},"end":{"line":107,"column":68}}],"line":107},"3":{"loc":{"start":{"line":108,"column":25},"end":{"line":108,"column":75}},"type":"binary-expr","locations":[{"start":{"line":108,"column":25},"end":{"line":108,"column":67}},{"start":{"line":108,"column":71},"end":{"line":108,"column":75}}],"line":108},"4":{"loc":{"start":{"line":115,"column":8},"end":{"line":115,"column":76}},"type":"if","locations":[{"start":{"line":115,"column":8},"end":{"line":115,"column":76}},{"start":{},"end":{}}],"line":115},"5":{"loc":{"start":{"line":116,"column":8},"end":{"line":116,"column":71}},"type":"if","locations":[{"start":{"line":116,"column":8},"end":{"line":116,"column":71}},{"start":{},"end":{}}],"line":116},"6":{"loc":{"start":{"line":137,"column":12},"end":{"line":140,"column":13}},"type":"if","locations":[{"start":{"line":137,"column":12},"end":{"line":140,"column":13}},{"start":{},"end":{}}],"line":137},"7":{"loc":{"start":{"line":142,"column":12},"end":{"line":172,"column":13}},"type":"if","locations":[{"start":{"line":142,"column":12},"end":{"line":172,"column":13}},{"start":{},"end":{}}],"line":142},"8":{"loc":{"start":{"line":142,"column":16},"end":{"line":142,"column":72}},"type":"binary-expr","locations":[{"start":{"line":142,"column":16},"end":{"line":142,"column":37}},{"start":{"line":142,"column":41},"end":{"line":142,"column":53}},{"start":{"line":142,"column":57},"end":{"line":142,"column":72}}],"line":142},"9":{"loc":{"start":{"line":156,"column":16},"end":{"line":159,"column":17}},"type":"if","locations":[{"start":{"line":156,"column":16},"end":{"line":159,"column":17}},{"start":{},"end":{}}],"line":156},"10":{"loc":{"start":{"line":162,"column":20},"end":{"line":164,"column":21}},"type":"if","locations":[{"start":{"line":162,"column":20},"end":{"line":164,"column":21}},{"start":{},"end":{}}],"line":162},"11":{"loc":{"start":{"line":179,"column":12},"end":{"line":213,"column":13}},"type":"if","locations":[{"start":{"line":179,"column":12},"end":{"line":213,"column":13}},{"start":{},"end":{}}],"line":179},"12":{"loc":{"start":{"line":179,"column":16},"end":{"line":179,"column":37}},"type":"binary-expr","locations":[{"start":{"line":179,"column":16},"end":{"line":179,"column":28}},{"start":{"line":179,"column":32},"end":{"line":179,"column":37}}],"line":179},"13":{"loc":{"start":{"line":193,"column":16},"end":{"line":212,"column":17}},"type":"if","locations":[{"start":{"line":193,"column":16},"end":{"line":212,"column":17}},{"start":{},"end":{}}],"line":193},"14":{"loc":{"start":{"line":201,"column":20},"end":{"line":203,"column":21}},"type":"if","locations":[{"start":{"line":201,"column":20},"end":{"line":203,"column":21}},{"start":{},"end":{}}],"line":201},"15":{"loc":{"start":{"line":204,"column":20},"end":{"line":206,"column":21}},"type":"if","locations":[{"start":{"line":204,"column":20},"end":{"line":206,"column":21}},{"start":{},"end":{}}],"line":204},"16":{"loc":{"start":{"line":215,"column":12},"end":{"line":242,"column":13}},"type":"if","locations":[{"start":{"line":215,"column":12},"end":{"line":242,"column":13}},{"start":{},"end":{}}],"line":215},"17":{"loc":{"start":{"line":215,"column":16},"end":{"line":215,"column":47}},"type":"binary-expr","locations":[{"start":{"line":215,"column":16},"end":{"line":215,"column":28}},{"start":{"line":215,"column":32},"end":{"line":215,"column":47}}],"line":215},"18":{"loc":{"start":{"line":230,"column":20},"end":{"line":232,"column":21}},"type":"if","locations":[{"start":{"line":230,"column":20},"end":{"line":232,"column":21}},{"start":{},"end":{}}],"line":230},"19":{"loc":{"start":{"line":244,"column":12},"end":{"line":258,"column":13}},"type":"if","locations":[{"start":{"line":244,"column":12},"end":{"line":258,"column":13}},{"start":{},"end":{}}],"line":244},"20":{"loc":{"start":{"line":269,"column":8},"end":{"line":310,"column":9}},"type":"if","locations":[{"start":{"line":269,"column":8},"end":{"line":310,"column":9}},{"start":{},"end":{}}],"line":269},"21":{"loc":{"start":{"line":269,"column":12},"end":{"line":269,"column":44}},"type":"binary-expr","locations":[{"start":{"line":269,"column":12},"end":{"line":269,"column":28}},{"start":{"line":269,"column":32},"end":{"line":269,"column":44}}],"line":269},"22":{"loc":{"start":{"line":274,"column":12},"end":{"line":282,"column":13}},"type":"if","locations":[{"start":{"line":274,"column":12},"end":{"line":282,"column":13}},{"start":{},"end":{}}],"line":274},"23":{"loc":{"start":{"line":287,"column":16},"end":{"line":308,"column":17}},"type":"if","locations":[{"start":{"line":287,"column":16},"end":{"line":308,"column":17}},{"start":{},"end":{}}],"line":287},"24":{"loc":{"start":{"line":288,"column":20},"end":{"line":290,"column":80}},"type":"binary-expr","locations":[{"start":{"line":288,"column":20},"end":{"line":288,"column":43}},{"start":{"line":289,"column":20},"end":{"line":289,"column":32}},{"start":{"line":290,"column":20},"end":{"line":290,"column":80}}],"line":288},"25":{"loc":{"start":{"line":300,"column":24},"end":{"line":306,"column":25}},"type":"if","locations":[{"start":{"line":300,"column":24},"end":{"line":306,"column":25}},{"start":{},"end":{}}],"line":300},"26":{"loc":{"start":{"line":314,"column":8},"end":{"line":318,"column":9}},"type":"if","locations":[{"start":{"line":314,"column":8},"end":{"line":318,"column":9}},{"start":{"line":316,"column":15},"end":{"line":318,"column":9}}],"line":314},"27":{"loc":{"start":{"line":324,"column":8},"end":{"line":324,"column":71}},"type":"if","locations":[{"start":{"line":324,"column":8},"end":{"line":324,"column":71}},{"start":{},"end":{}}],"line":324},"28":{"loc":{"start":{"line":339,"column":8},"end":{"line":339,"column":71}},"type":"if","locations":[{"start":{"line":339,"column":8},"end":{"line":339,"column":71}},{"start":{},"end":{}}],"line":339},"29":{"loc":{"start":{"line":357,"column":12},"end":{"line":357,"column":34}},"type":"if","locations":[{"start":{"line":357,"column":12},"end":{"line":357,"column":34}},{"start":{},"end":{}}],"line":357},"30":{"loc":{"start":{"line":359,"column":12},"end":{"line":370,"column":13}},"type":"if","locations":[{"start":{"line":359,"column":12},"end":{"line":370,"column":13}},{"start":{"line":364,"column":19},"end":{"line":370,"column":13}}],"line":359},"31":{"loc":{"start":{"line":364,"column":19},"end":{"line":370,"column":13}},"type":"if","locations":[{"start":{"line":364,"column":19},"end":{"line":370,"column":13}},{"start":{"line":366,"column":19},"end":{"line":370,"column":13}}],"line":364},"32":{"loc":{"start":{"line":385,"column":12},"end":{"line":404,"column":13}},"type":"if","locations":[{"start":{"line":385,"column":12},"end":{"line":404,"column":13}},{"start":{"line":390,"column":19},"end":{"line":404,"column":13}}],"line":385},"33":{"loc":{"start":{"line":390,"column":19},"end":{"line":404,"column":13}},"type":"if","locations":[{"start":{"line":390,"column":19},"end":{"line":404,"column":13}},{"start":{"line":397,"column":19},"end":{"line":404,"column":13}}],"line":390},"34":{"loc":{"start":{"line":419,"column":12},"end":{"line":430,"column":13}},"type":"if","locations":[{"start":{"line":419,"column":12},"end":{"line":430,"column":13}},{"start":{"line":425,"column":19},"end":{"line":430,"column":13}}],"line":419},"35":{"loc":{"start":{"line":445,"column":12},"end":{"line":459,"column":13}},"type":"if","locations":[{"start":{"line":445,"column":12},"end":{"line":459,"column":13}},{"start":{"line":451,"column":19},"end":{"line":459,"column":13}}],"line":445},"36":{"loc":{"start":{"line":472,"column":8},"end":{"line":472,"column":53}},"type":"if","locations":[{"start":{"line":472,"column":8},"end":{"line":472,"column":53}},{"start":{},"end":{}}],"line":472},"37":{"loc":{"start":{"line":472,"column":12},"end":{"line":472,"column":44}},"type":"binary-expr","locations":[{"start":{"line":472,"column":12},"end":{"line":472,"column":28}},{"start":{"line":472,"column":32},"end":{"line":472,"column":44}}],"line":472},"38":{"loc":{"start":{"line":475,"column":8},"end":{"line":475,"column":33}},"type":"if","locations":[{"start":{"line":475,"column":8},"end":{"line":475,"column":33}},{"start":{},"end":{}}],"line":475},"39":{"loc":{"start":{"line":483,"column":16},"end":{"line":484,"column":66}},"type":"binary-expr","locations":[{"start":{"line":483,"column":16},"end":{"line":483,"column":66}},{"start":{"line":484,"column":16},"end":{"line":484,"column":66}}],"line":483},"40":{"loc":{"start":{"line":488,"column":12},"end":{"line":491,"column":13}},"type":"if","locations":[{"start":{"line":488,"column":12},"end":{"line":491,"column":13}},{"start":{},"end":{}}],"line":488},"41":{"loc":{"start":{"line":494,"column":16},"end":{"line":503,"column":17}},"type":"if","locations":[{"start":{"line":494,"column":16},"end":{"line":503,"column":17}},{"start":{},"end":{}}],"line":494},"42":{"loc":{"start":{"line":498,"column":20},"end":{"line":502,"column":21}},"type":"if","locations":[{"start":{"line":498,"column":20},"end":{"line":502,"column":21}},{"start":{},"end":{}}],"line":498},"43":{"loc":{"start":{"line":511,"column":8},"end":{"line":511,"column":37}},"type":"if","locations":[{"start":{"line":511,"column":8},"end":{"line":511,"column":37}},{"start":{},"end":{}}],"line":511},"44":{"loc":{"start":{"line":513,"column":28},"end":{"line":513,"column":103}},"type":"binary-expr","locations":[{"start":{"line":513,"column":28},"end":{"line":513,"column":51}},{"start":{"line":513,"column":55},"end":{"line":513,"column":103}}],"line":513},"45":{"loc":{"start":{"line":515,"column":8},"end":{"line":523,"column":9}},"type":"if","locations":[{"start":{"line":515,"column":8},"end":{"line":523,"column":9}},{"start":{},"end":{}}],"line":515},"46":{"loc":{"start":{"line":527,"column":8},"end":{"line":527,"column":54}},"type":"if","locations":[{"start":{"line":527,"column":8},"end":{"line":527,"column":54}},{"start":{},"end":{}}],"line":527},"47":{"loc":{"start":{"line":527,"column":12},"end":{"line":527,"column":45}},"type":"binary-expr","locations":[{"start":{"line":527,"column":12},"end":{"line":527,"column":28}},{"start":{"line":527,"column":32},"end":{"line":527,"column":45}}],"line":527},"48":{"loc":{"start":{"line":538,"column":16},"end":{"line":544,"column":17}},"type":"if","locations":[{"start":{"line":538,"column":16},"end":{"line":544,"column":17}},{"start":{},"end":{}}],"line":538},"49":{"loc":{"start":{"line":554,"column":8},"end":{"line":557,"column":9}},"type":"if","locations":[{"start":{"line":554,"column":8},"end":{"line":557,"column":9}},{"start":{},"end":{}}],"line":554},"50":{"loc":{"start":{"line":554,"column":12},"end":{"line":554,"column":60}},"type":"binary-expr","locations":[{"start":{"line":554,"column":12},"end":{"line":554,"column":41}},{"start":{"line":554,"column":45},"end":{"line":554,"column":60}}],"line":554},"51":{"loc":{"start":{"line":580,"column":12},"end":{"line":582,"column":13}},"type":"if","locations":[{"start":{"line":580,"column":12},"end":{"line":582,"column":13}},{"start":{},"end":{}}],"line":580},"52":{"loc":{"start":{"line":617,"column":4},"end":{"line":617,"column":84}},"type":"if","locations":[{"start":{"line":617,"column":4},"end":{"line":617,"column":84}},{"start":{},"end":{}}],"line":617}},"s":{"0":2,"1":2,"2":2,"3":2,"4":2,"5":2,"6":35,"7":67,"8":97,"9":2,"10":23,"11":23,"12":23,"13":11,"14":23,"15":2,"16":34,"17":31,"18":3,"19":3,"20":3,"21":2,"22":3,"23":2,"24":1,"25":2,"26":110,"27":110,"28":110,"29":110,"30":110,"31":110,"32":110,"33":110,"34":110,"35":110,"36":110,"37":110,"38":110,"39":110,"40":110,"41":110,"42":110,"43":126,"44":110,"45":110,"46":110,"47":40,"48":38,"49":40,"50":3,"51":110,"52":40,"53":40,"54":40,"55":40,"56":40,"57":40,"58":40,"59":110,"60":37,"61":37,"62":37,"63":37,"64":36,"65":36,"66":0,"67":0,"68":36,"69":2,"70":2,"71":2,"72":2,"73":2,"74":1,"75":2,"76":1,"77":1,"78":1,"79":1,"80":1,"81":0,"82":1,"83":1,"84":1,"85":1,"86":34,"87":34,"88":2,"89":2,"90":2,"91":2,"92":2,"93":2,"94":2,"95":2,"96":2,"97":2,"98":1,"99":1,"100":1,"101":1,"102":1,"103":0,"104":1,"105":0,"106":1,"107":0,"108":1,"109":1,"110":1,"111":1,"112":33,"113":2,"114":2,"115":2,"116":2,"117":2,"118":1,"119":2,"120":2,"121":1,"122":0,"123":2,"124":2,"125":2,"126":2,"127":2,"128":2,"129":31,"130":31,"131":31,"132":31,"133":31,"134":31,"135":31,"136":31,"137":31,"138":31,"139":31,"140":31,"141":0,"142":1,"143":1,"144":1,"145":110,"146":32,"147":32,"148":32,"149":32,"150":32,"151":1,"152":1,"153":1,"154":31,"155":31,"156":2,"157":0,"158":0,"159":0,"160":0,"161":0,"162":0,"163":110,"164":34,"165":2,"166":32,"167":110,"168":3,"169":3,"170":3,"171":1,"172":3,"173":1,"174":1,"175":1,"176":110,"177":2,"178":2,"179":2,"180":2,"181":110,"182":1,"183":1,"184":110,"185":1,"186":1,"187":1,"188":110,"189":11,"190":11,"191":11,"192":11,"193":0,"194":11,"195":7,"196":7,"197":7,"198":6,"199":4,"200":3,"201":1,"202":1,"203":1,"204":1,"205":1,"206":1,"207":110,"208":4,"209":4,"210":4,"211":1,"212":1,"213":1,"214":1,"215":3,"216":1,"217":1,"218":1,"219":1,"220":1,"221":1,"222":2,"223":2,"224":2,"225":2,"226":1,"227":1,"228":1,"229":1,"230":1,"231":110,"232":8,"233":8,"234":8,"235":7,"236":7,"237":7,"238":6,"239":6,"240":1,"241":1,"242":1,"243":1,"244":1,"245":1,"246":1,"247":110,"248":3,"249":3,"250":3,"251":1,"252":1,"253":1,"254":1,"255":1,"256":2,"257":2,"258":2,"259":2,"260":2,"261":1,"262":1,"263":1,"264":1,"265":1,"266":110,"267":3,"268":0,"269":3,"270":3,"271":0,"272":3,"273":3,"274":3,"275":3,"276":3,"277":3,"278":3,"279":1,"280":1,"281":3,"282":3,"283":4,"284":2,"285":3,"286":2,"287":2,"288":2,"289":2,"290":1,"291":110,"292":1,"293":0,"294":1,"295":1,"296":1,"297":1,"298":1,"299":110,"300":39,"301":34,"302":5,"303":5,"304":5,"305":5,"306":5,"307":5,"308":1,"309":5,"310":5,"311":110,"312":75,"313":1,"314":1,"315":110,"316":34,"317":34,"318":34,"319":33,"320":1,"321":1,"322":1,"323":34,"324":34,"325":34,"326":30,"327":110,"328":2,"329":107,"330":107,"331":0,"332":107},"f":{"0":2,"1":35,"2":67,"3":97,"4":23,"5":34,"6":2,"7":110,"8":126,"9":40,"10":40,"11":37,"12":1,"13":2,"14":1,"15":32,"16":2,"17":0,"18":34,"19":3,"20":1,"21":2,"22":1,"23":1,"24":11,"25":4,"26":8,"27":3,"28":3,"29":3,"30":3,"31":1,"32":39,"33":5,"34":5,"35":5,"36":75,"37":34,"38":34,"39":34,"40":107},"b":{"0":[31,3],"1":[2,1],"2":[110,45],"3":[110,45],"4":[38,2],"5":[3,37],"6":[0,36],"7":[2,34],"8":[36,2,2],"9":[1,1],"10":[0,1],"11":[2,32],"12":[34,3],"13":[1,1],"14":[0,1],"15":[0,1],"16":[2,31],"17":[33,2],"18":[0,1],"19":[31,0],"20":[32,0],"21":[32,32],"22":[1,31],"23":[0,2],"24":[2,2,2],"25":[0,0],"26":[2,32],"27":[1,2],"28":[2,0],"29":[0,11],"30":[7,4],"31":[3,1],"32":[1,3],"33":[1,2],"34":[7,1],"35":[1,2],"36":[0,3],"37":[3,3],"38":[0,3],"39":[3,3],"40":[1,2],"41":[2,2],"42":[2,0],"43":[0,1],"44":[1,1],"45":[1,0],"46":[34,5],"47":[39,5],"48":[1,4],"49":[1,74],"50":[75,2],"51":[30,4],"52":[0,107]},"_coverageSchema":"1a1c01bbd47fc00a2c39e90264f33305004495a9","hash":"0c6d8dd38b0cd68334cbf446e28362d3a942ffd2"}
,"C:\\repos\\tune-trail-client\\src\\context\\UserSidebarContext.tsx": {"path":"C:\\repos\\tune-trail-client\\src\\context\\UserSidebarContext.tsx","statementMap":{"0":{"start":{"line":9,"column":27},"end":{"line":9,"column":87}},"1":{"start":{"line":11,"column":35},"end":{"line":32,"column":1}},"2":{"start":{"line":12,"column":60},"end":{"line":12,"column":75}},"3":{"start":{"line":14,"column":30},"end":{"line":14,"column":82}},"4":{"start":{"line":14,"column":36},"end":{"line":14,"column":82}},"5":{"start":{"line":16,"column":4},"end":{"line":22,"column":6}},"6":{"start":{"line":18,"column":12},"end":{"line":20,"column":14}},"7":{"start":{"line":19,"column":16},"end":{"line":19,"column":47}},"8":{"start":{"line":24,"column":4},"end":{"line":31,"column":6}},"9":{"start":{"line":29,"column":73},"end":{"line":29,"column":103}},"10":{"start":{"line":34,"column":30},"end":{"line":40,"column":1}},"11":{"start":{"line":35,"column":20},"end":{"line":35,"column":50}},"12":{"start":{"line":36,"column":4},"end":{"line":38,"column":5}},"13":{"start":{"line":37,"column":8},"end":{"line":37,"column":84}},"14":{"start":{"line":39,"column":4},"end":{"line":39,"column":19}}},"fnMap":{"0":{"name":"(anonymous_0)","decl":{"start":{"line":11,"column":35},"end":{"line":11,"column":36}},"loc":{"start":{"line":11,"column":84},"end":{"line":32,"column":1}},"line":11},"1":{"name":"(anonymous_1)","decl":{"start":{"line":14,"column":30},"end":{"line":14,"column":31}},"loc":{"start":{"line":14,"column":36},"end":{"line":14,"column":82}},"line":14},"2":{"name":"(anonymous_2)","decl":{"start":{"line":17,"column":20},"end":{"line":17,"column":21}},"loc":{"start":{"line":17,"column":26},"end":{"line":21,"column":9}},"line":17},"3":{"name":"(anonymous_3)","decl":{"start":{"line":18,"column":19},"end":{"line":18,"column":20}},"loc":{"start":{"line":18,"column":25},"end":{"line":20,"column":13}},"line":18},"4":{"name":"(anonymous_4)","decl":{"start":{"line":29,"column":67},"end":{"line":29,"column":68}},"loc":{"start":{"line":29,"column":73},"end":{"line":29,"column":103}},"line":29},"5":{"name":"(anonymous_5)","decl":{"start":{"line":34,"column":30},"end":{"line":34,"column":31}},"loc":{"start":{"line":34,"column":36},"end":{"line":40,"column":1}},"line":34}},"branchMap":{"0":{"loc":{"start":{"line":36,"column":4},"end":{"line":38,"column":5}},"type":"if","locations":[{"start":{"line":36,"column":4},"end":{"line":38,"column":5}},{"start":{},"end":{}}],"line":36}},"s":{"0":1,"1":1,"2":9,"3":9,"4":3,"5":9,"6":9,"7":1,"8":9,"9":1,"10":1,"11":9,"12":9,"13":2,"14":7},"f":{"0":9,"1":3,"2":9,"3":1,"4":1,"5":9},"b":{"0":[2,7]},"_coverageSchema":"1a1c01bbd47fc00a2c39e90264f33305004495a9","hash":"b116cd6d95429c57f297f1cd87b528202db8df12"}
,"C:\\repos\\tune-trail-client\\src\\utils\\errorUtils.ts": {"path":"C:\\repos\\tune-trail-client\\src\\utils\\errorUtils.ts","statementMap":{"0":{"start":{"line":1,"column":33},"end":{"line":15,"column":1}},"1":{"start":{"line":2,"column":4},"end":{"line":13,"column":5}},"2":{"start":{"line":3,"column":8},"end":{"line":10,"column":11}},"3":{"start":{"line":4,"column":26},"end":{"line":4,"column":53}},"4":{"start":{"line":5,"column":36},"end":{"line":7,"column":61}},"5":{"start":{"line":7,"column":42},"end":{"line":7,"column":60}},"6":{"start":{"line":8,"column":37},"end":{"line":8,"column":87}},"7":{"start":{"line":9,"column":12},"end":{"line":9,"column":61}},"8":{"start":{"line":11,"column":11},"end":{"line":13,"column":5}},"9":{"start":{"line":12,"column":8},"end":{"line":12,"column":30}},"10":{"start":{"line":14,"column":4},"end":{"line":14,"column":63}}},"fnMap":{"0":{"name":"(anonymous_0)","decl":{"start":{"line":1,"column":33},"end":{"line":1,"column":34}},"loc":{"start":{"line":1,"column":70},"end":{"line":15,"column":1}},"line":1},"1":{"name":"(anonymous_1)","decl":{"start":{"line":3,"column":32},"end":{"line":3,"column":33}},"loc":{"start":{"line":3,"column":73},"end":{"line":10,"column":9}},"line":3},"2":{"name":"(anonymous_2)","decl":{"start":{"line":7,"column":32},"end":{"line":7,"column":33}},"loc":{"start":{"line":7,"column":42},"end":{"line":7,"column":60}},"line":7}},"branchMap":{"0":{"loc":{"start":{"line":2,"column":4},"end":{"line":13,"column":5}},"type":"if","locations":[{"start":{"line":2,"column":4},"end":{"line":13,"column":5}},{"start":{"line":11,"column":11},"end":{"line":13,"column":5}}],"line":2},"1":{"loc":{"start":{"line":11,"column":11},"end":{"line":13,"column":5}},"type":"if","locations":[{"start":{"line":11,"column":11},"end":{"line":13,"column":5}},{"start":{},"end":{}}],"line":11}},"s":{"0":6,"1":9,"2":3,"3":3,"4":3,"5":3,"6":3,"7":3,"8":6,"9":2,"10":4},"f":{"0":9,"1":3,"2":3},"b":{"0":[3,6],"1":[2,4]},"_coverageSchema":"1a1c01bbd47fc00a2c39e90264f33305004495a9","hash":"2c8bbc70863e92ac1cc116dfbe35ee25d5a0697e"}
}
