TN:
SF:src\api\apiClient.ts
FN:26,(anonymous_0)
FN:46,(anonymous_1)
FN:47,(anonymous_2)
FN:59,(anonymous_3)
FN:69,(anonymous_4)
FN:75,(anonymous_5)
FN:85,(anonymous_6)
FN:96,(anonymous_7)
FN:98,(anonymous_8)
FN:101,(anonymous_9)
FN:143,(anonymous_10)
FNF:11
FNH:0
FNDA:0,(anonymous_0)
FNDA:0,(anonymous_1)
FNDA:0,(anonymous_2)
FNDA:0,(anonymous_3)
FNDA:0,(anonymous_4)
FNDA:0,(anonymous_5)
FNDA:0,(anonymous_6)
FNDA:0,(anonymous_7)
FNDA:0,(anonymous_8)
FNDA:0,(anonymous_9)
FNDA:0,(anonymous_10)
DA:13,0
DA:26,0
DA:31,0
DA:32,0
DA:33,0
DA:36,0
DA:43,0
DA:44,0
DA:46,0
DA:47,0
DA:48,0
DA:49,0
DA:51,0
DA:55,0
DA:58,0
DA:60,0
DA:61,0
DA:62,0
DA:64,0
DA:65,0
DA:67,0
DA:70,0
DA:74,0
DA:76,0
DA:77,0
DA:83,0
DA:86,0
DA:88,0
DA:89,0
DA:91,0
DA:92,0
DA:95,0
DA:96,0
DA:97,0
DA:99,0
DA:100,0
DA:102,0
DA:106,0
DA:107,0
DA:109,0
DA:110,0
DA:116,0
DA:117,0
DA:118,0
DA:120,0
DA:121,0
DA:123,0
DA:124,0
DA:126,0
DA:127,0
DA:129,0
DA:130,0
DA:132,0
DA:136,0
DA:137,0
DA:140,0
DA:141,0
DA:143,0
DA:146,0
DA:153,0
LF:60
LH:0
BRDA:46,0,0,0
BRDA:48,1,0,0
BRDA:48,1,1,0
BRDA:61,2,0,0
BRDA:61,2,1,0
BRDA:64,3,0,0
BRDA:64,3,1,0
BRDA:76,4,0,0
BRDA:76,4,1,0
BRDA:76,5,0,0
BRDA:76,5,1,0
BRDA:88,6,0,0
BRDA:88,6,1,0
BRDA:88,7,0,0
BRDA:88,7,1,0
BRDA:91,8,0,0
BRDA:91,8,1,0
BRDA:95,9,0,0
BRDA:95,9,1,0
BRDA:136,10,0,0
BRDA:136,10,1,0
BRDA:136,11,0,0
BRDA:136,11,1,0
BRDA:140,12,0,0
BRDA:140,12,1,0
BRF:25
BRH:0
end_of_record
TN:
SF:src\api\authService.ts
FN:8,(anonymous_0)
FN:14,(anonymous_1)
FN:23,(anonymous_2)
FN:28,(anonymous_3)
FN:33,(anonymous_4)
FN:38,(anonymous_5)
FN:41,(anonymous_6)
FNF:7
FNH:0
FNDA:0,(anonymous_0)
FNDA:0,(anonymous_1)
FNDA:0,(anonymous_2)
FNDA:0,(anonymous_3)
FNDA:0,(anonymous_4)
FNDA:0,(anonymous_5)
FNDA:0,(anonymous_6)
DA:5,0
DA:7,0
DA:9,0
DA:15,0
DA:16,0
DA:24,0
DA:29,0
DA:34,0
DA:39,0
DA:42,0
LF:10
LH:0
BRF:0
BRH:0
end_of_record
TN:
SF:src\api\localityService.ts
FN:12,(anonymous_0)
FN:22,(anonymous_1)
FN:31,(anonymous_2)
FN:34,(anonymous_3)
FNF:4
FNH:0
FNDA:0,(anonymous_0)
FNDA:0,(anonymous_1)
FNDA:0,(anonymous_2)
FNDA:0,(anonymous_3)
DA:9,0
DA:11,0
DA:13,0
DA:23,0
DA:32,0
DA:35,0
LF:6
LH:0
BRF:0
BRH:0
end_of_record
TN:
SF:src\api\localityTrackService.ts
FN:7,(anonymous_0)
FNF:1
FNH:0
FNDA:0,(anonymous_0)
DA:4,0
DA:6,0
DA:8,0
LF:3
LH:0
BRF:0
BRH:0
end_of_record
TN:
SF:src\api\trackService.ts
FN:8,(anonymous_0)
FNF:1
FNH:0
FNDA:0,(anonymous_0)
DA:5,0
DA:7,0
DA:9,0
LF:3
LH:0
BRDA:8,0,0,0
BRF:1
BRH:0
end_of_record
TN:
SF:src\api\types\addTrackToLocalityResponse.ts
FNF:0
FNH:0
LF:0
LH:0
BRF:0
BRH:0
end_of_record
TN:
SF:src\api\types\searchTracksResponse.ts
FNF:0
FNH:0
LF:0
LH:0
BRF:0
BRH:0
end_of_record
TN:
SF:src\app\_layout.tsx
FN:13,(anonymous_0)
FN:34,(anonymous_1)
FN:45,(anonymous_2)
FN:50,(anonymous_3)
FN:61,(anonymous_4)
FNF:5
FNH:0
FNDA:0,(anonymous_0)
FNDA:0,(anonymous_1)
FNDA:0,(anonymous_2)
FNDA:0,(anonymous_3)
FNDA:0,(anonymous_4)
DA:13,0
DA:14,0
DA:16,0
DA:34,0
DA:41,0
DA:42,0
DA:45,0
DA:46,0
DA:50,0
DA:51,0
DA:53,0
DA:54,0
DA:58,0
DA:61,0
DA:62,0
LF:15
LH:0
BRDA:51,0,0,0
BRDA:51,0,1,0
BRDA:53,1,0,0
BRDA:53,1,1,0
BRF:4
BRH:0
end_of_record
TN:
SF:src\app\auth.tsx
FN:11,(anonymous_0)
FN:19,(anonymous_1)
FN:30,AuthScreen
FN:49,(anonymous_3)
FN:53,(anonymous_4)
FN:62,(anonymous_5)
FN:76,(anonymous_6)
FN:90,(anonymous_7)
FN:94,(anonymous_8)
FN:95,(anonymous_9)
FN:98,(anonymous_10)
FN:108,(anonymous_11)
FN:124,(anonymous_12)
FN:140,(anonymous_13)
FN:152,(anonymous_14)
FN:167,(anonymous_15)
FN:198,(anonymous_16)
FNF:17
FNH:0
FNDA:0,(anonymous_0)
FNDA:0,(anonymous_1)
FNDA:0,AuthScreen
FNDA:0,(anonymous_3)
FNDA:0,(anonymous_4)
FNDA:0,(anonymous_5)
FNDA:0,(anonymous_6)
FNDA:0,(anonymous_7)
FNDA:0,(anonymous_8)
FNDA:0,(anonymous_9)
FNDA:0,(anonymous_10)
FNDA:0,(anonymous_11)
FNDA:0,(anonymous_12)
FNDA:0,(anonymous_13)
FNDA:0,(anonymous_14)
FNDA:0,(anonymous_15)
FNDA:0,(anonymous_16)
DA:11,0
DA:12,0
DA:13,0
DA:14,0
DA:15,0
DA:16,0
DA:19,0
DA:20,0
DA:21,0
DA:22,0
DA:23,0
DA:24,0
DA:25,0
DA:26,0
DA:27,0
DA:31,0
DA:32,0
DA:34,0
DA:35,0
DA:36,0
DA:37,0
DA:38,0
DA:39,0
DA:40,0
DA:41,0
DA:43,0
DA:44,0
DA:45,0
DA:46,0
DA:47,0
DA:49,0
DA:50,0
DA:53,0
DA:54,0
DA:55,0
DA:56,0
DA:57,0
DA:59,0
DA:62,0
DA:63,0
DA:64,0
DA:66,0
DA:67,0
DA:68,0
DA:69,0
DA:71,0
DA:73,0
DA:76,0
DA:77,0
DA:78,0
DA:80,0
DA:81,0
DA:82,0
DA:83,0
DA:85,0
DA:87,0
DA:90,0
DA:91,0
DA:94,0
DA:95,0
DA:98,0
DA:99,0
DA:100,0
DA:101,0
DA:102,0
DA:103,0
DA:105,0
DA:108,0
DA:109,0
DA:110,0
DA:111,0
DA:113,0
DA:118,0
DA:124,0
DA:140,0
DA:152,0
DA:167,0
DA:198,0
DA:205,0
LF:79
LH:0
BRDA:12,0,0,0
BRDA:12,0,1,0
BRDA:13,1,0,0
BRDA:13,1,1,0
BRDA:14,2,0,0
BRDA:14,2,1,0
BRDA:15,3,0,0
BRDA:15,3,1,0
BRDA:20,4,0,0
BRDA:20,4,1,0
BRDA:21,5,0,0
BRDA:21,5,1,0
BRDA:22,6,0,0
BRDA:22,6,1,0
BRDA:23,7,0,0
BRDA:23,7,1,0
BRDA:24,8,0,0
BRDA:24,8,1,0
BRDA:25,9,0,0
BRDA:25,9,1,0
BRDA:26,10,0,0
BRDA:26,10,1,0
BRDA:43,11,0,0
BRDA:43,11,1,0
BRDA:44,12,0,0
BRDA:44,12,1,0
BRDA:47,13,0,0
BRDA:47,13,1,0
BRDA:47,13,2,0
BRDA:47,13,3,0
BRDA:50,14,0,0
BRDA:50,14,1,0
BRDA:54,15,0,0
BRDA:54,15,1,0
BRDA:109,16,0,0
BRDA:109,16,1,0
BRDA:110,17,0,0
BRDA:110,17,1,0
BRDA:120,18,0,0
BRDA:120,18,1,0
BRDA:141,19,0,0
BRDA:141,19,1,0
BRDA:141,20,0,0
BRDA:141,20,1,0
BRDA:154,21,0,0
BRDA:154,21,1,0
BRDA:154,22,0,0
BRDA:154,22,1,0
BRDA:159,23,0,0
BRDA:159,23,1,0
BRDA:163,24,0,0
BRDA:163,24,1,0
BRDA:163,25,0,0
BRDA:163,25,1,0
BRDA:163,25,2,0
BRDA:163,25,3,0
BRDA:163,25,4,0
BRDA:163,25,5,0
BRDA:172,26,0,0
BRDA:172,26,1,0
BRDA:181,27,0,0
BRDA:181,27,1,0
BRF:62
BRH:0
end_of_record
TN:
SF:src\app\player.tsx
FN:9,(anonymous_0)
FN:68,(anonymous_1)
FNF:2
FNH:0
FNDA:0,(anonymous_0)
FNDA:0,(anonymous_1)
DA:9,0
DA:10,0
DA:12,0
DA:14,0
DA:16,0
DA:68,0
DA:69,0
DA:71,0
DA:89,0
LF:9
LH:0
BRDA:14,0,0,0
BRDA:14,0,1,0
BRDA:14,1,0,0
BRDA:14,1,1,0
BRDA:14,1,2,0
BRF:5
BRH:0
end_of_record
TN:
SF:src\app\(screens)\_layout.tsx
FN:6,(anonymous_0)
FN:14,(anonymous_1)
FNF:2
FNH:0
FNDA:0,(anonymous_0)
FNDA:0,(anonymous_1)
DA:6,0
DA:7,0
DA:14,0
DA:15,0
LF:4
LH:0
BRF:0
BRH:0
end_of_record
TN:
SF:src\app\(screens)\index.tsx
FN:11,(anonymous_0)
FN:20,(anonymous_1)
FN:42,(anonymous_2)
FNF:3
FNH:0
FNDA:0,(anonymous_0)
FNDA:0,(anonymous_1)
FNDA:0,(anonymous_2)
DA:11,0
DA:12,0
DA:13,0
DA:14,0
DA:16,0
DA:17,0
DA:18,0
DA:20,0
DA:21,0
DA:24,0
DA:42,0
DA:86,0
LF:12
LH:0
BRDA:66,0,0,0
BRDA:66,0,1,0
BRDA:75,1,0,0
BRDA:75,1,1,0
BRF:4
BRH:0
end_of_record
TN:
SF:src\app\(screens)\localities\[id].tsx
FN:15,(anonymous_0)
FN:30,(anonymous_1)
FN:30,(anonymous_2)
FN:32,(anonymous_3)
FN:34,(anonymous_4)
FN:46,(anonymous_5)
FN:47,(anonymous_6)
FN:66,(anonymous_7)
FN:68,(anonymous_8)
FN:71,(anonymous_9)
FN:78,(anonymous_10)
FN:90,(anonymous_11)
FN:108,(anonymous_12)
FN:130,(anonymous_13)
FN:131,(anonymous_14)
FN:161,(anonymous_15)
FN:176,(anonymous_16)
FN:196,(anonymous_17)
FNF:18
FNH:0
FNDA:0,(anonymous_0)
FNDA:0,(anonymous_1)
FNDA:0,(anonymous_2)
FNDA:0,(anonymous_3)
FNDA:0,(anonymous_4)
FNDA:0,(anonymous_5)
FNDA:0,(anonymous_6)
FNDA:0,(anonymous_7)
FNDA:0,(anonymous_8)
FNDA:0,(anonymous_9)
FNDA:0,(anonymous_10)
FNDA:0,(anonymous_11)
FNDA:0,(anonymous_12)
FNDA:0,(anonymous_13)
FNDA:0,(anonymous_14)
FNDA:0,(anonymous_15)
FNDA:0,(anonymous_16)
FNDA:0,(anonymous_17)
DA:15,0
DA:16,0
DA:17,0
DA:18,0
DA:19,0
DA:20,0
DA:22,0
DA:23,0
DA:24,0
DA:25,0
DA:30,0
DA:32,0
DA:34,0
DA:35,0
DA:36,0
DA:38,0
DA:39,0
DA:40,0
DA:43,0
DA:46,0
DA:47,0
DA:48,0
DA:50,0
DA:52,0
DA:53,0
DA:55,0
DA:56,0
DA:58,0
DA:60,0
DA:66,0
DA:67,0
DA:69,0
DA:71,0
DA:75,0
DA:78,0
DA:79,0
DA:82,0
DA:90,0
DA:108,0
DA:130,0
DA:132,0
DA:134,0
DA:161,0
DA:176,0
DA:196,0
DA:207,0
LF:46
LH:0
BRDA:48,0,0,0
BRDA:48,0,1,0
BRDA:53,1,0,0
BRDA:53,1,1,0
BRDA:69,2,0,0
BRDA:69,2,1,0
BRDA:79,3,0,0
BRDA:79,3,1,0
BRDA:107,4,0,0
BRDA:107,4,1,0
BRDA:120,5,0,0
BRDA:120,5,1,0
BRDA:132,6,0,0
BRDA:132,6,1,0
BRDA:136,7,0,0
BRDA:136,7,1,0
BRDA:139,8,0,0
BRDA:139,8,1,0
BRDA:139,8,2,0
BRDA:143,9,0,0
BRDA:143,9,1,0
BRDA:155,10,0,0
BRDA:155,10,1,0
BRDA:157,11,0,0
BRDA:157,11,1,0
BRDA:157,12,0,0
BRDA:157,12,1,0
BRDA:164,13,0,0
BRDA:164,13,1,0
BRDA:170,14,0,0
BRDA:170,14,1,0
BRDA:172,15,0,0
BRDA:172,15,1,0
BRDA:172,16,0,0
BRDA:172,16,1,0
BRDA:179,17,0,0
BRDA:179,17,1,0
BRF:37
BRH:0
end_of_record
TN:
SF:src\components\auth\CompleteSpotifyModal.tsx
FN:17,(anonymous_0)
FN:31,(anonymous_1)
FN:41,(anonymous_2)
FN:47,(anonymous_3)
FN:62,(anonymous_4)
FN:74,(anonymous_5)
FN:87,(anonymous_6)
FN:91,(anonymous_7)
FN:100,(anonymous_8)
FN:136,(anonymous_9)
FN:151,(anonymous_10)
FNF:11
FNH:11
FNDA:7,(anonymous_0)
FNDA:21,(anonymous_1)
FNDA:8,(anonymous_2)
FNDA:7,(anonymous_3)
FNDA:1,(anonymous_4)
FNDA:1,(anonymous_5)
FNDA:4,(anonymous_6)
FNDA:2,(anonymous_7)
FNDA:3,(anonymous_8)
FNDA:5,(anonymous_9)
FNDA:2,(anonymous_10)
DA:17,1
DA:18,7
DA:19,7
DA:20,6
DA:21,6
DA:22,5
DA:31,1
DA:32,21
DA:33,21
DA:34,21
DA:35,21
DA:37,21
DA:38,21
DA:39,21
DA:41,21
DA:42,8
DA:43,7
DA:47,21
DA:48,7
DA:62,21
DA:63,1
DA:75,1
DA:76,1
DA:77,1
DA:78,1
DA:80,1
DA:84,21
DA:85,21
DA:87,21
DA:88,4
DA:91,21
DA:92,2
DA:93,1
DA:94,1
DA:95,1
DA:97,1
DA:100,21
DA:101,3
DA:102,3
DA:104,3
DA:105,3
DA:107,3
DA:108,3
DA:109,1
DA:110,1
DA:112,2
DA:114,3
DA:118,21
DA:120,20
DA:136,5
DA:151,2
DA:171,1
LF:52
LH:52
BRDA:18,0,0,0
BRDA:18,0,1,7
BRDA:19,1,0,1
BRDA:19,1,1,6
BRDA:20,2,0,0
BRDA:20,2,1,6
BRDA:21,3,0,1
BRDA:21,3,1,5
BRDA:42,4,0,7
BRDA:42,4,1,1
BRDA:84,5,0,7
BRDA:84,5,1,14
BRDA:85,6,0,21
BRDA:85,6,1,19
BRDA:88,7,0,4
BRDA:88,7,1,0
BRDA:92,8,0,1
BRDA:92,8,1,1
BRDA:102,9,0,0
BRDA:102,9,1,3
BRDA:118,10,0,1
BRDA:118,10,1,20
BRDA:139,11,0,20
BRDA:139,11,1,7
BRDA:139,12,0,5
BRDA:139,12,1,2
BRDA:148,13,0,20
BRDA:148,13,1,13
BRDA:148,13,2,7
BRDA:148,13,3,5
BRDA:148,13,4,4
BRDA:150,14,0,4
BRDA:150,14,1,2
BRDA:157,15,0,10
BRDA:157,15,1,10
BRDA:159,16,0,20
BRDA:159,16,1,10
BRDA:160,17,0,0
BRDA:160,17,1,20
BRF:39
BRH:34
end_of_record
TN:
SF:src\components\auth\SessionUnavailableModal.tsx
FN:19,(anonymous_0)
FN:26,(anonymous_1)
FN:32,(anonymous_2)
FN:47,(anonymous_3)
FN:59,(anonymous_4)
FN:62,(anonymous_5)
FNF:6
FNH:6
FNDA:6,(anonymous_0)
FNDA:6,(anonymous_1)
FNDA:5,(anonymous_2)
FNDA:3,(anonymous_3)
FNDA:3,(anonymous_4)
FNDA:1,(anonymous_5)
DA:19,1
DA:20,6
DA:22,6
DA:23,6
DA:24,6
DA:26,6
DA:27,6
DA:28,5
DA:32,6
DA:33,5
DA:47,6
DA:48,3
DA:59,3
DA:62,6
DA:63,1
DA:64,1
DA:67,6
DA:69,5
DA:97,1
LF:19
LH:19
BRDA:27,0,0,5
BRDA:27,0,1,1
BRDA:67,1,0,1
BRDA:67,1,1,5
BRF:4
BRH:4
end_of_record
TN:
SF:src\components\auth\SpotifyAuthModal.tsx
FN:19,(anonymous_0)
FN:24,(anonymous_1)
FN:30,(anonymous_2)
FN:38,(anonymous_3)
FN:43,(anonymous_4)
FN:48,(anonymous_5)
FN:52,(anonymous_6)
FN:77,(anonymous_7)
FN:82,(anonymous_8)
FN:93,(anonymous_9)
FN:102,(anonymous_10)
FN:137,(anonymous_11)
FNF:12
FNH:11
FNDA:7,(anonymous_0)
FNDA:7,(anonymous_1)
FNDA:6,(anonymous_2)
FNDA:5,(anonymous_3)
FNDA:5,(anonymous_4)
FNDA:4,(anonymous_5)
FNDA:4,(anonymous_6)
FNDA:1,(anonymous_7)
FNDA:1,(anonymous_8)
FNDA:2,(anonymous_9)
FNDA:10,(anonymous_10)
FNDA:0,(anonymous_11)
DA:8,1
DA:9,1
DA:10,1
DA:11,1
DA:19,1
DA:20,7
DA:21,7
DA:22,7
DA:24,7
DA:25,7
DA:26,6
DA:30,7
DA:31,6
DA:38,7
DA:39,5
DA:44,5
DA:48,7
DA:49,4
DA:52,7
DA:53,4
DA:54,4
DA:55,4
DA:56,4
DA:57,3
DA:58,3
DA:60,3
DA:61,1
DA:62,1
DA:65,2
DA:66,1
DA:68,1
DA:71,1
DA:72,1
DA:77,7
DA:78,1
DA:79,1
DA:82,7
DA:83,1
DA:90,1
DA:93,7
DA:94,2
DA:99,2
DA:102,7
DA:103,10
DA:104,4
DA:105,4
DA:107,6
DA:110,7
DA:112,6
DA:137,0
DA:150,1
LF:51
LH:50
BRDA:25,0,0,6
BRDA:25,0,1,1
BRDA:54,1,0,4
BRDA:54,1,1,0
BRDA:60,2,0,1
BRDA:60,2,1,2
BRDA:65,3,0,1
BRDA:65,3,1,1
BRDA:86,4,0,1
BRDA:86,4,1,0
BRDA:103,5,0,4
BRDA:103,5,1,6
BRDA:110,6,0,1
BRDA:110,6,1,6
BRF:14
BRH:12
end_of_record
TN:
SF:src\components\location\LocationPermissionRequiredModal.tsx
FN:15,(anonymous_0)
FN:21,(anonymous_1)
FN:29,(anonymous_2)
FN:46,(anonymous_3)
FN:58,(anonymous_4)
FNF:5
FNH:5
FNDA:13,(anonymous_0)
FNDA:10,(anonymous_1)
FNDA:6,(anonymous_2)
FNDA:1,(anonymous_3)
FNDA:1,(anonymous_4)
DA:15,1
DA:16,13
DA:17,13
DA:18,13
DA:19,13
DA:21,13
DA:22,10
DA:23,6
DA:24,4
DA:25,1
DA:29,13
DA:30,6
DA:32,6
DA:46,13
DA:47,1
DA:58,1
DA:61,13
DA:63,7
DA:76,1
LF:19
LH:19
BRDA:22,0,0,6
BRDA:22,0,1,4
BRDA:24,1,0,1
BRDA:24,1,1,3
BRDA:24,2,0,4
BRDA:24,2,1,3
BRDA:61,3,0,6
BRDA:61,3,1,7
BRF:8
BRH:8
end_of_record
TN:
SF:src\components\maps\LocalityCluster.tsx
FN:11,(anonymous_0)
FN:12,(anonymous_1)
FN:36,(anonymous_2)
FNF:3
FNH:3
FNDA:5,(anonymous_0)
FNDA:2,(anonymous_1)
FNDA:1,(anonymous_2)
DA:11,1
DA:12,5
DA:13,2
DA:15,2
DA:16,1
DA:20,5
DA:37,1
DA:40,1
LF:8
LH:8
BRDA:15,0,0,1
BRDA:15,0,1,1
BRF:2
BRH:2
end_of_record
TN:
SF:src\components\maps\LocalityMapView.tsx
FN:51,(anonymous_0)
FN:57,(anonymous_1)
FN:65,(anonymous_2)
FN:72,(anonymous_3)
FN:78,(anonymous_4)
FN:83,(anonymous_5)
FN:91,(anonymous_6)
FN:95,(anonymous_7)
FN:113,(anonymous_8)
FN:117,(anonymous_9)
FN:121,(anonymous_10)
FN:130,(anonymous_11)
FN:139,(anonymous_12)
FN:143,(anonymous_13)
FN:144,(anonymous_14)
FN:158,(anonymous_15)
FN:198,(anonymous_16)
FN:203,(anonymous_17)
FN:210,(anonymous_18)
FN:212,(anonymous_19)
FN:214,(anonymous_20)
FN:217,(anonymous_21)
FN:243,(anonymous_22)
FN:303,(anonymous_23)
FN:331,(anonymous_24)
FNF:25
FNH:0
FNDA:0,(anonymous_0)
FNDA:0,(anonymous_1)
FNDA:0,(anonymous_2)
FNDA:0,(anonymous_3)
FNDA:0,(anonymous_4)
FNDA:0,(anonymous_5)
FNDA:0,(anonymous_6)
FNDA:0,(anonymous_7)
FNDA:0,(anonymous_8)
FNDA:0,(anonymous_9)
FNDA:0,(anonymous_10)
FNDA:0,(anonymous_11)
FNDA:0,(anonymous_12)
FNDA:0,(anonymous_13)
FNDA:0,(anonymous_14)
FNDA:0,(anonymous_15)
FNDA:0,(anonymous_16)
FNDA:0,(anonymous_17)
FNDA:0,(anonymous_18)
FNDA:0,(anonymous_19)
FNDA:0,(anonymous_20)
FNDA:0,(anonymous_21)
FNDA:0,(anonymous_22)
FNDA:0,(anonymous_23)
FNDA:0,(anonymous_24)
DA:38,0
DA:39,0
DA:40,0
DA:42,0
DA:44,0
DA:46,0
DA:47,0
DA:49,0
DA:51,0
DA:52,0
DA:53,0
DA:54,0
DA:57,0
DA:58,0
DA:59,0
DA:60,0
DA:62,0
DA:65,0
DA:66,0
DA:72,0
DA:76,0
DA:78,0
DA:79,0
DA:80,0
DA:83,0
DA:84,0
DA:85,0
DA:88,0
DA:91,0
DA:92,0
DA:95,0
DA:96,0
DA:97,0
DA:98,0
DA:100,0
DA:101,0
DA:102,0
DA:108,0
DA:110,0
DA:111,0
DA:113,0
DA:114,0
DA:117,0
DA:118,0
DA:121,0
DA:122,0
DA:123,0
DA:130,0
DA:131,0
DA:132,0
DA:133,0
DA:134,0
DA:135,0
DA:139,0
DA:143,0
DA:145,0
DA:146,0
DA:152,0
DA:153,0
DA:158,0
DA:159,0
DA:160,0
DA:162,0
DA:163,0
DA:170,0
DA:171,0
DA:172,0
DA:174,0
DA:175,0
DA:176,0
DA:177,0
DA:178,0
DA:179,0
DA:181,0
DA:187,0
DA:197,0
DA:198,0
DA:199,0
DA:200,0
DA:202,0
DA:203,0
DA:204,0
DA:205,0
DA:206,0
DA:208,0
DA:211,0
DA:212,0
DA:215,0
DA:218,0
DA:219,0
DA:224,0
DA:227,0
DA:231,0
DA:233,0
DA:244,0
DA:245,0
DA:247,0
DA:249,0
DA:254,0
DA:255,0
DA:259,0
DA:260,0
DA:265,0
DA:266,0
DA:267,0
DA:269,0
DA:272,0
DA:273,0
DA:304,0
DA:305,0
DA:311,0
DA:332,0
DA:344,0
LF:113
LH:0
BRDA:59,0,0,0
BRDA:59,0,1,0
BRDA:59,1,0,0
BRDA:59,1,1,0
BRDA:122,2,0,0
BRDA:122,2,1,0
BRDA:122,3,0,0
BRDA:122,3,1,0
BRDA:131,4,0,0
BRDA:131,4,1,0
BRDA:145,5,0,0
BRDA:145,5,1,0
BRDA:162,6,0,0
BRDA:162,6,1,0
BRDA:181,7,0,0
BRDA:181,7,1,0
BRDA:182,8,0,0
BRDA:182,8,1,0
BRDA:182,8,2,0
BRDA:182,8,3,0
BRDA:202,9,0,0
BRDA:202,9,1,0
BRDA:204,10,0,0
BRDA:204,10,1,0
BRDA:247,11,0,0
BRDA:247,11,1,0
BRDA:249,12,0,0
BRDA:249,12,1,0
BRDA:249,12,2,0
BRDA:249,12,3,0
BRDA:254,13,0,0
BRDA:254,13,1,0
BRDA:265,14,0,0
BRDA:265,14,1,0
BRDA:266,15,0,0
BRDA:266,15,1,0
BRDA:266,15,2,0
BRDA:266,15,3,0
BRDA:266,15,4,0
BRDA:278,16,0,0
BRDA:278,16,1,0
BRDA:302,17,0,0
BRDA:302,17,1,0
BRDA:302,17,2,0
BRDA:332,18,0,0
BRDA:332,18,1,0
BRF:46
BRH:0
end_of_record
TN:
SF:src\components\maps\LocalityMarker.tsx
FN:11,(anonymous_0)
FN:27,(anonymous_1)
FN:54,(anonymous_2)
FNF:3
FNH:3
FNDA:5,(anonymous_0)
FNDA:1,(anonymous_1)
FNDA:1,(anonymous_2)
DA:11,1
DA:12,5
DA:13,5
DA:14,5
DA:16,5
DA:20,5
DA:24,5
DA:28,1
DA:55,1
DA:58,1
LF:10
LH:10
BRDA:14,0,0,1
BRDA:14,0,1,4
BRDA:16,1,0,4
BRDA:16,1,1,1
BRDA:20,2,0,4
BRDA:20,2,1,1
BRDA:45,3,0,5
BRDA:45,3,1,4
BRF:8
BRH:8
end_of_record
TN:
SF:src\components\maps\RadiusSlider.tsx
FN:8,(anonymous_0)
FN:20,(anonymous_1)
FN:49,(anonymous_2)
FN:58,(anonymous_3)
FN:59,(anonymous_4)
FNF:5
FNH:5
FNDA:8,(anonymous_0)
FNDA:4,(anonymous_1)
FNDA:1,(anonymous_2)
FNDA:8,(anonymous_3)
FNDA:8,(anonymous_4)
DA:8,1
DA:9,8
DA:11,8
DA:13,8
DA:14,8
DA:15,8
DA:17,8
DA:18,8
DA:20,8
DA:21,4
DA:34,4
DA:37,8
DA:50,1
DA:51,1
DA:58,8
DA:60,8
DA:71,1
LF:17
LH:17
BRDA:23,0,0,1
BRDA:23,0,1,3
BRDA:28,1,0,1
BRDA:28,1,1,3
BRDA:40,2,0,3
BRDA:40,2,1,5
BRF:6
BRH:6
end_of_record
TN:
SF:src\components\misc\MovingText.tsx
FN:19,(anonymous_0)
FN:25,(anonymous_1)
FN:40,(anonymous_2)
FN:46,(anonymous_3)
FNF:4
FNH:3
FNDA:3,(anonymous_0)
FNDA:3,(anonymous_1)
FNDA:0,(anonymous_2)
FNDA:8,(anonymous_3)
DA:19,1
DA:20,3
DA:21,3
DA:23,3
DA:25,3
DA:26,3
DA:28,0
DA:40,0
DA:41,0
DA:42,0
DA:46,3
DA:47,8
DA:52,3
LF:13
LH:9
BRDA:26,0,0,3
BRDA:26,0,1,0
BRDA:58,1,0,3
BRDA:58,1,1,0
BRF:4
BRH:2
end_of_record
TN:
SF:src\components\player\FloatingPlayer.tsx
FN:19,(anonymous_0)
FN:27,(anonymous_1)
FN:40,(anonymous_2)
FN:56,(anonymous_3)
FN:75,(anonymous_4)
FN:119,(anonymous_5)
FNF:6
FNH:6
FNDA:12,(anonymous_0)
FNDA:9,(anonymous_1)
FNDA:3,(anonymous_2)
FNDA:1,(anonymous_3)
FNDA:2,(anonymous_4)
FNDA:1,(anonymous_5)
DA:19,1
DA:20,12
DA:21,12
DA:22,12
DA:23,12
DA:25,12
DA:27,12
DA:28,9
DA:29,6
DA:30,6
DA:36,3
DA:41,3
DA:46,12
DA:51,12
DA:56,12
DA:57,1
DA:58,1
DA:67,12
DA:76,2
DA:77,2
DA:78,2
DA:119,1
DA:164,1
LF:23
LH:23
BRDA:25,0,0,6
BRDA:25,0,1,6
BRDA:28,1,0,6
BRDA:28,1,1,3
BRDA:57,2,0,0
BRDA:57,2,1,1
BRDA:69,3,0,12
BRDA:69,3,1,6
BRDA:69,3,2,12
BRDA:81,4,0,10
BRDA:81,4,1,2
BRDA:90,5,0,12
BRDA:90,5,1,6
BRDA:104,6,0,6
BRDA:104,6,1,0
BRDA:126,7,0,6
BRDA:126,7,1,0
BRDA:126,7,2,0
BRDA:135,8,0,6
BRDA:135,8,1,0
BRDA:142,9,0,6
BRDA:142,9,1,0
BRF:22
BRH:16
end_of_record
TN:
SF:src\components\player\PlayerControls.tsx
FN:16,(anonymous_0)
FN:30,(anonymous_1)
FN:44,(anonymous_2)
FN:54,(anonymous_3)
FN:64,(anonymous_4)
FN:74,(anonymous_5)
FN:81,(anonymous_6)
FN:101,(anonymous_7)
FN:111,(anonymous_8)
FNF:9
FNH:9
FNDA:2,(anonymous_0)
FNDA:2,(anonymous_1)
FNDA:12,(anonymous_2)
FNDA:5,(anonymous_3)
FNDA:5,(anonymous_4)
FNDA:4,(anonymous_5)
FNDA:1,(anonymous_6)
FNDA:5,(anonymous_7)
FNDA:5,(anonymous_8)
DA:16,2
DA:17,2
DA:30,2
DA:31,2
DA:44,2
DA:45,12
DA:47,12
DA:54,2
DA:55,5
DA:57,5
DA:64,2
DA:65,5
DA:67,5
DA:74,2
DA:75,4
DA:76,4
DA:78,4
DA:80,3
DA:82,1
DA:101,2
DA:102,5
DA:104,5
DA:111,2
DA:112,5
DA:114,5
DA:121,2
LF:26
LH:26
BRDA:44,0,0,6
BRDA:48,1,0,2
BRDA:48,1,1,10
BRDA:49,2,0,2
BRDA:49,2,1,10
BRDA:54,3,0,5
BRDA:58,4,0,4
BRDA:58,4,1,1
BRDA:64,5,0,5
BRDA:68,6,0,4
BRDA:68,6,1,1
BRDA:78,7,0,1
BRDA:78,7,1,3
BRDA:101,8,0,5
BRDA:105,9,0,4
BRDA:105,9,1,1
BRDA:111,10,0,5
BRDA:115,11,0,4
BRDA:115,11,1,1
BRF:19
BRH:19
end_of_record
TN:
SF:src\components\player\PlayerProgressBar.tsx
FN:12,(anonymous_0)
FN:19,(anonymous_1)
FN:26,(anonymous_2)
FN:43,(anonymous_3)
FN:53,(anonymous_4)
FN:58,(anonymous_5)
FN:61,(anonymous_6)
FN:62,(anonymous_7)
FNF:8
FNH:8
FNDA:13,(anonymous_0)
FNDA:19,(anonymous_1)
FNDA:26,(anonymous_2)
FNDA:19,(anonymous_3)
FNDA:6,(anonymous_4)
FNDA:1,(anonymous_5)
FNDA:1,(anonymous_6)
FNDA:1,(anonymous_7)
DA:12,2
DA:13,13
DA:15,13
DA:16,13
DA:17,13
DA:19,13
DA:20,19
DA:21,1
DA:23,18
DA:26,13
DA:27,26
DA:28,26
DA:30,26
DA:31,26
DA:33,26
DA:36,13
DA:37,13
DA:39,13
DA:43,19
DA:53,6
DA:59,1
DA:61,1
DA:63,1
DA:65,1
DA:66,1
DA:81,2
LF:26
LH:26
BRDA:12,0,0,6
BRDA:20,1,0,1
BRDA:20,1,1,18
BRDA:20,2,0,19
BRDA:20,2,1,19
BRDA:41,3,0,7
BRDA:41,3,1,6
BRDA:63,4,0,0
BRDA:63,4,1,1
BRF:9
BRH:8
end_of_record
TN:
SF:src\components\player\PlayerVolumeBar.tsx
FN:9,(anonymous_0)
FN:12,(anonymous_1)
FN:26,(anonymous_2)
FN:29,(anonymous_3)
FNF:4
FNH:4
FNDA:4,(anonymous_0)
FNDA:4,(anonymous_1)
FNDA:1,(anonymous_2)
FNDA:4,(anonymous_3)
DA:9,1
DA:10,4
DA:12,4
DA:13,4
DA:14,4
DA:16,4
DA:27,1
DA:29,4
LF:8
LH:8
BRDA:12,0,0,4
BRDA:12,0,1,1
BRF:2
BRH:2
end_of_record
TN:
SF:src\components\tracks\SearchTracksModal.tsx
FN:35,(anonymous_0)
FN:48,(anonymous_1)
FN:62,(anonymous_2)
FN:71,(anonymous_3)
FN:85,(anonymous_4)
FN:92,(anonymous_5)
FN:97,(anonymous_6)
FN:106,(anonymous_7)
FN:118,(anonymous_8)
FN:126,(anonymous_9)
FN:141,(anonymous_10)
FN:153,(anonymous_11)
FN:211,(anonymous_12)
FN:212,(anonymous_13)
FN:236,(anonymous_14)
FN:252,(anonymous_15)
FNF:16
FNH:16
FNDA:34,(anonymous_0)
FNDA:8,(anonymous_1)
FNDA:6,(anonymous_2)
FNDA:3,(anonymous_3)
FNDA:10,(anonymous_4)
FNDA:2,(anonymous_5)
FNDA:8,(anonymous_6)
FNDA:19,(anonymous_7)
FNDA:10,(anonymous_8)
FNDA:8,(anonymous_9)
FNDA:2,(anonymous_10)
FNDA:2,(anonymous_11)
FNDA:8,(anonymous_12)
FNDA:8,(anonymous_13)
FNDA:3,(anonymous_14)
FNDA:1,(anonymous_15)
DA:35,1
DA:36,34
DA:38,34
DA:39,34
DA:40,34
DA:41,34
DA:42,34
DA:43,34
DA:45,34
DA:46,34
DA:48,34
DA:49,8
DA:51,8
DA:52,8
DA:54,8
DA:55,8
DA:60,7
DA:62,6
DA:63,6
DA:64,6
DA:66,2
DA:68,6
DA:71,34
DA:72,3
DA:74,3
DA:76,3
DA:77,3
DA:78,2
DA:79,2
DA:81,1
DA:85,34
DA:86,10
DA:87,10
DA:88,10
DA:89,10
DA:92,34
DA:93,2
DA:94,2
DA:97,34
DA:98,8
DA:99,8
DA:101,8
DA:102,1
DA:106,34
DA:107,19
DA:108,7
DA:112,34
DA:113,34
DA:115,34
DA:116,34
DA:118,34
DA:119,10
DA:120,8
DA:122,2
DA:126,34
DA:127,8
DA:141,34
DA:142,2
DA:154,2
DA:155,2
DA:156,2
DA:160,34
DA:162,32
DA:211,8
DA:213,8
DA:236,3
DA:253,1
DA:254,1
DA:265,1
LF:69
LH:69
BRDA:49,0,0,0
BRDA:49,0,1,8
BRDA:52,1,0,8
BRDA:52,1,1,0
BRDA:86,2,0,3
BRDA:86,2,1,7
BRDA:101,3,0,1
BRDA:101,3,1,7
BRDA:107,4,0,7
BRDA:107,4,1,12
BRDA:119,5,0,8
BRDA:119,5,1,2
BRDA:119,6,0,10
BRDA:119,6,1,9
BRDA:160,7,0,2
BRDA:160,7,1,32
BRDA:160,8,0,34
BRDA:160,8,1,33
BRDA:182,9,0,32
BRDA:182,9,1,22
BRDA:200,10,0,7
BRDA:200,10,1,25
BRDA:215,11,0,8
BRDA:215,11,1,0
BRDA:215,11,2,0
BRDA:227,12,0,1
BRDA:227,12,1,7
BRDA:229,13,0,0
BRDA:229,13,1,7
BRDA:247,14,0,0
BRDA:247,14,1,32
BRDA:247,15,0,32
BRDA:247,15,1,7
BRDA:251,16,0,8
BRDA:251,16,1,24
BRDA:253,17,0,1
BRDA:253,17,1,0
BRDA:253,18,0,1
BRDA:253,18,1,1
BRF:39
BRH:32
end_of_record
TN:
SF:src\components\user\UserSidebar.tsx
FN:15,(anonymous_0)
FN:26,(anonymous_1)
FN:32,(anonymous_2)
FN:47,(anonymous_3)
FN:61,(anonymous_4)
FN:66,(anonymous_5)
FN:70,(anonymous_6)
FN:84,(anonymous_7)
FN:95,(anonymous_8)
FN:159,(anonymous_9)
FN:203,(anonymous_10)
FNF:11
FNH:11
FNDA:23,(anonymous_0)
FNDA:15,(anonymous_1)
FNDA:14,(anonymous_2)
FNDA:1,(anonymous_3)
FNDA:1,(anonymous_4)
FNDA:1,(anonymous_5)
FNDA:2,(anonymous_6)
FNDA:2,(anonymous_7)
FNDA:2,(anonymous_8)
FNDA:2,(anonymous_9)
FNDA:2,(anonymous_10)
DA:15,1
DA:16,23
DA:17,23
DA:18,23
DA:19,23
DA:20,23
DA:22,23
DA:23,23
DA:24,23
DA:26,23
DA:27,15
DA:28,14
DA:32,23
DA:33,14
DA:47,23
DA:48,1
DA:50,1
DA:62,1
DA:66,23
DA:67,1
DA:70,23
DA:71,2
DA:72,2
DA:74,2
DA:75,2
DA:78,2
DA:79,2
DA:80,2
DA:81,2
DA:84,23
DA:85,2
DA:86,2
DA:87,2
DA:88,2
DA:89,1
DA:91,2
DA:92,2
DA:95,23
DA:96,2
DA:97,2
DA:99,2
DA:100,2
DA:101,1
DA:103,2
DA:104,2
DA:107,23
DA:109,22
DA:159,2
DA:203,2
DA:209,1
LF:50
LH:50
BRDA:27,0,0,14
BRDA:27,0,1,1
BRDA:48,1,0,0
BRDA:48,1,1,1
BRDA:107,2,0,1
BRDA:107,2,1,22
BRDA:119,3,0,17
BRDA:119,3,1,5
BRDA:137,4,0,17
BRDA:137,4,1,5
BRDA:139,5,0,17
BRDA:139,5,1,12
BRDA:141,6,0,5
BRDA:141,6,1,7
BRDA:149,7,0,0
BRDA:149,7,1,5
BRDA:149,8,0,5
BRDA:149,8,1,0
BRDA:163,9,0,0
BRDA:163,9,1,7
BRDA:163,10,0,7
BRDA:163,10,1,0
BRDA:180,11,0,0
BRDA:180,11,1,17
BRDA:180,12,0,17
BRDA:180,12,1,0
BRF:26
BRH:19
end_of_record
TN:
SF:src\context\AuthContext.tsx
FN:22,(anonymous_0)
FN:30,(anonymous_1)
FN:32,(anonymous_2)
FN:33,(anonymous_3)
FN:45,(anonymous_4)
FN:53,(anonymous_5)
FN:59,(anonymous_6)
FN:74,(anonymous_7)
FN:81,(anonymous_8)
FN:100,(anonymous_9)
FN:101,(anonymous_10)
FN:106,(anonymous_11)
FNF:12
FNH:12
FNDA:42,(anonymous_0)
FNDA:24,(anonymous_1)
FNDA:11,(anonymous_2)
FNDA:11,(anonymous_3)
FNDA:24,(anonymous_4)
FNDA:10,(anonymous_5)
FNDA:10,(anonymous_6)
FNDA:1,(anonymous_7)
FNDA:1,(anonymous_8)
FNDA:1,(anonymous_9)
FNDA:1,(anonymous_10)
FNDA:32,(anonymous_11)
DA:20,1
DA:22,1
DA:23,42
DA:24,42
DA:25,42
DA:26,42
DA:27,42
DA:29,42
DA:30,42
DA:32,42
DA:33,11
DA:34,11
DA:35,11
DA:36,11
DA:37,2
DA:38,2
DA:40,11
DA:42,11
DA:45,42
DA:46,24
DA:47,1
DA:49,23
DA:53,42
DA:54,10
DA:55,1
DA:56,1
DA:59,10
DA:60,10
DA:68,10
DA:70,10
DA:74,42
DA:75,1
DA:76,1
DA:77,1
DA:78,1
DA:81,42
DA:82,1
DA:85,42
DA:100,1
DA:101,1
DA:106,1
DA:107,32
DA:108,32
DA:109,2
DA:111,30
LF:45
LH:45
BRDA:30,0,0,24
BRDA:30,0,1,12
BRDA:36,1,0,2
BRDA:36,1,1,9
BRDA:36,2,0,11
BRDA:36,2,1,2
BRDA:46,3,0,1
BRDA:46,3,1,23
BRDA:46,4,0,24
BRDA:46,4,1,1
BRDA:54,5,0,1
BRDA:54,5,1,9
BRDA:61,6,0,7
BRDA:61,6,1,3
BRDA:61,7,0,3
BRDA:61,7,1,1
BRDA:62,8,0,9
BRDA:62,8,1,1
BRDA:62,9,0,1
BRDA:62,9,1,0
BRDA:63,10,0,9
BRDA:63,10,1,1
BRDA:63,11,0,1
BRDA:63,11,1,0
BRDA:64,12,0,7
BRDA:64,12,1,3
BRDA:64,13,0,3
BRDA:64,13,1,1
BRDA:65,14,0,7
BRDA:65,14,1,3
BRDA:65,15,0,3
BRDA:65,15,1,3
BRDA:108,16,0,2
BRDA:108,16,1,30
BRF:34
BRH:32
end_of_record
TN:
SF:src\context\LocationContext.tsx
FN:15,(anonymous_0)
FN:19,(anonymous_1)
FN:30,(anonymous_2)
FN:35,(anonymous_3)
FN:38,(anonymous_4)
FN:44,(anonymous_5)
FN:57,(anonymous_6)
FNF:7
FNH:7
FNDA:16,(anonymous_0)
FNDA:8,(anonymous_1)
FNDA:1,(anonymous_2)
FNDA:7,(anonymous_3)
FNDA:1,(anonymous_4)
FNDA:7,(anonymous_5)
FNDA:15,(anonymous_6)
DA:13,1
DA:15,1
DA:16,16
DA:17,16
DA:19,16
DA:20,8
DA:21,8
DA:23,8
DA:25,8
DA:26,6
DA:28,6
DA:30,1
DA:35,16
DA:36,7
DA:38,7
DA:39,1
DA:40,1
DA:44,7
DA:47,16
DA:57,1
DA:58,15
DA:59,15
DA:60,2
DA:62,13
LF:24
LH:24
BRDA:25,0,0,6
BRDA:25,0,1,2
BRDA:39,1,0,1
BRDA:39,1,1,0
BRDA:59,2,0,2
BRDA:59,2,1,13
BRF:6
BRH:5
end_of_record
TN:
SF:src\context\PlayerContext.tsx
FN:51,(anonymous_0)
FN:57,(anonymous_1)
FN:58,(anonymous_2)
FN:59,(anonymous_3)
FN:68,(anonymous_4)
FN:76,(anonymous_5)
FN:81,(anonymous_6)
FN:89,(anonymous_7)
FN:110,(anonymous_8)
FN:114,(anonymous_9)
FN:119,(anonymous_10)
FN:129,(anonymous_11)
FN:154,(anonymous_12)
FN:191,(anonymous_13)
FN:227,(anonymous_14)
FN:268,(anonymous_15)
FN:286,(anonymous_16)
FN:298,(anonymous_17)
FN:313,(anonymous_18)
FN:321,(anonymous_19)
FN:325,(anonymous_20)
FN:336,(anonymous_21)
FN:342,(anonymous_22)
FN:347,(anonymous_23)
FN:353,(anonymous_24)
FN:382,(anonymous_25)
FN:416,(anonymous_26)
FN:442,(anonymous_27)
FN:471,(anonymous_28)
FN:481,(anonymous_29)
FN:496,(anonymous_30)
FN:510,(anonymous_31)
FN:526,(anonymous_32)
FN:529,(anonymous_33)
FN:536,(anonymous_34)
FN:548,(anonymous_35)
FN:553,(anonymous_36)
FN:560,(anonymous_37)
FN:561,(anonymous_38)
FN:579,(anonymous_39)
FN:615,(anonymous_40)
FNF:41
FNH:40
FNDA:2,(anonymous_0)
FNDA:35,(anonymous_1)
FNDA:67,(anonymous_2)
FNDA:97,(anonymous_3)
FNDA:23,(anonymous_4)
FNDA:34,(anonymous_5)
FNDA:2,(anonymous_6)
FNDA:110,(anonymous_7)
FNDA:126,(anonymous_8)
FNDA:40,(anonymous_9)
FNDA:40,(anonymous_10)
FNDA:37,(anonymous_11)
FNDA:1,(anonymous_12)
FNDA:2,(anonymous_13)
FNDA:1,(anonymous_14)
FNDA:32,(anonymous_15)
FNDA:2,(anonymous_16)
FNDA:0,(anonymous_17)
FNDA:34,(anonymous_18)
FNDA:3,(anonymous_19)
FNDA:1,(anonymous_20)
FNDA:2,(anonymous_21)
FNDA:1,(anonymous_22)
FNDA:1,(anonymous_23)
FNDA:11,(anonymous_24)
FNDA:4,(anonymous_25)
FNDA:8,(anonymous_26)
FNDA:3,(anonymous_27)
FNDA:3,(anonymous_28)
FNDA:3,(anonymous_29)
FNDA:3,(anonymous_30)
FNDA:1,(anonymous_31)
FNDA:39,(anonymous_32)
FNDA:5,(anonymous_33)
FNDA:5,(anonymous_34)
FNDA:5,(anonymous_35)
FNDA:75,(anonymous_36)
FNDA:34,(anonymous_37)
FNDA:34,(anonymous_38)
FNDA:34,(anonymous_39)
FNDA:107,(anonymous_40)
DA:49,1
DA:51,1
DA:52,2
DA:53,2
DA:54,2
DA:57,1
DA:58,35
DA:59,97
DA:68,1
DA:69,23
DA:70,23
DA:71,11
DA:73,23
DA:76,1
DA:77,34
DA:79,3
DA:80,3
DA:81,2
DA:83,3
DA:86,1
DA:89,1
DA:90,110
DA:91,110
DA:92,110
DA:93,110
DA:95,110
DA:96,110
DA:97,110
DA:98,110
DA:99,110
DA:100,110
DA:102,110
DA:103,110
DA:104,110
DA:105,110
DA:107,110
DA:108,110
DA:110,126
DA:111,110
DA:112,110
DA:114,110
DA:115,40
DA:116,40
DA:119,110
DA:120,40
DA:121,40
DA:122,40
DA:123,40
DA:124,40
DA:125,40
DA:126,40
DA:129,110
DA:130,37
DA:131,37
DA:132,37
DA:134,37
DA:135,36
DA:137,36
DA:138,0
DA:139,0
DA:142,36
DA:143,2
DA:145,2
DA:151,2
DA:153,2
DA:154,2
DA:156,2
DA:157,1
DA:158,1
DA:161,1
DA:162,1
DA:163,0
DA:167,1
DA:168,1
DA:169,1
DA:171,1
DA:174,34
DA:179,34
DA:180,2
DA:182,2
DA:183,2
DA:185,2
DA:186,2
DA:188,2
DA:190,2
DA:191,2
DA:193,2
DA:194,1
DA:195,1
DA:197,1
DA:198,0
DA:201,1
DA:202,0
DA:204,1
DA:205,0
DA:208,1
DA:209,1
DA:210,1
DA:211,1
DA:215,33
DA:216,2
DA:218,2
DA:224,2
DA:226,2
DA:227,2
DA:229,2
DA:230,1
DA:231,0
DA:235,2
DA:236,2
DA:238,2
DA:239,2
DA:240,2
DA:241,2
DA:244,31
DA:245,31
DA:247,31
DA:248,31
DA:249,31
DA:250,31
DA:251,31
DA:252,31
DA:254,31
DA:255,31
DA:256,31
DA:257,31
DA:260,0
DA:262,1
DA:263,1
DA:264,1
DA:268,110
DA:269,32
DA:270,32
DA:272,32
DA:273,32
DA:274,32
DA:275,1
DA:276,1
DA:281,1
DA:284,31
DA:286,31
DA:287,2
DA:292,0
DA:293,0
DA:298,0
DA:299,0
DA:300,0
DA:301,0
DA:313,110
DA:314,34
DA:315,2
DA:317,32
DA:321,110
DA:322,3
DA:323,3
DA:324,3
DA:325,3
DA:326,1
DA:327,1
DA:332,1
DA:336,110
DA:337,2
DA:338,2
DA:339,2
DA:342,110
DA:343,1
DA:344,1
DA:347,110
DA:348,1
DA:349,1
DA:350,1
DA:353,110
DA:354,11
DA:355,11
DA:356,11
DA:357,11
DA:359,11
DA:360,7
DA:361,7
DA:362,7
DA:363,6
DA:364,4
DA:365,3
DA:367,1
DA:368,1
DA:369,1
DA:372,1
DA:373,1
DA:378,1
DA:382,110
DA:383,4
DA:384,4
DA:385,4
DA:386,1
DA:387,1
DA:388,1
DA:389,1
DA:390,3
DA:391,1
DA:392,1
DA:393,1
DA:394,1
DA:395,1
DA:396,1
DA:398,2
DA:399,2
DA:400,2
DA:401,2
DA:402,1
DA:403,1
DA:406,1
DA:407,1
DA:412,1
DA:416,110
DA:417,8
DA:418,8
DA:419,8
DA:420,7
DA:421,7
DA:422,7
DA:423,6
DA:424,6
DA:426,1
DA:427,1
DA:428,1
DA:429,1
DA:432,1
DA:433,1
DA:438,1
DA:442,110
DA:443,3
DA:444,3
DA:445,3
DA:446,1
DA:447,1
DA:448,1
DA:449,1
DA:450,1
DA:452,2
DA:453,2
DA:454,2
DA:455,2
DA:456,2
DA:457,1
DA:458,1
DA:461,1
DA:462,1
DA:467,1
DA:471,110
DA:472,3
DA:474,3
DA:475,3
DA:477,3
DA:478,3
DA:479,3
DA:481,3
DA:483,3
DA:486,3
DA:488,3
DA:489,1
DA:490,1
DA:493,3
DA:494,4
DA:495,2
DA:496,3
DA:498,2
DA:499,2
DA:500,2
DA:501,2
DA:506,1
DA:510,110
DA:511,1
DA:513,1
DA:515,1
DA:516,1
DA:517,1
DA:522,1
DA:526,110
DA:527,39
DA:529,5
DA:530,5
DA:531,5
DA:536,5
DA:537,5
DA:538,5
DA:539,1
DA:548,5
DA:549,5
DA:553,110
DA:554,75
DA:555,1
DA:556,1
DA:560,110
DA:561,34
DA:562,34
DA:563,34
DA:564,33
DA:566,1
DA:567,1
DA:574,1
DA:577,34
DA:579,34
DA:580,34
DA:581,30
DA:586,110
DA:615,1
DA:616,107
DA:617,107
DA:618,107
LF:309
LH:295
BRDA:77,0,0,31
BRDA:77,0,1,3
BRDA:83,1,0,2
BRDA:83,1,1,1
BRDA:107,2,0,110
BRDA:107,2,1,45
BRDA:108,3,0,110
BRDA:108,3,1,45
BRDA:115,4,0,38
BRDA:115,4,1,2
BRDA:116,5,0,3
BRDA:116,5,1,37
BRDA:137,6,0,0
BRDA:137,6,1,36
BRDA:142,7,0,2
BRDA:142,7,1,34
BRDA:142,8,0,36
BRDA:142,8,1,2
BRDA:142,8,2,2
BRDA:156,9,0,1
BRDA:156,9,1,1
BRDA:162,10,0,0
BRDA:162,10,1,1
BRDA:179,11,0,2
BRDA:179,11,1,32
BRDA:179,12,0,34
BRDA:179,12,1,3
BRDA:193,13,0,1
BRDA:193,13,1,1
BRDA:201,14,0,0
BRDA:201,14,1,1
BRDA:204,15,0,0
BRDA:204,15,1,1
BRDA:215,16,0,2
BRDA:215,16,1,31
BRDA:215,17,0,33
BRDA:215,17,1,2
BRDA:230,18,0,0
BRDA:230,18,1,1
BRDA:244,19,0,31
BRDA:244,19,1,0
BRDA:269,20,0,32
BRDA:269,20,1,0
BRDA:269,21,0,32
BRDA:269,21,1,32
BRDA:274,22,0,1
BRDA:274,22,1,31
BRDA:287,23,0,0
BRDA:287,23,1,2
BRDA:288,24,0,2
BRDA:288,24,1,2
BRDA:288,24,2,2
BRDA:300,25,0,0
BRDA:300,25,1,0
BRDA:314,26,0,2
BRDA:314,26,1,32
BRDA:324,27,0,1
BRDA:324,27,1,2
BRDA:339,28,0,2
BRDA:339,28,1,0
BRDA:357,29,0,0
BRDA:357,29,1,11
BRDA:359,30,0,7
BRDA:359,30,1,4
BRDA:364,31,0,3
BRDA:364,31,1,1
BRDA:385,32,0,1
BRDA:385,32,1,3
BRDA:390,33,0,1
BRDA:390,33,1,2
BRDA:419,34,0,7
BRDA:419,34,1,1
BRDA:445,35,0,1
BRDA:445,35,1,2
BRDA:472,36,0,0
BRDA:472,36,1,3
BRDA:472,37,0,3
BRDA:472,37,1,3
BRDA:475,38,0,0
BRDA:475,38,1,3
BRDA:483,39,0,3
BRDA:483,39,1,3
BRDA:488,40,0,1
BRDA:488,40,1,2
BRDA:494,41,0,2
BRDA:494,41,1,2
BRDA:498,42,0,2
BRDA:498,42,1,0
BRDA:511,43,0,0
BRDA:511,43,1,1
BRDA:513,44,0,1
BRDA:513,44,1,1
BRDA:515,45,0,1
BRDA:515,45,1,0
BRDA:527,46,0,34
BRDA:527,46,1,5
BRDA:527,47,0,39
BRDA:527,47,1,5
BRDA:538,48,0,1
BRDA:538,48,1,4
BRDA:554,49,0,1
BRDA:554,49,1,74
BRDA:554,50,0,75
BRDA:554,50,1,2
BRDA:580,51,0,30
BRDA:580,51,1,4
BRDA:617,52,0,0
BRDA:617,52,1,107
BRF:108
BRH:90
end_of_record
TN:
SF:src\context\UserSidebarContext.tsx
FN:11,(anonymous_0)
FN:14,(anonymous_1)
FN:17,(anonymous_2)
FN:18,(anonymous_3)
FN:29,(anonymous_4)
FN:34,(anonymous_5)
FNF:6
FNH:6
FNDA:9,(anonymous_0)
FNDA:3,(anonymous_1)
FNDA:9,(anonymous_2)
FNDA:1,(anonymous_3)
FNDA:1,(anonymous_4)
FNDA:9,(anonymous_5)
DA:9,1
DA:11,1
DA:12,9
DA:14,9
DA:16,9
DA:18,9
DA:19,1
DA:24,9
DA:29,1
DA:34,1
DA:35,9
DA:36,9
DA:37,2
DA:39,7
LF:14
LH:14
BRDA:36,0,0,2
BRDA:36,0,1,7
BRF:2
BRH:2
end_of_record
TN:
SF:src\utils\errorUtils.ts
FN:1,(anonymous_0)
FN:3,(anonymous_1)
FN:7,(anonymous_2)
FNF:3
FNH:3
FNDA:8,(anonymous_0)
FNDA:3,(anonymous_1)
FNDA:3,(anonymous_2)
DA:1,2
DA:2,8
DA:3,3
DA:4,3
DA:5,3
DA:7,3
DA:8,3
DA:9,3
DA:11,5
DA:12,2
DA:14,3
LF:11
LH:11
BRDA:2,0,0,3
BRDA:2,0,1,5
BRDA:11,1,0,2
BRDA:11,1,1,3
BRF:4
BRH:4
end_of_record
